================================================================================
SharePoint Permission Analyzer - Log skanowania
Data:    2025-06-15 09:00:00
Serwer:  SPSERVER01
Uzytkownik: CONTOSO\sp-farm-admin
================================================================================
[2025-06-15 09:00:01.234] [Info] ============================================================
[2025-06-15 09:00:01.235] [Info] SharePoint Permission Analyzer v1.0 - Sesja: A1B2C3D4
[2025-06-15 09:00:01.236] [Info] Poczatek skanowania: 2025-06-15 09:00:01
[2025-06-15 09:00:01.237] [Info] Konfiguracja: C:\SP-Analyzer\PowerShell\Config\ScanConfig.json
[2025-06-15 09:00:01.238] [Info] ============================================================
[2025-06-15 09:00:01.512] [Info] Weryfikacja uprawnien Farm Admin: OK
[2025-06-15 09:00:02.001] [Info] Farma: CONTOSO SharePoint Farm, Build: 16.0.10396.12000
[2025-06-15 09:00:02.045] [Info] Znaleziono 2 Web Application(s)
[2025-06-15 09:00:02.046] [Info] [1/2] Przetwarzam WebApp: http://portal.contoso.com
[2025-06-15 09:00:02.100] [Info] Skanowanie Web Application: http://portal.contoso.com
[2025-06-15 09:00:02.150] [Info] Skanowanie Site Collections w http://portal.contoso.com (SC: 6)
[2025-06-15 09:00:02.200] [Info]  Skanowanie Site Collection: http://portal.contoso.com/sites/hr
[2025-06-15 09:00:02.350] [Verbose]  Skanowanie Webs w SC: http://portal.contoso.com/sites/hr
[2025-06-15 09:00:02.400] [Info]   Skanowanie Web: http://portal.contoso.com/sites/hr
[2025-06-15 09:00:02.450] [Verbose]   Skanowanie list w: http://portal.contoso.com/sites/hr (Lists: 12)
[2025-06-15 09:00:02.500] [Verbose]   Pomijanie ukrytej listy: User Information List (00000000-0000-0000-0000-000000000000)
[2025-06-15 09:00:02.501] [Verbose]   Pomijanie listy systemowej: Web Part Gallery (00000001-0000-0000-0000-000000000000)
[2025-06-15 09:00:03.100] [Verbose]   Skanowanie elementow listy: Dokumenty kadrowe (ItemCount: 84)
[2025-06-15 09:00:03.200] [Verbose]     Elementow do przetworzenia: 84
[2025-06-15 09:00:04.500] [Info]  Skanowanie Site Collection: http://portal.contoso.com/sites/it
[2025-06-15 09:00:04.600] [Info]   Skanowanie Web: http://portal.contoso.com/sites/it
[2025-06-15 09:00:04.700] [Info]   Skanowanie Web: http://portal.contoso.com/sites/it/projekty
[2025-06-15 09:00:08.900] [Info]  Skanowanie Site Collection: http://portal.contoso.com/sites/finanse
[2025-06-15 09:00:09.000] [Verbose]  Rozwiazano grupe 'CONTOSO\Finance-Managers' -> 12 uzytkownikow (glebokosc: 0)
[2025-06-15 09:00:09.001] [Verbose]  Rozwiazano grupe 'CONTOSO\Finance-Analysts' -> 8 uzytkownikow (glebokosc: 0)
[2025-06-15 09:00:12.000] [Warning] Blad ekspansji grupy 'CONTOSO\Legacy-Archive-Group': Group not found in AD
[2025-06-15 09:00:12.001] [Warning] Nie mozna wyciagnac sAMAccountName z LoginName: CONTOSO\Legacy-Archive-Group
[2025-06-15 09:00:25.000] [Info] [2/2] Przetwarzam WebApp: http://intranet.contoso.com
[2025-06-15 09:00:25.050] [Info] Skanowanie Web Application: http://intranet.contoso.com
[2025-06-15 09:00:25.100] [Info] Skanowanie Site Collections w http://intranet.contoso.com (SC: 2)
[2025-06-15 09:45:18.000] [Info] Skanowanie zakonczone. Czas: 00:45:17. Obiektow: 5353. Przypizan: 318
[2025-06-15 09:45:18.100] [Info] Laczna liczba obiektow: 5353
[2025-06-15 09:45:18.200] [Info] Statystyki: WebApps=2, SC=8, Webs=23, Lists=187, Items=4821
[2025-06-15 09:45:19.000] [Info] Eksport JSON: C:\SP-Analyzer\Output\PermissionReport_2025-06-15_09-00-00.json
[2025-06-15 09:45:20.000] [Info] Eksport CSV: C:\SP-Analyzer\Output\PermissionReport_2025-06-15_09-00-00.csv
[2025-06-15 09:45:22.000] [Info] Raport HTML: C:\SP-Analyzer\Output\Report_2025-06-15_09-00-00\index.html
[2025-06-15 09:45:22.100] [Info] Sesja A1B2C3D4 zakonczona. Bledy: 0
