================================================================================
SharePoint Permission Analyzer - Log skanowania
Data:    2026-04-17 07:46:12
Serwer:  MOSSWFESE
Uzytkownik: TEST\lab.m.radziszewski
================================================================================
[2026-04-17 07:46:12.237] [Info] ============================================================
[2026-04-17 07:46:12.268] [Info] SharePoint Permission Analyzer v1.0 - Sesja: 5ECC72CD
[2026-04-17 07:46:12.268] [Info] Poczatek skanowania: 2026-04-17 07:46:12
[2026-04-17 07:46:12.284] [Info] Konfiguracja: E:\AdminData\Analizator uprawnień\Analizator uprawnień\PowerShell\Config\ScanConfig.json
[2026-04-17 07:46:12.284] [Info] ============================================================
[2026-04-17 07:46:18.464] [Info] Weryfikacja uprawnien Farm Admin: OK
[2026-04-17 07:46:18.862] [Info] Farma: SharePoint_Config, Build: 16.0.19127.20338
[2026-04-17 07:46:18.906] [Info] Znaleziono 3 Web Application(s)
[2026-04-17 07:46:21.855] [Info]   WebApp[1] 'SharePoint - osobiste.test.pl' Url='' Type='SPWebApplication'
[2026-04-17 07:46:21.936] [Info] [1/3] Przetwarzam WebApp: https://osobiste.test.pl
[2026-04-17 07:46:22.015] [Info] Skanowanie Web Application: https://osobiste.test.pl
[2026-04-17 07:46:22.206] [Info] Skanowanie Site Collections w https://osobiste.test.pl (SC: 4)
[2026-04-17 07:46:24.456] [Info]  Skanowanie Site Collection: https://osobiste.test.pl
[2026-04-17 07:46:27.223] [Info]   Skanowanie Web: https://osobiste.test.pl
[2026-04-17 07:47:20.287] [Info]  Skanowanie Site Collection: https://osobiste.test.pl/personal/lab_m_radziszewski
[2026-04-17 07:47:20.318] [Info]   Skanowanie Web: https://osobiste.test.pl/personal/lab_m_radziszewski
[2026-04-17 07:47:22.396] [Info]  Skanowanie Site Collection: https://osobiste.test.pl/personal/sp_search
[2026-04-17 07:47:22.475] [Error] Blad skanowania SC https://osobiste.test.pl/personal/sp_search: The following exception occurred while trying to enumerate the collection: "Access is denied. (Exception from HRESULT: 0x80070005 (E_ACCESSDENIED))".
[2026-04-17 07:47:22.662] [Info]  Skanowanie Site Collection: https://sitemaster-fd6313d0-aba0-4722-a4a4-d4f8afafe96c
[2026-04-17 07:47:22.756] [Error] Blad skanowania SC https://sitemaster-fd6313d0-aba0-4722-a4a4-d4f8afafe96c: The following exception occurred while trying to enumerate the collection: "Access is denied. (Exception from HRESULT: 0x80070005 (E_ACCESSDENIED))".
[2026-04-17 07:47:22.834] [Info]   WebApp[2] 'SharePoint - portalse.test.pl' Url='' Type='SPWebApplication'
[2026-04-17 07:47:22.849] [Info] [2/3] Przetwarzam WebApp: https://portalse.test.pl
[2026-04-17 07:47:22.865] [Info] Skanowanie Web Application: https://portalse.test.pl
[2026-04-17 07:47:22.881] [Info] Skanowanie Site Collections w https://portalse.test.pl (SC: 1)
[2026-04-17 07:47:22.990] [Info]  Skanowanie Site Collection: https://portalse.test.pl
[2026-04-17 07:47:23.318] [Info]   Skanowanie Web: https://portalse.test.pl
[2026-04-17 07:47:28.871] [Info]   WebApp[3] 'SharePoint - site.test.pl' Url='' Type='SPWebApplication'
[2026-04-17 07:47:28.887] [Info] [3/3] Przetwarzam WebApp: http://site.test.pl
[2026-04-17 07:47:28.887] [Info] Skanowanie Web Application: http://site.test.pl
[2026-04-17 07:47:28.902] [Info] Skanowanie Site Collections w http://site.test.pl (SC: 1)
[2026-04-17 07:47:28.981] [Info]  Skanowanie Site Collection: http://site.test.pl
[2026-04-17 07:47:29.092] [Info]   Skanowanie Web: http://site.test.pl
[2026-04-17 07:47:29.553] [Info]   Skanowanie Web: http://site.test.pl/subsite
[2026-04-17 07:47:30.852] [Info]   Skanowanie Web: http://site.test.pl/subsite/subsite1
[2026-04-17 07:47:31.115] [Info]   Skanowanie Web: http://site.test.pl/subsite/subsite2
[2026-04-17 07:47:31.397] [Info] Laczna liczba obiektow: 145
[2026-04-17 07:47:31.435] [Info] Statystyki: WebApps=3, SC=6, Webs=7, Lists=30, Items=99
[2026-04-17 07:47:31.531] [Info] Skanowanie zakonczone. Czas: 00:01:19. Obiektow: 145. Przypizan: 84
[2026-04-17 07:47:31.641] [Info] Eksport JSON: E:\AdminData\Analizator uprawnień\Analizator uprawnień\PowerShell\Output\PermissionReport_2026-04-17_07-46-12.json
[2026-04-17 07:47:32.116] [Info] Eksport CSV: E:\AdminData\Analizator uprawnień\Analizator uprawnień\PowerShell\Output\PermissionReport_2026-04-17_07-46-12.csv
[2026-04-17 07:47:32.147] [Info] Generowanie raportu HTML...
[2026-04-17 07:47:32.163] [Info]   Szablon: E:\AdminData\Analizator uprawnień\Analizator uprawnień\Report
[2026-04-17 07:47:32.163] [Info]   Wyjscie: E:\AdminData\Analizator uprawnień\Analizator uprawnień\PowerShell\Output\Report_2026-04-17_07-46-12
[2026-04-17 07:47:33.115] [Info] Generowanie data.js...
[2026-04-17 07:47:33.154] [Info] data.js wygenerowany: E:\AdminData\Analizator uprawnień\Analizator uprawnień\PowerShell\Output\Report_2026-04-17_07-46-12\data.js (198 KB)
[2026-04-17 07:47:33.154] [Info] Raport HTML wygenerowany: E:\AdminData\Analizator uprawnień\Analizator uprawnień\PowerShell\Output\Report_2026-04-17_07-46-12
[2026-04-17 07:47:33.217] [Info] Raport HTML: E:\AdminData\Analizator uprawnień\Analizator uprawnień\PowerShell\Output\Report_2026-04-17_07-46-12\index.html
[2026-04-17 07:48:02.023] [Info] Rozpoczecie publikacji raportu HTML do SharePoint: https://portalse.test.pl/RaportySP
[2026-04-17 07:48:30.417] [Info] Raport opublikowany w SharePoint: https://portalse.test.pl/RaportySP/Report_2026-04-17_07-46-12/index.html
[2026-04-17 07:48:30.433] [Info] Sesja 5ECC72CD zakonczona. Bledy: 2
