================================================================================
SharePoint Permission Analyzer - Log skanowania
Data:    2026-04-20 09:13:37
Serwer:  MOSSWFESE
Uzytkownik: TEST\lab.m.radziszewski
================================================================================
[2026-04-20 09:13:37.225] [Info] ============================================================
[2026-04-20 09:13:37.240] [Info] SharePoint Permission Analyzer v1.0 - Sesja: 7C58B537
[2026-04-20 09:13:37.240] [Info] Poczatek skanowania: 2026-04-20 09:13:37
[2026-04-20 09:13:37.240] [Info] Konfiguracja: E:\AdminData\Analizator uprawnień\Analizator uprawnień\PowerShell\Config\ScanConfig.json
[2026-04-20 09:13:37.272] [Info] ============================================================
[2026-04-20 09:13:37.303] [Info] Weryfikacja uprawnien Farm Admin: OK
[2026-04-20 09:13:37.319] [Info] Farma: SharePoint_Config, Build: 16.0.19127.20338
[2026-04-20 09:13:37.381] [Info] Znaleziono 3 Web Application(s)
[2026-04-20 09:13:37.460] [Info]   WebApp[1] 'SharePoint - osobiste.test.pl' Url='https://osobiste.test.pl/' Type='SPWebApplication'
[2026-04-20 09:13:37.491] [Info] [1/3] Przetwarzam WebApp: https://osobiste.test.pl
[2026-04-20 09:13:37.491] [Info] Skanowanie Web Application: https://osobiste.test.pl
[2026-04-20 09:13:37.539] [Info] Skanowanie Site Collections w https://osobiste.test.pl (SC: 4)
[2026-04-20 09:13:37.681] [Info]  Skanowanie Site Collection: https://osobiste.test.pl
[2026-04-20 09:13:37.823] [Info]   Skanowanie Web: https://osobiste.test.pl
[2026-04-20 09:13:38.312] [Info]  Skanowanie Site Collection: https://osobiste.test.pl/personal/lab_m_radziszewski
[2026-04-20 09:13:38.359] [Info]   Skanowanie Web: https://osobiste.test.pl/personal/lab_m_radziszewski
[2026-04-20 09:13:38.801] [Info]  Skanowanie Site Collection: https://osobiste.test.pl/personal/sp_search
[2026-04-20 09:13:38.850] [Error] Blad skanowania SC https://osobiste.test.pl/personal/sp_search: The following exception occurred while trying to enumerate the collection: "Access is denied. (Exception from HRESULT: 0x80070005 (E_ACCESSDENIED))".
[2026-04-20 09:13:38.944] [Info]  Skanowanie Site Collection: https://sitemaster-fd6313d0-aba0-4722-a4a4-d4f8afafe96c
[2026-04-20 09:13:39.053] [Error] Blad skanowania SC https://sitemaster-fd6313d0-aba0-4722-a4a4-d4f8afafe96c: The following exception occurred while trying to enumerate the collection: "Access is denied. (Exception from HRESULT: 0x80070005 (E_ACCESSDENIED))".
[2026-04-20 09:13:39.084] [Info]   WebApp[2] 'SharePoint - portalse.test.pl' Url='https://portalse.test.pl/' Type='SPWebApplication'
[2026-04-20 09:13:39.100] [Info] [2/3] Przetwarzam WebApp: https://portalse.test.pl
[2026-04-20 09:13:39.100] [Info] Skanowanie Web Application: https://portalse.test.pl
[2026-04-20 09:13:39.116] [Info] Skanowanie Site Collections w https://portalse.test.pl (SC: 1)
[2026-04-20 09:13:39.210] [Info]  Skanowanie Site Collection: https://portalse.test.pl
[2026-04-20 09:13:39.288] [Info]   Skanowanie Web: https://portalse.test.pl
[2026-04-20 09:13:40.709] [Info]   WebApp[3] 'SharePoint - site.test.pl' Url='http://site.test.pl/' Type='SPWebApplication'
[2026-04-20 09:13:40.725] [Info] [3/3] Przetwarzam WebApp: http://site.test.pl
[2026-04-20 09:13:40.772] [Info] Skanowanie Web Application: http://site.test.pl
[2026-04-20 09:13:40.788] [Info] Skanowanie Site Collections w http://site.test.pl (SC: 1)
[2026-04-20 09:13:40.851] [Info]  Skanowanie Site Collection: http://site.test.pl
[2026-04-20 09:13:40.930] [Info]   Skanowanie Web: http://site.test.pl
[2026-04-20 09:13:41.245] [Info]   Skanowanie Web: http://site.test.pl/subsite
[2026-04-20 09:13:41.797] [Info]   Skanowanie Web: http://site.test.pl/subsite/subsite1
[2026-04-20 09:13:41.923] [Info]   Skanowanie Web: http://site.test.pl/subsite/subsite2
[2026-04-20 09:13:42.049] [Info] Laczna liczba obiektow: 109
[2026-04-20 09:13:42.112] [Info] Statystyki: WebApps=3, SC=6, Webs=7, Lists=30, Items=63
[2026-04-20 09:13:42.144] [Info] Skanowanie zakonczone. Czas: 00:00:04. Obiektow: 109. Przypizan: 99
[2026-04-20 09:13:42.239] [Info] Eksport JSON: E:\AdminData\Analizator uprawnień\Analizator uprawnień\PowerShell\Output\PermissionReport_2026-04-20_09-13-37.json
[2026-04-20 09:13:42.554] [Info] Eksport CSV: E:\AdminData\Analizator uprawnień\Analizator uprawnień\PowerShell\Output\PermissionReport_2026-04-20_09-13-37.csv
[2026-04-20 09:13:42.790] [Info] Wersjonowanie: +3 / -0 / ~0
[2026-04-20 09:13:42.806] [Info] Generowanie raportu HTML...
[2026-04-20 09:13:42.806] [Info]   Szablon: E:\AdminData\Analizator uprawnień\Analizator uprawnień\Report
[2026-04-20 09:13:42.819] [Info]   Wyjscie: E:\AdminData\Analizator uprawnień\Analizator uprawnień\PowerShell\Output\Report
[2026-04-20 09:13:42.885] [Info] Generowanie data.js...
[2026-04-20 09:13:42.944] [Info] data.js wygenerowany: E:\AdminData\Analizator uprawnień\Analizator uprawnień\PowerShell\Output\Report\data.js (163 KB)
[2026-04-20 09:13:43.043] [Info] Raport HTML wygenerowany: E:\AdminData\Analizator uprawnień\Analizator uprawnień\PowerShell\Output\Report
[2026-04-20 09:13:43.043] [Info] Raport HTML: E:\AdminData\Analizator uprawnień\Analizator uprawnień\PowerShell\Output\Report\index.html
[2026-04-20 09:13:56.507] [Info] Rozpoczecie publikacji raportu HTML do SharePoint: https://portalse.test.pl/RaportySP
[2026-04-20 09:14:00.445] [Info] Raport opublikowany w SharePoint: https://portalse.test.pl/RaportySP/Report/index.html
[2026-04-20 09:14:00.450] [Info] Sesja 7C58B537 zakonczona. Bledy: 2
