================================================================================
SharePoint Permission Analyzer - Log skanowania
Data:    2026-04-17 09:06:59
Serwer:  MOSSWFESE
Uzytkownik: TEST\lab.m.radziszewski
================================================================================
[2026-04-17 09:06:59.430] [Info] ============================================================
[2026-04-17 09:06:59.446] [Info] SharePoint Permission Analyzer v1.0 - Sesja: B0803093
[2026-04-17 09:06:59.446] [Info] Poczatek skanowania: 2026-04-17 09:06:59
[2026-04-17 09:06:59.462] [Info] Konfiguracja: E:\AdminData\Analizator uprawnień\Analizator uprawnień\PowerShell\Config\ScanConfig.json
[2026-04-17 09:06:59.509] [Info] ============================================================
[2026-04-17 09:06:59.525] [Info] Weryfikacja uprawnien Farm Admin: OK
[2026-04-17 09:06:59.588] [Info] Farma: SharePoint_Config, Build: 16.0.19127.20338
[2026-04-17 09:06:59.603] [Info] Znaleziono 3 Web Application(s)
[2026-04-17 09:06:59.619] [Info]   WebApp[1] 'SharePoint - osobiste.test.pl' Url='https://osobiste.test.pl/' Type='SPWebApplication'
[2026-04-17 09:06:59.682] [Info] [1/3] Przetwarzam WebApp: https://osobiste.test.pl
[2026-04-17 09:06:59.698] [Info] Skanowanie Web Application: https://osobiste.test.pl
[2026-04-17 09:06:59.729] [Info] Skanowanie Site Collections w https://osobiste.test.pl (SC: 4)
[2026-04-17 09:06:59.840] [Info]  Skanowanie Site Collection: https://osobiste.test.pl
[2026-04-17 09:06:59.934] [Info]   Skanowanie Web: https://osobiste.test.pl
[2026-04-17 09:07:00.502] [Info]  Skanowanie Site Collection: https://osobiste.test.pl/personal/lab_m_radziszewski
[2026-04-17 09:07:00.549] [Info]   Skanowanie Web: https://osobiste.test.pl/personal/lab_m_radziszewski
[2026-04-17 09:07:00.959] [Info]  Skanowanie Site Collection: https://osobiste.test.pl/personal/sp_search
[2026-04-17 09:07:00.992] [Error] Blad skanowania SC https://osobiste.test.pl/personal/sp_search: The following exception occurred while trying to enumerate the collection: "Access is denied. (Exception from HRESULT: 0x80070005 (E_ACCESSDENIED))".
[2026-04-17 09:07:01.055] [Info]  Skanowanie Site Collection: https://sitemaster-fd6313d0-aba0-4722-a4a4-d4f8afafe96c
[2026-04-17 09:07:01.117] [Error] Blad skanowania SC https://sitemaster-fd6313d0-aba0-4722-a4a4-d4f8afafe96c: The following exception occurred while trying to enumerate the collection: "Access is denied. (Exception from HRESULT: 0x80070005 (E_ACCESSDENIED))".
[2026-04-17 09:07:01.164] [Info]   WebApp[2] 'SharePoint - portalse.test.pl' Url='https://portalse.test.pl/' Type='SPWebApplication'
[2026-04-17 09:07:01.164] [Info] [2/3] Przetwarzam WebApp: https://portalse.test.pl
[2026-04-17 09:07:01.180] [Info] Skanowanie Web Application: https://portalse.test.pl
[2026-04-17 09:07:01.196] [Info] Skanowanie Site Collections w https://portalse.test.pl (SC: 1)
[2026-04-17 09:07:01.305] [Info]  Skanowanie Site Collection: https://portalse.test.pl
[2026-04-17 09:07:01.368] [Info]   Skanowanie Web: https://portalse.test.pl
[2026-04-17 09:07:04.349] [Info]   WebApp[3] 'SharePoint - site.test.pl' Url='http://site.test.pl/' Type='SPWebApplication'
[2026-04-17 09:07:04.430] [Info] [3/3] Przetwarzam WebApp: http://site.test.pl
[2026-04-17 09:07:04.444] [Info] Skanowanie Web Application: http://site.test.pl
[2026-04-17 09:07:04.476] [Info] Skanowanie Site Collections w http://site.test.pl (SC: 1)
[2026-04-17 09:07:04.602] [Info]  Skanowanie Site Collection: http://site.test.pl
[2026-04-17 09:07:04.680] [Info]   Skanowanie Web: http://site.test.pl
[2026-04-17 09:07:05.040] [Info]   Skanowanie Web: http://site.test.pl/subsite
[2026-04-17 09:07:05.513] [Info]   Skanowanie Web: http://site.test.pl/subsite/subsite1
[2026-04-17 09:07:05.639] [Info]   Skanowanie Web: http://site.test.pl/subsite/subsite2
[2026-04-17 09:07:05.750] [Info] Laczna liczba obiektow: 202
[2026-04-17 09:07:05.766] [Info] Statystyki: WebApps=3, SC=6, Webs=7, Lists=30, Items=156
[2026-04-17 09:07:05.829] [Info] Skanowanie zakonczone. Czas: 00:00:06. Obiektow: 202. Przypizan: 95
[2026-04-17 09:07:05.908] [Info] Eksport JSON: E:\AdminData\Analizator uprawnień\Analizator uprawnień\PowerShell\Output\PermissionReport_2026-04-17_09-06-59.json
[2026-04-17 09:07:06.034] [Info] Eksport CSV: E:\AdminData\Analizator uprawnień\Analizator uprawnień\PowerShell\Output\PermissionReport_2026-04-17_09-06-59.csv
[2026-04-17 09:07:06.399] [Info] Wersjonowanie: +0 / -0 / ~0
[2026-04-17 09:07:06.414] [Info] Generowanie raportu HTML...
[2026-04-17 09:07:06.414] [Info]   Szablon: E:\AdminData\Analizator uprawnień\Analizator uprawnień\Report
[2026-04-17 09:07:06.477] [Info]   Wyjscie: E:\AdminData\Analizator uprawnień\Analizator uprawnień\PowerShell\Output\Report
[2026-04-17 09:07:06.524] [Info] Generowanie data.js...
[2026-04-17 09:07:06.602] [Info] data.js wygenerowany: E:\AdminData\Analizator uprawnień\Analizator uprawnień\PowerShell\Output\Report\data.js (273 KB)
[2026-04-17 09:07:06.618] [Info] Raport HTML wygenerowany: E:\AdminData\Analizator uprawnień\Analizator uprawnień\PowerShell\Output\Report
[2026-04-17 09:07:06.680] [Info] Raport HTML: E:\AdminData\Analizator uprawnień\Analizator uprawnień\PowerShell\Output\Report\index.html
[2026-04-17 09:07:23.822] [Info] Rozpoczecie publikacji raportu HTML do SharePoint: https://portalse.test.pl/RaportySP
[2026-04-17 09:07:27.244] [Info] Raport opublikowany w SharePoint: https://portalse.test.pl/RaportySP/Report/index.html
[2026-04-17 09:07:27.259] [Info] Sesja B0803093 zakonczona. Bledy: 2
