================================================================================
SharePoint Permission Analyzer - Log skanowania
Data:    2026-04-16 09:08:49
Serwer:  MOSSWFESE
Uzytkownik: TEST\lab.m.radziszewski
================================================================================
[2026-04-16 09:08:49.137] [Info] ============================================================
[2026-04-16 09:08:49.175] [Info] SharePoint Permission Analyzer v1.0 - Sesja: 4D174A8C
[2026-04-16 09:08:49.199] [Info] Poczatek skanowania: 2026-04-16 09:08:49
[2026-04-16 09:08:49.206] [Info] Konfiguracja: E:\AdminData\Analizator uprawnień\Analizator uprawnień\PowerShell\Config\ScanConfig.json
[2026-04-16 09:08:49.206] [Info] ============================================================
[2026-04-16 09:08:57.209] [Info] Weryfikacja uprawnien Farm Admin: OK
[2026-04-16 09:08:57.556] [Info] Farma: SharePoint_Config, Build: 16.0.19127.20338
[2026-04-16 09:08:57.637] [Info] Znaleziono 3 Web Application(s)
[2026-04-16 09:09:01.653] [Info]   WebApp[1] 'SharePoint - osobiste.test.pl' Url='' Type='SPWebApplication'
[2026-04-16 09:09:01.762] [Info] [1/3] Przetwarzam WebApp: https://osobiste.test.pl
[2026-04-16 09:09:01.887] [Info] Skanowanie Web Application: https://osobiste.test.pl
[2026-04-16 09:09:02.106] [Info] Skanowanie Site Collections w https://osobiste.test.pl (SC: 4)
[2026-04-16 09:09:04.673] [Info]  Skanowanie Site Collection: https://osobiste.test.pl
[2026-04-16 09:09:07.137] [Info]   Skanowanie Web: https://osobiste.test.pl
[2026-04-16 09:10:08.303] [Info]  Skanowanie Site Collection: https://osobiste.test.pl/personal/lab_m_radziszewski
[2026-04-16 09:10:08.359] [Info]   Skanowanie Web: https://osobiste.test.pl/personal/lab_m_radziszewski
[2026-04-16 09:10:10.491] [Info]  Skanowanie Site Collection: https://osobiste.test.pl/personal/sp_search
[2026-04-16 09:10:10.538] [Error] Blad skanowania SC https://osobiste.test.pl/personal/sp_search: The following exception occurred while trying to enumerate the collection: "Access is denied. (Exception from HRESULT: 0x80070005 (E_ACCESSDENIED))".
[2026-04-16 09:10:10.728] [Info]  Skanowanie Site Collection: https://sitemaster-fd6313d0-aba0-4722-a4a4-d4f8afafe96c
[2026-04-16 09:10:10.791] [Error] Blad skanowania SC https://sitemaster-fd6313d0-aba0-4722-a4a4-d4f8afafe96c: The following exception occurred while trying to enumerate the collection: "Access is denied. (Exception from HRESULT: 0x80070005 (E_ACCESSDENIED))".
[2026-04-16 09:10:10.828] [Info]   WebApp[2] 'SharePoint - portalse.test.pl' Url='' Type='SPWebApplication'
[2026-04-16 09:10:10.838] [Info] [2/3] Przetwarzam WebApp: https://portalse.test.pl
[2026-04-16 09:10:10.838] [Info] Skanowanie Web Application: https://portalse.test.pl
[2026-04-16 09:10:10.901] [Info] Skanowanie Site Collections w https://portalse.test.pl (SC: 1)
[2026-04-16 09:10:10.965] [Info]  Skanowanie Site Collection: https://portalse.test.pl
[2026-04-16 09:10:11.218] [Info]   Skanowanie Web: https://portalse.test.pl
[2026-04-16 09:10:17.216] [Info]   WebApp[3] 'SharePoint - site.test.pl' Url='' Type='SPWebApplication'
[2026-04-16 09:10:17.216] [Info] [3/3] Przetwarzam WebApp: http://site.test.pl
[2026-04-16 09:10:17.248] [Info] Skanowanie Web Application: http://site.test.pl
[2026-04-16 09:10:17.266] [Info] Skanowanie Site Collections w http://site.test.pl (SC: 1)
[2026-04-16 09:10:17.328] [Info]  Skanowanie Site Collection: http://site.test.pl
[2026-04-16 09:10:17.437] [Info]   Skanowanie Web: http://site.test.pl
[2026-04-16 09:10:17.828] [Info]   Skanowanie Web: http://site.test.pl/subsite
[2026-04-16 09:10:19.076] [Info]   Skanowanie Web: http://site.test.pl/subsite/subsite1
[2026-04-16 09:10:19.391] [Info]   Skanowanie Web: http://site.test.pl/subsite/subsite2
[2026-04-16 09:10:19.642] [Info] Laczna liczba obiektow: 87
[2026-04-16 09:10:19.658] [Info] Statystyki: WebApps=3, SC=6, Webs=7, Lists=30, Items=41
[2026-04-16 09:10:19.799] [Info] Skanowanie zakonczone. Czas: 00:01:30. Obiektow: 87. Przypizan: 84
[2026-04-16 09:10:19.878] [Info] Eksport JSON: E:\AdminData\Analizator uprawnień\Analizator uprawnień\PowerShell\Output\PermissionReport_2026-04-16_09-08-49.json
[2026-04-16 09:10:20.431] [Info] Eksport CSV: E:\AdminData\Analizator uprawnień\Analizator uprawnień\PowerShell\Output\PermissionReport_2026-04-16_09-08-49.csv
[2026-04-16 09:10:20.494] [Info] Generowanie raportu HTML...
[2026-04-16 09:10:20.509] [Info]   Szablon: E:\AdminData\Analizator uprawnień\Analizator uprawnień\Report
[2026-04-16 09:10:20.525] [Info]   Wyjscie: E:\AdminData\Analizator uprawnień\Analizator uprawnień\PowerShell\Output\Report_2026-04-16_09-08-49
[2026-04-16 09:10:20.651] [Info] Generowanie data.js...
[2026-04-16 09:10:20.731] [Info] data.js wygenerowany: E:\AdminData\Analizator uprawnień\Analizator uprawnień\PowerShell\Output\Report_2026-04-16_09-08-49\data.js (126 KB)
[2026-04-16 09:10:20.766] [Info] Raport HTML wygenerowany: E:\AdminData\Analizator uprawnień\Analizator uprawnień\PowerShell\Output\Report_2026-04-16_09-08-49
[2026-04-16 09:10:20.779] [Info] Raport HTML: E:\AdminData\Analizator uprawnień\Analizator uprawnień\PowerShell\Output\Report_2026-04-16_09-08-49\index.html
[2026-04-16 09:10:21.142] [Info] Sesja 4D174A8C zakonczona. Bledy: 2
