================================================================================
SharePoint Permission Analyzer - Log skanowania
Data:    2026-04-17 14:24:24
Serwer:  MOSSWFESE
Uzytkownik: TEST\lab.m.radziszewski
================================================================================
[2026-04-17 14:24:24.074] [Info] ============================================================
[2026-04-17 14:24:24.105] [Info] SharePoint Permission Analyzer v1.0 - Sesja: A310D8FE
[2026-04-17 14:24:24.120] [Info] Poczatek skanowania: 2026-04-17 14:24:23
[2026-04-17 14:24:24.137] [Info] Konfiguracja: E:\AdminData\Analizator uprawnień\Analizator uprawnień\PowerShell\Config\ScanConfig.json
[2026-04-17 14:24:24.151] [Info] ============================================================
[2026-04-17 14:24:28.748] [Info] Weryfikacja uprawnien Farm Admin: OK
[2026-04-17 14:24:29.043] [Info] Farma: SharePoint_Config, Build: 16.0.19127.20338
[2026-04-17 14:24:29.064] [Info] Znaleziono 3 Web Application(s)
[2026-04-17 14:24:32.012] [Info]   WebApp[1] 'SharePoint - osobiste.test.pl' Url='' Type='SPWebApplication'
[2026-04-17 14:24:32.106] [Info] [1/3] Przetwarzam WebApp: https://osobiste.test.pl
[2026-04-17 14:24:32.180] [Info] Skanowanie Web Application: https://osobiste.test.pl
[2026-04-17 14:24:32.387] [Info] Skanowanie Site Collections w https://osobiste.test.pl (SC: 4)
[2026-04-17 14:24:33.700] [Info]  Skanowanie Site Collection: https://osobiste.test.pl
[2026-04-17 14:24:36.274] [Info]   Skanowanie Web: https://osobiste.test.pl
[2026-04-17 14:24:41.921] [Info]  Skanowanie Site Collection: https://osobiste.test.pl/personal/lab_m_radziszewski
[2026-04-17 14:24:42.000] [Info]   Skanowanie Web: https://osobiste.test.pl/personal/lab_m_radziszewski
[2026-04-17 14:24:42.979] [Info]  Skanowanie Site Collection: https://osobiste.test.pl/personal/sp_search
[2026-04-17 14:24:43.059] [Error] Blad skanowania SC https://osobiste.test.pl/personal/sp_search: The following exception occurred while trying to enumerate the collection: "Access is denied. (Exception from HRESULT: 0x80070005 (E_ACCESSDENIED))".
[2026-04-17 14:24:43.200] [Info]  Skanowanie Site Collection: https://sitemaster-fd6313d0-aba0-4722-a4a4-d4f8afafe96c
[2026-04-17 14:24:43.294] [Error] Blad skanowania SC https://sitemaster-fd6313d0-aba0-4722-a4a4-d4f8afafe96c: The following exception occurred while trying to enumerate the collection: "Access is denied. (Exception from HRESULT: 0x80070005 (E_ACCESSDENIED))".
[2026-04-17 14:24:43.357] [Info]   WebApp[2] 'SharePoint - portalse.test.pl' Url='' Type='SPWebApplication'
[2026-04-17 14:24:43.372] [Info] [2/3] Przetwarzam WebApp: https://portalse.test.pl
[2026-04-17 14:24:43.387] [Info] Skanowanie Web Application: https://portalse.test.pl
[2026-04-17 14:24:43.419] [Info] Skanowanie Site Collections w https://portalse.test.pl (SC: 1)
[2026-04-17 14:24:43.532] [Info]  Skanowanie Site Collection: https://portalse.test.pl
[2026-04-17 14:24:43.642] [Info]   Skanowanie Web: https://portalse.test.pl
[2026-04-17 14:24:45.606] [Info]   WebApp[3] 'SharePoint - site.test.pl' Url='' Type='SPWebApplication'
[2026-04-17 14:24:45.619] [Info] [3/3] Przetwarzam WebApp: http://site.test.pl
[2026-04-17 14:24:45.619] [Info] Skanowanie Web Application: http://site.test.pl
[2026-04-17 14:24:45.682] [Info] Skanowanie Site Collections w http://site.test.pl (SC: 1)
[2026-04-17 14:24:45.763] [Info]  Skanowanie Site Collection: http://site.test.pl
[2026-04-17 14:24:45.872] [Info]   Skanowanie Web: http://site.test.pl
[2026-04-17 14:24:46.251] [Info]   Skanowanie Web: http://site.test.pl/subsite
[2026-04-17 14:24:46.930] [Info]   Skanowanie Web: http://site.test.pl/subsite/subsite1
[2026-04-17 14:24:47.153] [Info]   Skanowanie Web: http://site.test.pl/subsite/subsite2
[2026-04-17 14:24:47.388] [Info] Laczna liczba obiektow: 106
[2026-04-17 14:24:47.435] [Info] Statystyki: WebApps=3, SC=6, Webs=7, Lists=30, Items=60
[2026-04-17 14:24:47.560] [Info] Skanowanie zakonczone. Czas: 00:00:23. Obiektow: 106. Przypizan: 95
[2026-04-17 14:24:47.623] [Info] Eksport JSON: E:\AdminData\Analizator uprawnień\Analizator uprawnień\PowerShell\Output\PermissionReport_2026-04-17_14-24-23.json
[2026-04-17 14:24:47.969] [Info] Eksport CSV: E:\AdminData\Analizator uprawnień\Analizator uprawnień\PowerShell\Output\PermissionReport_2026-04-17_14-24-23.csv
[2026-04-17 14:24:48.607] [Info] Wersjonowanie: +0 / -0 / ~0
[2026-04-17 14:24:48.665] [Info] Generowanie raportu HTML...
[2026-04-17 14:24:48.712] [Info]   Szablon: E:\AdminData\Analizator uprawnień\Analizator uprawnień\Report
[2026-04-17 14:24:48.712] [Info]   Wyjscie: E:\AdminData\Analizator uprawnień\Analizator uprawnień\PowerShell\Output\Report
[2026-04-17 14:24:48.823] [Info] Generowanie data.js...
[2026-04-17 14:24:48.871] [Info] data.js wygenerowany: E:\AdminData\Analizator uprawnień\Analizator uprawnień\PowerShell\Output\Report\data.js (156 KB)
[2026-04-17 14:24:48.919] [Info] Raport HTML wygenerowany: E:\AdminData\Analizator uprawnień\Analizator uprawnień\PowerShell\Output\Report
[2026-04-17 14:24:48.934] [Info] Raport HTML: E:\AdminData\Analizator uprawnień\Analizator uprawnień\PowerShell\Output\Report\index.html
[2026-04-17 14:25:13.014] [Info] Rozpoczecie publikacji raportu HTML do SharePoint: https://portalse.test.pl/RaportySP
[2026-04-17 14:25:28.839] [Error] Blad publikacji raportu do SharePoint: Exception calling "ReadAllBytes" with "1" argument(s): "The process cannot access the file 'E:\AdminData\Analizator uprawnień\Analizator uprawnień\PowerShell\Output\Report\debug.log' because it is being used by another process."
at Publish-ReportToSharePointLibrary, E:\AdminData\Analizator uprawnień\Analizator uprawnień\PowerShell\Start-PermissionScan.ps1: line 360
at <ScriptBlock>, E:\AdminData\Analizator uprawnień\Analizator uprawnień\PowerShell\Start-PermissionScan.ps1: line 747
at <ScriptBlock>, <No file>: line 1
[2026-04-17 14:25:28.859] [Info] Sesja A310D8FE zakonczona. Bledy: 2
