================================================================================
SharePoint Permission Analyzer - Log skanowania
Data:    2026-04-21 12:14:36
Serwer:  MOSSWFESE
Uzytkownik: TEST\lab.m.radziszewski
================================================================================
[2026-04-21 12:14:36.887] [Info] ============================================================
[2026-04-21 12:14:36.887] [Info] SharePoint Permission Analyzer v1.0 - Sesja: D58D9006
[2026-04-21 12:14:36.903] [Info] Poczatek skanowania: 2026-04-21 12:14:36
[2026-04-21 12:14:36.903] [Info] Konfiguracja: E:\AdminData\Analizator uprawnień\Analizator uprawnień\PowerShell\Config\ScanConfig.json
[2026-04-21 12:14:36.911] [Info] ============================================================
[2026-04-21 12:14:37.005] [Info] Weryfikacja uprawnien Farm Admin: OK
[2026-04-21 12:14:37.099] [Info] Farma: SharePoint_Config, Build: 16.0.19127.20338
[2026-04-21 12:14:37.108] [Info] Znaleziono 3 Web Application(s)
[2026-04-21 12:14:37.108] [Info]   WebApp[1] 'SharePoint - osobiste.test.pl' Url='https://osobiste.test.pl/' Type='SPWebApplication'
[2026-04-21 12:14:37.130] [Info] [1/3] Przetwarzam WebApp: https://osobiste.test.pl
[2026-04-21 12:14:37.130] [Info] Skanowanie Web Application: https://osobiste.test.pl
[2026-04-21 12:14:37.235] [Info] Skanowanie Site Collections w https://osobiste.test.pl (SC: 4)
[2026-04-21 12:14:37.411] [Info]  Skanowanie Site Collection: https://osobiste.test.pl
[2026-04-21 12:14:37.505] [Info]   Skanowanie Web: https://osobiste.test.pl
[2026-04-21 12:14:37.958] [Info]  Skanowanie Site Collection: https://osobiste.test.pl/personal/lab_m_radziszewski
[2026-04-21 12:14:38.005] [Info]   Skanowanie Web: https://osobiste.test.pl/personal/lab_m_radziszewski
[2026-04-21 12:14:38.396] [Info]  Skanowanie Site Collection: https://osobiste.test.pl/personal/sp_search
[2026-04-21 12:14:38.427] [Error] Blad skanowania SC https://osobiste.test.pl/personal/sp_search: The following exception occurred while trying to enumerate the collection: "Access is denied. (Exception from HRESULT: 0x80070005 (E_ACCESSDENIED))".
[2026-04-21 12:14:38.490] [Info]  Skanowanie Site Collection: https://sitemaster-fd6313d0-aba0-4722-a4a4-d4f8afafe96c
[2026-04-21 12:14:38.552] [Error] Blad skanowania SC https://sitemaster-fd6313d0-aba0-4722-a4a4-d4f8afafe96c: The following exception occurred while trying to enumerate the collection: "Access is denied. (Exception from HRESULT: 0x80070005 (E_ACCESSDENIED))".
[2026-04-21 12:14:38.615] [Info]   WebApp[2] 'SharePoint - portalse.test.pl' Url='https://portalse.test.pl/' Type='SPWebApplication'
[2026-04-21 12:14:38.630] [Info] [2/3] Przetwarzam WebApp: https://portalse.test.pl
[2026-04-21 12:14:38.631] [Info] Skanowanie Web Application: https://portalse.test.pl
[2026-04-21 12:14:38.647] [Info] Skanowanie Site Collections w https://portalse.test.pl (SC: 1)
[2026-04-21 12:14:38.741] [Info]  Skanowanie Site Collection: https://portalse.test.pl
[2026-04-21 12:14:38.821] [Info]   Skanowanie Web: https://portalse.test.pl
[2026-04-21 12:14:40.319] [Info]   WebApp[3] 'SharePoint - site.test.pl' Url='http://site.test.pl/' Type='SPWebApplication'
[2026-04-21 12:14:40.319] [Info] [3/3] Przetwarzam WebApp: http://site.test.pl
[2026-04-21 12:14:40.334] [Info] Skanowanie Web Application: http://site.test.pl
[2026-04-21 12:14:40.350] [Info] Skanowanie Site Collections w http://site.test.pl (SC: 1)
[2026-04-21 12:14:40.507] [Info]  Skanowanie Site Collection: http://site.test.pl
[2026-04-21 12:14:40.586] [Info]   Skanowanie Web: http://site.test.pl
[2026-04-21 12:14:40.933] [Info]   Skanowanie Web: http://site.test.pl/subsite
[2026-04-21 12:14:41.505] [Info]   Skanowanie Web: http://site.test.pl/subsite/subsite1
[2026-04-21 12:14:41.647] [Info]   Skanowanie Web: http://site.test.pl/subsite/subsite2
[2026-04-21 12:14:41.773] [Info] Laczna liczba obiektow: 112
[2026-04-21 12:14:41.786] [Info] Statystyki: WebApps=3, SC=6, Webs=7, Lists=30, Items=66
[2026-04-21 12:14:41.804] [Info] Skanowanie zakonczone. Czas: 00:00:04. Obiektow: 112. Przypizan: 71
[2026-04-21 12:14:41.899] [Info] Eksport JSON: E:\AdminData\Analizator uprawnień\Analizator uprawnień\PowerShell\Output\PermissionReport_2026-04-21_12-14-36.json
[2026-04-21 12:14:41.994] [Info] Eksport CSV: E:\AdminData\Analizator uprawnień\Analizator uprawnień\PowerShell\Output\PermissionReport_2026-04-21_12-14-36.csv
[2026-04-21 12:14:42.294] [Info] Wersjonowanie: +0 / -0 / ~3
[2026-04-21 12:14:42.389] [Info] Zarchiwizowano raport: Report_2026-04-21_12-12-08
[2026-04-21 12:14:42.927] [Info] Generowanie raportu HTML...
[2026-04-21 12:14:42.943] [Info]   Szablon: E:\AdminData\Analizator uprawnień\Analizator uprawnień\Report
[2026-04-21 12:14:42.943] [Info]   Wyjscie: E:\AdminData\Analizator uprawnień\Analizator uprawnień\PowerShell\Output\Report
[2026-04-21 12:14:42.974] [Info] Generowanie data.js...
[2026-04-21 12:14:43.006] [Info] data.js wygenerowany: E:\AdminData\Analizator uprawnień\Analizator uprawnień\PowerShell\Output\Report\data.js (174 KB)
[2026-04-21 12:14:43.146] [Info] Raport HTML wygenerowany: E:\AdminData\Analizator uprawnień\Analizator uprawnień\PowerShell\Output\Report
[2026-04-21 12:14:43.162] [Info] Raport HTML: E:\AdminData\Analizator uprawnień\Analizator uprawnień\PowerShell\Output\Report\index.html
[2026-04-21 12:14:43.287] [Info] Rozpoczecie publikacji raportu HTML do SharePoint: https://portalse.test.pl/RaportySP
[2026-04-21 12:14:47.021] [Info] Raport opublikowany w SharePoint: https://portalse.test.pl/RaportySP/Report/index.html
[2026-04-21 12:14:47.037] [Info] Sesja D58D9006 zakonczona. Bledy: 2
