================================================================================
SharePoint Permission Analyzer - Log skanowania
Data:    2026-04-15 11:03:51
Serwer:  MOSSWFESE
Uzytkownik: TEST\lab.m.radziszewski
================================================================================
[2026-04-15 11:03:51.521] [Info] ============================================================
[2026-04-15 11:03:51.552] [Info] SharePoint Permission Analyzer v1.0 - Sesja: 49395A3B
[2026-04-15 11:03:51.552] [Info] Poczatek skanowania: 2026-04-15 11:03:51
[2026-04-15 11:03:51.583] [Info] Konfiguracja: E:\AdminData\Analizator uprawnień\Analizator uprawnień\PowerShell\Config\ScanConfig.json
[2026-04-15 11:03:51.583] [Info] ============================================================
[2026-04-15 11:03:56.414] [Info] Weryfikacja uprawnien Farm Admin: OK
[2026-04-15 11:03:56.635] [Info] Farma: SharePoint_Config, Build: 16.0.19127.20338
[2026-04-15 11:03:56.746] [Info] Znaleziono 3 Web Application(s)
[2026-04-15 11:04:00.662] [Info]   WebApp[1] 'SharePoint - osobiste.test.pl' Url='' Type='SPWebApplication'
[2026-04-15 11:04:00.741] [Info] [1/3] Przetwarzam WebApp: https://osobiste.test.pl
[2026-04-15 11:04:00.819] [Info] Skanowanie Web Application: https://osobiste.test.pl
[2026-04-15 11:04:01.170] [Info] Skanowanie Site Collections w https://osobiste.test.pl (SC: 4)
[2026-04-15 11:04:03.617] [Info]  Skanowanie Site Collection: https://osobiste.test.pl
[2026-04-15 11:04:05.343] [Info]   Skanowanie Web: https://osobiste.test.pl
[2026-04-15 11:04:06.186] [Info]  Skanowanie Site Collection: https://osobiste.test.pl/personal/lab_m_radziszewski
[2026-04-15 11:04:06.234] [Info]   Skanowanie Web: https://osobiste.test.pl/personal/lab_m_radziszewski
[2026-04-15 11:04:11.850] [Info]  Skanowanie Site Collection: https://osobiste.test.pl/personal/sp_search
[2026-04-15 11:04:11.893] [Error] Blad skanowania SC https://osobiste.test.pl/personal/sp_search: The following exception occurred while trying to enumerate the collection: "Access is denied. (Exception from HRESULT: 0x80070005 (E_ACCESSDENIED))".
[2026-04-15 11:04:11.989] [Info]  Skanowanie Site Collection: https://sitemaster-fd6313d0-aba0-4722-a4a4-d4f8afafe96c
[2026-04-15 11:04:12.052] [Error] Blad skanowania SC https://sitemaster-fd6313d0-aba0-4722-a4a4-d4f8afafe96c: The following exception occurred while trying to enumerate the collection: "Access is denied. (Exception from HRESULT: 0x80070005 (E_ACCESSDENIED))".
[2026-04-15 11:04:12.084] [Info]   WebApp[2] 'SharePoint - portalse.test.pl' Url='' Type='SPWebApplication'
[2026-04-15 11:04:12.100] [Info] [2/3] Przetwarzam WebApp: https://portalse.test.pl
[2026-04-15 11:04:12.115] [Info] Skanowanie Web Application: https://portalse.test.pl
[2026-04-15 11:04:12.131] [Info] Skanowanie Site Collections w https://portalse.test.pl (SC: 1)
[2026-04-15 11:04:12.194] [Info]  Skanowanie Site Collection: https://portalse.test.pl
[2026-04-15 11:04:12.256] [Info]   Skanowanie Web: https://portalse.test.pl
[2026-04-15 11:04:12.553] [Info]   WebApp[3] 'SharePoint - site.test.pl' Url='' Type='SPWebApplication'
[2026-04-15 11:04:12.553] [Info] [3/3] Przetwarzam WebApp: http://site.test.pl
[2026-04-15 11:04:12.584] [Info] Skanowanie Web Application: http://site.test.pl
[2026-04-15 11:04:12.616] [Info] Skanowanie Site Collections w http://site.test.pl (SC: 1)
[2026-04-15 11:04:12.678] [Info]  Skanowanie Site Collection: http://site.test.pl
[2026-04-15 11:04:12.757] [Info]   Skanowanie Web: http://site.test.pl
[2026-04-15 11:04:13.069] [Info]   Skanowanie Web: http://site.test.pl/subsite
[2026-04-15 11:04:13.778] [Info]   Skanowanie Web: http://site.test.pl/subsite/subsite1
[2026-04-15 11:04:13.920] [Info]   Skanowanie Web: http://site.test.pl/subsite/subsite2
[2026-04-15 11:04:14.110] [Info] Laczna liczba obiektow: 26
[2026-04-15 11:04:14.110] [Info] Statystyki: WebApps=3, SC=6, Webs=7, Lists=9, Items=1
[2026-04-15 11:04:14.299] [Info] Skanowanie zakonczone. Czas: 00:00:22. Obiektow: 26. Przypizan: 84
[2026-04-15 11:04:14.394] [Info] Eksport JSON: E:\AdminData\Analizator uprawnień\Analizator uprawnień\PowerShell\Output\PermissionReport_2026-04-15_11-03-51.json
[2026-04-15 11:04:14.803] [Info] Eksport CSV: E:\AdminData\Analizator uprawnień\Analizator uprawnień\PowerShell\Output\PermissionReport_2026-04-15_11-03-51.csv
[2026-04-15 11:04:14.928] [Info] Generowanie raportu HTML...
[2026-04-15 11:04:14.975] [Info]   Szablon: E:\AdminData\Analizator uprawnień\Analizator uprawnień\Report
[2026-04-15 11:04:14.975] [Info]   Wyjscie: E:\AdminData\Analizator uprawnień\Analizator uprawnień\PowerShell\Output\Report_2026-04-15_11-03-51
[2026-04-15 11:04:15.116] [Info] Generowanie data.js...
[2026-04-15 11:04:15.162] [Info] data.js wygenerowany: E:\AdminData\Analizator uprawnień\Analizator uprawnień\PowerShell\Output\Report_2026-04-15_11-03-51\data.js (57 KB)
[2026-04-15 11:04:15.241] [Info] Raport HTML wygenerowany: E:\AdminData\Analizator uprawnień\Analizator uprawnień\PowerShell\Output\Report_2026-04-15_11-03-51
[2026-04-15 11:04:15.256] [Info] Raport HTML: E:\AdminData\Analizator uprawnień\Analizator uprawnień\PowerShell\Output\Report_2026-04-15_11-03-51\index.html
[2026-04-15 11:04:15.793] [Info] Sesja 49395A3B zakonczona. Bledy: 2
