================================================================================
SharePoint Permission Analyzer - Log skanowania
Data:    2026-04-20 07:25:54
Serwer:  MOSSWFESE
Uzytkownik: TEST\lab.m.radziszewski
================================================================================
[2026-04-20 07:25:54.253] [Info] ============================================================
[2026-04-20 07:25:54.253] [Info] SharePoint Permission Analyzer v1.0 - Sesja: B711EBEA
[2026-04-20 07:25:54.269] [Info] Poczatek skanowania: 2026-04-20 07:25:54
[2026-04-20 07:25:54.316] [Info] Konfiguracja: E:\AdminData\Analizator uprawnień\Analizator uprawnień\PowerShell\Config\ScanConfig.json
[2026-04-20 07:25:54.316] [Info] ============================================================
[2026-04-20 07:25:54.347] [Info] Weryfikacja uprawnien Farm Admin: OK
[2026-04-20 07:25:54.394] [Info] Farma: SharePoint_Config, Build: 16.0.19127.20338
[2026-04-20 07:25:54.410] [Info] Znaleziono 3 Web Application(s)
[2026-04-20 07:25:54.410] [Info]   WebApp[1] 'SharePoint - osobiste.test.pl' Url='https://osobiste.test.pl/' Type='SPWebApplication'
[2026-04-20 07:25:54.426] [Info] [1/3] Przetwarzam WebApp: https://osobiste.test.pl
[2026-04-20 07:25:54.441] [Info] Skanowanie Web Application: https://osobiste.test.pl
[2026-04-20 07:25:54.581] [Info] Skanowanie Site Collections w https://osobiste.test.pl (SC: 4)
[2026-04-20 07:25:54.899] [Info]  Skanowanie Site Collection: https://osobiste.test.pl
[2026-04-20 07:25:55.112] [Info]   Skanowanie Web: https://osobiste.test.pl
[2026-04-20 07:25:57.707] [Info]  Skanowanie Site Collection: https://osobiste.test.pl/personal/lab_m_radziszewski
[2026-04-20 07:25:57.769] [Info]   Skanowanie Web: https://osobiste.test.pl/personal/lab_m_radziszewski
[2026-04-20 07:25:59.026] [Info]  Skanowanie Site Collection: https://osobiste.test.pl/personal/sp_search
[2026-04-20 07:25:59.073] [Error] Blad skanowania SC https://osobiste.test.pl/personal/sp_search: The following exception occurred while trying to enumerate the collection: "Access is denied. (Exception from HRESULT: 0x80070005 (E_ACCESSDENIED))".
[2026-04-20 07:25:59.184] [Info]  Skanowanie Site Collection: https://sitemaster-fd6313d0-aba0-4722-a4a4-d4f8afafe96c
[2026-04-20 07:25:59.247] [Error] Blad skanowania SC https://sitemaster-fd6313d0-aba0-4722-a4a4-d4f8afafe96c: The following exception occurred while trying to enumerate the collection: "Access is denied. (Exception from HRESULT: 0x80070005 (E_ACCESSDENIED))".
[2026-04-20 07:25:59.300] [Info]   WebApp[2] 'SharePoint - portalse.test.pl' Url='https://portalse.test.pl/' Type='SPWebApplication'
[2026-04-20 07:25:59.310] [Info] [2/3] Przetwarzam WebApp: https://portalse.test.pl
[2026-04-20 07:25:59.341] [Info] Skanowanie Web Application: https://portalse.test.pl
[2026-04-20 07:25:59.363] [Info] Skanowanie Site Collections w https://portalse.test.pl (SC: 1)
[2026-04-20 07:25:59.425] [Info]  Skanowanie Site Collection: https://portalse.test.pl
[2026-04-20 07:25:59.593] [Info]   Skanowanie Web: https://portalse.test.pl
[2026-04-20 07:26:04.286] [Info]   WebApp[3] 'SharePoint - site.test.pl' Url='http://site.test.pl/' Type='SPWebApplication'
[2026-04-20 07:26:04.301] [Info] [3/3] Przetwarzam WebApp: http://site.test.pl
[2026-04-20 07:26:04.302] [Info] Skanowanie Web Application: http://site.test.pl
[2026-04-20 07:26:04.318] [Info] Skanowanie Site Collections w http://site.test.pl (SC: 1)
[2026-04-20 07:26:04.381] [Info]  Skanowanie Site Collection: http://site.test.pl
[2026-04-20 07:26:04.744] [Info]   Skanowanie Web: http://site.test.pl
[2026-04-20 07:26:08.004] [Info]   Skanowanie Web: http://site.test.pl/subsite
[2026-04-20 07:26:10.426] [Info]   Skanowanie Web: http://site.test.pl/subsite/subsite1
[2026-04-20 07:26:12.302] [Info]   Skanowanie Web: http://site.test.pl/subsite/subsite2
[2026-04-20 07:26:12.981] [Info] Laczna liczba obiektow: 106
[2026-04-20 07:26:12.988] [Info] Statystyki: WebApps=3, SC=6, Webs=7, Lists=30, Items=60
[2026-04-20 07:26:13.019] [Info] Skanowanie zakonczone. Czas: 00:00:18. Obiektow: 106. Przypizan: 95
[2026-04-20 07:26:13.113] [Info] Eksport JSON: E:\AdminData\Analizator uprawnień\Analizator uprawnień\PowerShell\Output\PermissionReport_2026-04-20_07-25-54.json
[2026-04-20 07:26:13.249] [Info] Eksport CSV: E:\AdminData\Analizator uprawnień\Analizator uprawnień\PowerShell\Output\PermissionReport_2026-04-20_07-25-54.csv
[2026-04-20 07:26:13.676] [Info] Wersjonowanie: +0 / -0 / ~0
[2026-04-20 07:26:13.676] [Info] Generowanie raportu HTML...
[2026-04-20 07:26:13.691] [Info]   Szablon: E:\AdminData\Analizator uprawnień\Analizator uprawnień\Report
[2026-04-20 07:26:13.691] [Info]   Wyjscie: E:\AdminData\Analizator uprawnień\Analizator uprawnień\PowerShell\Output\Report
[2026-04-20 07:26:14.964] [Info] Generowanie data.js...
[2026-04-20 07:26:14.996] [Info] data.js wygenerowany: E:\AdminData\Analizator uprawnień\Analizator uprawnień\PowerShell\Output\Report\data.js (156 KB)
[2026-04-20 07:26:14.996] [Info] Raport HTML wygenerowany: E:\AdminData\Analizator uprawnień\Analizator uprawnień\PowerShell\Output\Report
[2026-04-20 07:26:15.090] [Info] Raport HTML: E:\AdminData\Analizator uprawnień\Analizator uprawnień\PowerShell\Output\Report\index.html
[2026-04-20 07:26:29.334] [Info] Rozpoczecie publikacji raportu HTML do SharePoint: https://portalse.test.pl/RaportySP
[2026-04-20 07:26:39.021] [Info] Raport opublikowany w SharePoint: https://portalse.test.pl/RaportySP/Report/index.html
[2026-04-20 07:26:39.024] [Info] Sesja B711EBEA zakonczona. Bledy: 2
