================================================================================
SharePoint Permission Analyzer - Log skanowania
Data:    2026-04-20 10:17:30
Serwer:  MOSSWFESE
Uzytkownik: TEST\lab.m.radziszewski
================================================================================
[2026-04-20 10:17:30.578] [Info] ============================================================
[2026-04-20 10:17:30.588] [Info] SharePoint Permission Analyzer v1.0 - Sesja: 4DEC294B
[2026-04-20 10:17:30.641] [Info] Poczatek skanowania: 2026-04-20 10:17:30
[2026-04-20 10:17:30.666] [Info] Konfiguracja: E:\AdminData\Analizator uprawnień\Analizator uprawnień\PowerShell\Config\ScanConfig.json
[2026-04-20 10:17:30.672] [Info] ============================================================
[2026-04-20 10:17:30.746] [Info] Weryfikacja uprawnien Farm Admin: OK
[2026-04-20 10:17:30.793] [Info] Farma: SharePoint_Config, Build: 16.0.19127.20338
[2026-04-20 10:17:30.840] [Info] Znaleziono 3 Web Application(s)
[2026-04-20 10:17:30.859] [Info]   WebApp[1] 'SharePoint - osobiste.test.pl' Url='https://osobiste.test.pl/' Type='SPWebApplication'
[2026-04-20 10:17:30.922] [Info] [1/3] Przetwarzam WebApp: https://osobiste.test.pl
[2026-04-20 10:17:30.935] [Info] Skanowanie Web Application: https://osobiste.test.pl
[2026-04-20 10:17:30.985] [Info] Skanowanie Site Collections w https://osobiste.test.pl (SC: 4)
[2026-04-20 10:17:31.172] [Info]  Skanowanie Site Collection: https://osobiste.test.pl
[2026-04-20 10:17:31.251] [Info]   Skanowanie Web: https://osobiste.test.pl
[2026-04-20 10:17:31.750] [Info]  Skanowanie Site Collection: https://osobiste.test.pl/personal/lab_m_radziszewski
[2026-04-20 10:17:31.797] [Info]   Skanowanie Web: https://osobiste.test.pl/personal/lab_m_radziszewski
[2026-04-20 10:17:32.348] [Info]  Skanowanie Site Collection: https://osobiste.test.pl/personal/sp_search
[2026-04-20 10:17:32.379] [Error] Blad skanowania SC https://osobiste.test.pl/personal/sp_search: The following exception occurred while trying to enumerate the collection: "Access is denied. (Exception from HRESULT: 0x80070005 (E_ACCESSDENIED))".
[2026-04-20 10:17:32.453] [Info]  Skanowanie Site Collection: https://sitemaster-fd6313d0-aba0-4722-a4a4-d4f8afafe96c
[2026-04-20 10:17:32.516] [Error] Blad skanowania SC https://sitemaster-fd6313d0-aba0-4722-a4a4-d4f8afafe96c: The following exception occurred while trying to enumerate the collection: "Access is denied. (Exception from HRESULT: 0x80070005 (E_ACCESSDENIED))".
[2026-04-20 10:17:32.568] [Info]   WebApp[2] 'SharePoint - portalse.test.pl' Url='https://portalse.test.pl/' Type='SPWebApplication'
[2026-04-20 10:17:32.584] [Info] [2/3] Przetwarzam WebApp: https://portalse.test.pl
[2026-04-20 10:17:32.584] [Info] Skanowanie Web Application: https://portalse.test.pl
[2026-04-20 10:17:32.663] [Info] Skanowanie Site Collections w https://portalse.test.pl (SC: 1)
[2026-04-20 10:17:32.710] [Info]  Skanowanie Site Collection: https://portalse.test.pl
[2026-04-20 10:17:32.805] [Info]   Skanowanie Web: https://portalse.test.pl
[2026-04-20 10:17:34.317] [Info]   WebApp[3] 'SharePoint - site.test.pl' Url='http://site.test.pl/' Type='SPWebApplication'
[2026-04-20 10:17:34.380] [Info] [3/3] Przetwarzam WebApp: http://site.test.pl
[2026-04-20 10:17:34.396] [Info] Skanowanie Web Application: http://site.test.pl
[2026-04-20 10:17:34.411] [Info] Skanowanie Site Collections w http://site.test.pl (SC: 1)
[2026-04-20 10:17:34.474] [Info]  Skanowanie Site Collection: http://site.test.pl
[2026-04-20 10:17:34.547] [Info]   Skanowanie Web: http://site.test.pl
[2026-04-20 10:17:34.933] [Info]   Skanowanie Web: http://site.test.pl/subsite
[2026-04-20 10:17:35.454] [Info]   Skanowanie Web: http://site.test.pl/subsite/subsite1
[2026-04-20 10:17:35.563] [Info]   Skanowanie Web: http://site.test.pl/subsite/subsite2
[2026-04-20 10:17:35.672] [Info] Laczna liczba obiektow: 109
[2026-04-20 10:17:35.672] [Info] Statystyki: WebApps=3, SC=6, Webs=7, Lists=30, Items=63
[2026-04-20 10:17:35.720] [Info] Skanowanie zakonczone. Czas: 00:00:05. Obiektow: 109. Przypizan: 97
[2026-04-20 10:17:35.797] [Info] Eksport JSON: E:\AdminData\Analizator uprawnień\Analizator uprawnień\PowerShell\Output\PermissionReport_2026-04-20_10-17-30.json
[2026-04-20 10:17:35.891] [Info] Eksport CSV: E:\AdminData\Analizator uprawnień\Analizator uprawnień\PowerShell\Output\PermissionReport_2026-04-20_10-17-30.csv
[2026-04-20 10:17:36.080] [Info] Wersjonowanie: +0 / -0 / ~0
[2026-04-20 10:17:36.080] [Info] Generowanie raportu HTML...
[2026-04-20 10:17:36.096] [Info]   Szablon: E:\AdminData\Analizator uprawnień\Analizator uprawnień\Report
[2026-04-20 10:17:36.096] [Info]   Wyjscie: E:\AdminData\Analizator uprawnień\Analizator uprawnień\PowerShell\Output\Report
[2026-04-20 10:17:36.127] [Info] Generowanie data.js...
[2026-04-20 10:17:36.159] [Info] data.js wygenerowany: E:\AdminData\Analizator uprawnień\Analizator uprawnień\PowerShell\Output\Report\data.js (161 KB)
[2026-04-20 10:17:36.238] [Info] Raport HTML wygenerowany: E:\AdminData\Analizator uprawnień\Analizator uprawnień\PowerShell\Output\Report
[2026-04-20 10:17:36.253] [Info] Raport HTML: E:\AdminData\Analizator uprawnień\Analizator uprawnień\PowerShell\Output\Report\index.html
[2026-04-20 10:17:36.474] [Info] Rozpoczecie publikacji raportu HTML do SharePoint: https://portalse.test.pl/RaportySP
[2026-04-20 10:17:40.360] [Info] Raport opublikowany w SharePoint: https://portalse.test.pl/RaportySP/Report/index.html
[2026-04-20 10:17:40.360] [Info] Sesja 4DEC294B zakonczona. Bledy: 2
