================================================================================
SharePoint Permission Analyzer - Log skanowania
Data:    2026-04-21 11:55:27
Serwer:  MOSSWFESE
Uzytkownik: TEST\lab.m.radziszewski
================================================================================
[2026-04-21 11:55:27.966] [Info] ============================================================
[2026-04-21 11:55:27.966] [Info] SharePoint Permission Analyzer v1.0 - Sesja: 65D0B4A9
[2026-04-21 11:55:27.982] [Info] Poczatek skanowania: 2026-04-21 11:55:27
[2026-04-21 11:55:27.982] [Info] Konfiguracja: E:\AdminData\Analizator uprawnień\Analizator uprawnień\PowerShell\Config\ScanConfig.json
[2026-04-21 11:55:27.982] [Info] ============================================================
[2026-04-21 11:55:28.061] [Info] Weryfikacja uprawnien Farm Admin: OK
[2026-04-21 11:55:28.133] [Info] Farma: SharePoint_Config, Build: 16.0.19127.20338
[2026-04-21 11:55:28.164] [Info] Znaleziono 3 Web Application(s)
[2026-04-21 11:55:28.171] [Info]   WebApp[1] 'SharePoint - osobiste.test.pl' Url='https://osobiste.test.pl/' Type='SPWebApplication'
[2026-04-21 11:55:28.171] [Info] [1/3] Przetwarzam WebApp: https://osobiste.test.pl
[2026-04-21 11:55:28.227] [Info] Skanowanie Web Application: https://osobiste.test.pl
[2026-04-21 11:55:28.361] [Info] Skanowanie Site Collections w https://osobiste.test.pl (SC: 4)
[2026-04-21 11:55:28.477] [Info]  Skanowanie Site Collection: https://osobiste.test.pl
[2026-04-21 11:55:28.597] [Info]   Skanowanie Web: https://osobiste.test.pl
[2026-04-21 11:55:29.227] [Info]  Skanowanie Site Collection: https://osobiste.test.pl/personal/lab_m_radziszewski
[2026-04-21 11:55:29.274] [Info]   Skanowanie Web: https://osobiste.test.pl/personal/lab_m_radziszewski
[2026-04-21 11:55:29.836] [Info]  Skanowanie Site Collection: https://osobiste.test.pl/personal/sp_search
[2026-04-21 11:55:29.868] [Error] Blad skanowania SC https://osobiste.test.pl/personal/sp_search: The following exception occurred while trying to enumerate the collection: "Access is denied. (Exception from HRESULT: 0x80070005 (E_ACCESSDENIED))".
[2026-04-21 11:55:29.915] [Info]  Skanowanie Site Collection: https://sitemaster-fd6313d0-aba0-4722-a4a4-d4f8afafe96c
[2026-04-21 11:55:30.010] [Error] Blad skanowania SC https://sitemaster-fd6313d0-aba0-4722-a4a4-d4f8afafe96c: The following exception occurred while trying to enumerate the collection: "Access is denied. (Exception from HRESULT: 0x80070005 (E_ACCESSDENIED))".
[2026-04-21 11:55:30.057] [Info]   WebApp[2] 'SharePoint - portalse.test.pl' Url='https://portalse.test.pl/' Type='SPWebApplication'
[2026-04-21 11:55:30.073] [Info] [2/3] Przetwarzam WebApp: https://portalse.test.pl
[2026-04-21 11:55:30.073] [Info] Skanowanie Web Application: https://portalse.test.pl
[2026-04-21 11:55:30.105] [Info] Skanowanie Site Collections w https://portalse.test.pl (SC: 1)
[2026-04-21 11:55:30.199] [Info]  Skanowanie Site Collection: https://portalse.test.pl
[2026-04-21 11:55:30.294] [Info]   Skanowanie Web: https://portalse.test.pl
[2026-04-21 11:55:31.728] [Info]   WebApp[3] 'SharePoint - site.test.pl' Url='http://site.test.pl/' Type='SPWebApplication'
[2026-04-21 11:55:31.728] [Info] [3/3] Przetwarzam WebApp: http://site.test.pl
[2026-04-21 11:55:31.744] [Info] Skanowanie Web Application: http://site.test.pl
[2026-04-21 11:55:31.760] [Info] Skanowanie Site Collections w http://site.test.pl (SC: 1)
[2026-04-21 11:55:31.807] [Info]  Skanowanie Site Collection: http://site.test.pl
[2026-04-21 11:55:31.887] [Info]   Skanowanie Web: http://site.test.pl
[2026-04-21 11:55:32.188] [Info]   Skanowanie Web: http://site.test.pl/subsite
[2026-04-21 11:55:32.633] [Info]   Skanowanie Web: http://site.test.pl/subsite/subsite1
[2026-04-21 11:55:32.742] [Info]   Skanowanie Web: http://site.test.pl/subsite/subsite2
[2026-04-21 11:55:32.852] [Info] Laczna liczba obiektow: 108
[2026-04-21 11:55:32.852] [Info] Statystyki: WebApps=3, SC=6, Webs=7, Lists=30, Items=62
[2026-04-21 11:55:32.883] [Info] Skanowanie zakonczone. Czas: 00:00:04. Obiektow: 108. Przypizan: 61
[2026-04-21 11:55:32.899] [Info] Eksport JSON: E:\AdminData\Analizator uprawnień\Analizator uprawnień\PowerShell\Output\PermissionReport_2026-04-21_11-55-27.json
[2026-04-21 11:55:33.024] [Info] Eksport CSV: E:\AdminData\Analizator uprawnień\Analizator uprawnień\PowerShell\Output\PermissionReport_2026-04-21_11-55-27.csv
[2026-04-21 11:55:33.196] [Info] Wersjonowanie: +1 / -0 / ~0
[2026-04-21 11:55:33.243] [Info] Zarchiwizowano raport: Report_2026-04-21_11-45-21
[2026-04-21 11:55:34.102] [Info] Generowanie raportu HTML...
[2026-04-21 11:55:34.102] [Info]   Szablon: E:\AdminData\Analizator uprawnień\Analizator uprawnień\Report
[2026-04-21 11:55:34.116] [Info]   Wyjscie: E:\AdminData\Analizator uprawnień\Analizator uprawnień\PowerShell\Output\Report
[2026-04-21 11:55:34.148] [Info] Generowanie data.js...
[2026-04-21 11:55:34.227] [Info] data.js wygenerowany: E:\AdminData\Analizator uprawnień\Analizator uprawnień\PowerShell\Output\Report\data.js (160 KB)
[2026-04-21 11:55:34.352] [Info] Raport HTML wygenerowany: E:\AdminData\Analizator uprawnień\Analizator uprawnień\PowerShell\Output\Report
[2026-04-21 11:55:34.368] [Info] Raport HTML: E:\AdminData\Analizator uprawnień\Analizator uprawnień\PowerShell\Output\Report\index.html
[2026-04-21 11:55:34.602] [Info] Rozpoczecie publikacji raportu HTML do SharePoint: https://portalse.test.pl/RaportySP
[2026-04-21 11:55:40.025] [Info] Raport opublikowany w SharePoint: https://portalse.test.pl/RaportySP/Report/index.html
[2026-04-21 11:55:40.071] [Info] Sesja 65D0B4A9 zakonczona. Bledy: 2
