================================================================================
SharePoint Permission Analyzer - Log skanowania
Data:    2026-04-20 08:28:57
Serwer:  MOSSWFESE
Uzytkownik: TEST\lab.m.radziszewski
================================================================================
[2026-04-20 08:28:57.119] [Info] ============================================================
[2026-04-20 08:28:57.121] [Info] SharePoint Permission Analyzer v1.0 - Sesja: F8C79134
[2026-04-20 08:28:57.121] [Info] Poczatek skanowania: 2026-04-20 08:28:57
[2026-04-20 08:28:57.137] [Info] Konfiguracja: E:\AdminData\Analizator uprawnień\Analizator uprawnień\PowerShell\Config\ScanConfig.json
[2026-04-20 08:28:57.137] [Info] ============================================================
[2026-04-20 08:28:57.215] [Info] Weryfikacja uprawnien Farm Admin: OK
[2026-04-20 08:28:57.247] [Info] Farma: SharePoint_Config, Build: 16.0.19127.20338
[2026-04-20 08:28:57.262] [Info] Znaleziono 3 Web Application(s)
[2026-04-20 08:28:57.310] [Info]   WebApp[1] 'SharePoint - osobiste.test.pl' Url='https://osobiste.test.pl/' Type='SPWebApplication'
[2026-04-20 08:28:57.325] [Info] [1/3] Przetwarzam WebApp: https://osobiste.test.pl
[2026-04-20 08:28:57.341] [Info] Skanowanie Web Application: https://osobiste.test.pl
[2026-04-20 08:28:57.400] [Info] Skanowanie Site Collections w https://osobiste.test.pl (SC: 4)
[2026-04-20 08:28:57.525] [Info]  Skanowanie Site Collection: https://osobiste.test.pl
[2026-04-20 08:28:57.610] [Info]   Skanowanie Web: https://osobiste.test.pl
[2026-04-20 08:28:58.088] [Info]  Skanowanie Site Collection: https://osobiste.test.pl/personal/lab_m_radziszewski
[2026-04-20 08:28:58.131] [Info]   Skanowanie Web: https://osobiste.test.pl/personal/lab_m_radziszewski
[2026-04-20 08:28:58.572] [Info]  Skanowanie Site Collection: https://osobiste.test.pl/personal/sp_search
[2026-04-20 08:28:58.650] [Error] Blad skanowania SC https://osobiste.test.pl/personal/sp_search: The following exception occurred while trying to enumerate the collection: "Access is denied. (Exception from HRESULT: 0x80070005 (E_ACCESSDENIED))".
[2026-04-20 08:28:58.729] [Info]  Skanowanie Site Collection: https://sitemaster-fd6313d0-aba0-4722-a4a4-d4f8afafe96c
[2026-04-20 08:28:58.823] [Error] Blad skanowania SC https://sitemaster-fd6313d0-aba0-4722-a4a4-d4f8afafe96c: The following exception occurred while trying to enumerate the collection: "Access is denied. (Exception from HRESULT: 0x80070005 (E_ACCESSDENIED))".
[2026-04-20 08:28:58.886] [Info]   WebApp[2] 'SharePoint - portalse.test.pl' Url='https://portalse.test.pl/' Type='SPWebApplication'
[2026-04-20 08:28:58.902] [Info] [2/3] Przetwarzam WebApp: https://portalse.test.pl
[2026-04-20 08:28:58.918] [Info] Skanowanie Web Application: https://portalse.test.pl
[2026-04-20 08:28:58.981] [Info] Skanowanie Site Collections w https://portalse.test.pl (SC: 1)
[2026-04-20 08:28:59.059] [Info]  Skanowanie Site Collection: https://portalse.test.pl
[2026-04-20 08:28:59.123] [Info]   Skanowanie Web: https://portalse.test.pl
[2026-04-20 08:29:00.632] [Info]   WebApp[3] 'SharePoint - site.test.pl' Url='http://site.test.pl/' Type='SPWebApplication'
[2026-04-20 08:29:00.644] [Info] [3/3] Przetwarzam WebApp: http://site.test.pl
[2026-04-20 08:29:00.651] [Info] Skanowanie Web Application: http://site.test.pl
[2026-04-20 08:29:00.666] [Info] Skanowanie Site Collections w http://site.test.pl (SC: 1)
[2026-04-20 08:29:00.765] [Info]  Skanowanie Site Collection: http://site.test.pl
[2026-04-20 08:29:00.869] [Info]   Skanowanie Web: http://site.test.pl
[2026-04-20 08:29:01.135] [Info]   Skanowanie Web: http://site.test.pl/subsite
[2026-04-20 08:29:01.603] [Info]   Skanowanie Web: http://site.test.pl/subsite/subsite1
[2026-04-20 08:29:01.760] [Info]   Skanowanie Web: http://site.test.pl/subsite/subsite2
[2026-04-20 08:29:01.901] [Info] Laczna liczba obiektow: 106
[2026-04-20 08:29:01.901] [Info] Statystyki: WebApps=3, SC=6, Webs=7, Lists=30, Items=60
[2026-04-20 08:29:02.075] [Info] Skanowanie zakonczone. Czas: 00:00:04. Obiektow: 106. Przypizan: 94
[2026-04-20 08:29:02.154] [Info] Eksport JSON: E:\AdminData\Analizator uprawnień\Analizator uprawnień\PowerShell\Output\PermissionReport_2026-04-20_08-28-57.json
[2026-04-20 08:29:02.249] [Info] Eksport CSV: E:\AdminData\Analizator uprawnień\Analizator uprawnień\PowerShell\Output\PermissionReport_2026-04-20_08-28-57.csv
[2026-04-20 08:29:02.438] [Info] Wersjonowanie: +0 / -0 / ~0
[2026-04-20 08:29:02.438] [Info] Generowanie raportu HTML...
[2026-04-20 08:29:02.454] [Info]   Szablon: E:\AdminData\Analizator uprawnień\Analizator uprawnień\Report
[2026-04-20 08:29:02.463] [Info]   Wyjscie: E:\AdminData\Analizator uprawnień\Analizator uprawnień\PowerShell\Output\Report
[2026-04-20 08:29:02.502] [Info] Generowanie data.js...
[2026-04-20 08:29:02.557] [Info] data.js wygenerowany: E:\AdminData\Analizator uprawnień\Analizator uprawnień\PowerShell\Output\Report\data.js (156 KB)
[2026-04-20 08:29:02.565] [Info] Raport HTML wygenerowany: E:\AdminData\Analizator uprawnień\Analizator uprawnień\PowerShell\Output\Report
[2026-04-20 08:29:02.565] [Info] Raport HTML: E:\AdminData\Analizator uprawnień\Analizator uprawnień\PowerShell\Output\Report\index.html
[2026-04-20 08:29:33.793] [Info] Rozpoczecie publikacji raportu HTML do SharePoint: https://portalse.test.pl/RaportySP
[2026-04-20 08:29:38.105] [Info] Raport opublikowany w SharePoint: https://portalse.test.pl/RaportySP/Report/index.html
[2026-04-20 08:29:38.105] [Info] Sesja F8C79134 zakonczona. Bledy: 2
