================================================================================
SharePoint Permission Analyzer - Log skanowania
Data:    2026-04-20 08:53:00
Serwer:  MOSSWFESE
Uzytkownik: TEST\lab.m.radziszewski
================================================================================
[2026-04-20 08:53:00.512] [Info] ============================================================
[2026-04-20 08:53:00.544] [Info] SharePoint Permission Analyzer v1.0 - Sesja: 482202E7
[2026-04-20 08:53:00.560] [Info] Poczatek skanowania: 2026-04-20 08:53:00
[2026-04-20 08:53:00.568] [Info] Konfiguracja: E:\AdminData\Analizator uprawnień\Analizator uprawnień\PowerShell\Config\ScanConfig.json
[2026-04-20 08:53:00.575] [Info] ============================================================
[2026-04-20 08:53:06.354] [Info] Weryfikacja uprawnien Farm Admin: OK
[2026-04-20 08:53:06.575] [Info] Farma: SharePoint_Config, Build: 16.0.19127.20338
[2026-04-20 08:53:06.607] [Info] Znaleziono 3 Web Application(s)
[2026-04-20 08:53:09.693] [Info]   WebApp[1] 'SharePoint - osobiste.test.pl' Url='' Type='SPWebApplication'
[2026-04-20 08:53:09.788] [Info] [1/3] Przetwarzam WebApp: https://osobiste.test.pl
[2026-04-20 08:53:09.850] [Info] Skanowanie Web Application: https://osobiste.test.pl
[2026-04-20 08:53:10.084] [Info] Skanowanie Site Collections w https://osobiste.test.pl (SC: 4)
[2026-04-20 08:53:12.617] [Info]  Skanowanie Site Collection: https://osobiste.test.pl
[2026-04-20 08:53:15.303] [Info]   Skanowanie Web: https://osobiste.test.pl
[2026-04-20 08:54:11.514] [Info]  Skanowanie Site Collection: https://osobiste.test.pl/personal/lab_m_radziszewski
[2026-04-20 08:54:11.572] [Info]   Skanowanie Web: https://osobiste.test.pl/personal/lab_m_radziszewski
[2026-04-20 08:54:12.838] [Info]  Skanowanie Site Collection: https://osobiste.test.pl/personal/sp_search
[2026-04-20 08:54:12.916] [Error] Blad skanowania SC https://osobiste.test.pl/personal/sp_search: The following exception occurred while trying to enumerate the collection: "Access is denied. (Exception from HRESULT: 0x80070005 (E_ACCESSDENIED))".
[2026-04-20 08:54:13.025] [Info]  Skanowanie Site Collection: https://sitemaster-fd6313d0-aba0-4722-a4a4-d4f8afafe96c
[2026-04-20 08:54:13.103] [Error] Blad skanowania SC https://sitemaster-fd6313d0-aba0-4722-a4a4-d4f8afafe96c: The following exception occurred while trying to enumerate the collection: "Access is denied. (Exception from HRESULT: 0x80070005 (E_ACCESSDENIED))".
[2026-04-20 08:54:13.181] [Info]   WebApp[2] 'SharePoint - portalse.test.pl' Url='' Type='SPWebApplication'
[2026-04-20 08:54:13.197] [Info] [2/3] Przetwarzam WebApp: https://portalse.test.pl
[2026-04-20 08:54:13.213] [Info] Skanowanie Web Application: https://portalse.test.pl
[2026-04-20 08:54:13.260] [Info] Skanowanie Site Collections w https://portalse.test.pl (SC: 1)
[2026-04-20 08:54:13.322] [Info]  Skanowanie Site Collection: https://portalse.test.pl
[2026-04-20 08:54:13.431] [Info]   Skanowanie Web: https://portalse.test.pl
[2026-04-20 08:54:15.071] [Info]   WebApp[3] 'SharePoint - site.test.pl' Url='' Type='SPWebApplication'
[2026-04-20 08:54:15.071] [Info] [3/3] Przetwarzam WebApp: http://site.test.pl
[2026-04-20 08:54:15.087] [Info] Skanowanie Web Application: http://site.test.pl
[2026-04-20 08:54:15.103] [Info] Skanowanie Site Collections w http://site.test.pl (SC: 1)
[2026-04-20 08:54:15.150] [Info]  Skanowanie Site Collection: http://site.test.pl
[2026-04-20 08:54:15.291] [Info]   Skanowanie Web: http://site.test.pl
[2026-04-20 08:54:15.791] [Info]   Skanowanie Web: http://site.test.pl/subsite
[2026-04-20 08:54:16.809] [Info]   Skanowanie Web: http://site.test.pl/subsite/subsite1
[2026-04-20 08:54:17.092] [Info]   Skanowanie Web: http://site.test.pl/subsite/subsite2
[2026-04-20 08:54:17.392] [Info] Laczna liczba obiektow: 106
[2026-04-20 08:54:17.408] [Info] Statystyki: WebApps=3, SC=6, Webs=7, Lists=30, Items=60
[2026-04-20 08:54:17.519] [Info] Skanowanie zakonczone. Czas: 00:01:17. Obiektow: 106. Przypizan: 94
[2026-04-20 08:54:17.614] [Info] Eksport JSON: E:\AdminData\Analizator uprawnień\Analizator uprawnień\PowerShell\Output\PermissionReport_2026-04-20_08-53-00.json
[2026-04-20 08:54:18.087] [Info] Eksport CSV: E:\AdminData\Analizator uprawnień\Analizator uprawnień\PowerShell\Output\PermissionReport_2026-04-20_08-53-00.csv
[2026-04-20 08:54:18.603] [Info] Wersjonowanie: +0 / -0 / ~0
[2026-04-20 08:54:18.697] [Info] Generowanie raportu HTML...
[2026-04-20 08:54:18.760] [Info]   Szablon: E:\AdminData\Analizator uprawnień\Analizator uprawnień\Report
[2026-04-20 08:54:18.760] [Info]   Wyjscie: E:\AdminData\Analizator uprawnień\Analizator uprawnień\PowerShell\Output\Report
[2026-04-20 08:54:18.854] [Info] Generowanie data.js...
[2026-04-20 08:54:18.965] [Info] data.js wygenerowany: E:\AdminData\Analizator uprawnień\Analizator uprawnień\PowerShell\Output\Report\data.js (156 KB)
[2026-04-20 08:54:19.076] [Info] Raport HTML wygenerowany: E:\AdminData\Analizator uprawnień\Analizator uprawnień\PowerShell\Output\Report
[2026-04-20 08:54:19.076] [Info] Raport HTML: E:\AdminData\Analizator uprawnień\Analizator uprawnień\PowerShell\Output\Report\index.html
[2026-04-20 09:09:21.170] [Info] Rozpoczecie publikacji raportu HTML do SharePoint: https://portalse.test.pl/RaportySP
[2026-04-20 09:09:45.012] [Info] Raport opublikowany w SharePoint: https://portalse.test.pl/RaportySP/Report/index.html
[2026-04-20 09:09:45.025] [Info] Sesja 482202E7 zakonczona. Bledy: 2
