================================================================================
SharePoint Permission Analyzer - Log skanowania
Data:    2026-04-20 11:02:21
Serwer:  MOSSWFESE
Uzytkownik: TEST\lab.m.radziszewski
================================================================================
[2026-04-20 11:02:21.917] [Info] ============================================================
[2026-04-20 11:02:21.935] [Info] SharePoint Permission Analyzer v1.0 - Sesja: 28F47BA4
[2026-04-20 11:02:21.935] [Info] Poczatek skanowania: 2026-04-20 11:02:21
[2026-04-20 11:02:21.935] [Info] Konfiguracja: E:\AdminData\Analizator uprawnień\Analizator uprawnień\PowerShell\Config\ScanConfig.json
[2026-04-20 11:02:21.980] [Info] ============================================================
[2026-04-20 11:02:22.011] [Info] Weryfikacja uprawnien Farm Admin: OK
[2026-04-20 11:02:22.106] [Info] Farma: SharePoint_Config, Build: 16.0.19127.20338
[2026-04-20 11:02:22.123] [Info] Znaleziono 3 Web Application(s)
[2026-04-20 11:02:22.123] [Info]   WebApp[1] 'SharePoint - osobiste.test.pl' Url='https://osobiste.test.pl/' Type='SPWebApplication'
[2026-04-20 11:02:22.201] [Info] [1/3] Przetwarzam WebApp: https://osobiste.test.pl
[2026-04-20 11:02:22.217] [Info] Skanowanie Web Application: https://osobiste.test.pl
[2026-04-20 11:02:22.264] [Info] Skanowanie Site Collections w https://osobiste.test.pl (SC: 4)
[2026-04-20 11:02:22.405] [Info]  Skanowanie Site Collection: https://osobiste.test.pl
[2026-04-20 11:02:22.484] [Info]   Skanowanie Web: https://osobiste.test.pl
[2026-04-20 11:02:22.927] [Info]  Skanowanie Site Collection: https://osobiste.test.pl/personal/lab_m_radziszewski
[2026-04-20 11:02:22.966] [Info]   Skanowanie Web: https://osobiste.test.pl/personal/lab_m_radziszewski
[2026-04-20 11:02:23.404] [Info]  Skanowanie Site Collection: https://osobiste.test.pl/personal/sp_search
[2026-04-20 11:02:23.448] [Error] Blad skanowania SC https://osobiste.test.pl/personal/sp_search: The following exception occurred while trying to enumerate the collection: "Access is denied. (Exception from HRESULT: 0x80070005 (E_ACCESSDENIED))".
[2026-04-20 11:02:23.511] [Info]  Skanowanie Site Collection: https://sitemaster-fd6313d0-aba0-4722-a4a4-d4f8afafe96c
[2026-04-20 11:02:23.574] [Error] Blad skanowania SC https://sitemaster-fd6313d0-aba0-4722-a4a4-d4f8afafe96c: The following exception occurred while trying to enumerate the collection: "Access is denied. (Exception from HRESULT: 0x80070005 (E_ACCESSDENIED))".
[2026-04-20 11:02:23.637] [Info]   WebApp[2] 'SharePoint - portalse.test.pl' Url='https://portalse.test.pl/' Type='SPWebApplication'
[2026-04-20 11:02:23.654] [Info] [2/3] Przetwarzam WebApp: https://portalse.test.pl
[2026-04-20 11:02:23.654] [Info] Skanowanie Web Application: https://portalse.test.pl
[2026-04-20 11:02:23.748] [Info] Skanowanie Site Collections w https://portalse.test.pl (SC: 1)
[2026-04-20 11:02:23.810] [Info]  Skanowanie Site Collection: https://portalse.test.pl
[2026-04-20 11:02:23.904] [Info]   Skanowanie Web: https://portalse.test.pl
[2026-04-20 11:02:25.482] [Info]   WebApp[3] 'SharePoint - site.test.pl' Url='http://site.test.pl/' Type='SPWebApplication'
[2026-04-20 11:02:25.498] [Info] [3/3] Przetwarzam WebApp: http://site.test.pl
[2026-04-20 11:02:25.498] [Info] Skanowanie Web Application: http://site.test.pl
[2026-04-20 11:02:25.529] [Info] Skanowanie Site Collections w http://site.test.pl (SC: 1)
[2026-04-20 11:02:25.672] [Info]  Skanowanie Site Collection: http://site.test.pl
[2026-04-20 11:02:25.795] [Info]   Skanowanie Web: http://site.test.pl
[2026-04-20 11:02:26.175] [Info]   Skanowanie Web: http://site.test.pl/subsite
[2026-04-20 11:02:26.760] [Info]   Skanowanie Web: http://site.test.pl/subsite/subsite1
[2026-04-20 11:02:26.918] [Info]   Skanowanie Web: http://site.test.pl/subsite/subsite2
[2026-04-20 11:02:27.060] [Info] Laczna liczba obiektow: 108
[2026-04-20 11:02:27.060] [Info] Statystyki: WebApps=3, SC=6, Webs=7, Lists=30, Items=62
[2026-04-20 11:02:27.108] [Info] Skanowanie zakonczone. Czas: 00:00:05. Obiektow: 108. Przypizan: 112
[2026-04-20 11:02:27.217] [Info] Eksport JSON: E:\AdminData\Analizator uprawnień\Analizator uprawnień\PowerShell\Output\PermissionReport_2026-04-20_11-02-21.json
[2026-04-20 11:02:27.311] [Info] Eksport CSV: E:\AdminData\Analizator uprawnień\Analizator uprawnień\PowerShell\Output\PermissionReport_2026-04-20_11-02-21.csv
[2026-04-20 11:02:27.562] [Info] Wersjonowanie: +2 / -3 / ~1
[2026-04-20 11:02:27.562] [Info] Generowanie raportu HTML...
[2026-04-20 11:02:27.578] [Info]   Szablon: E:\AdminData\Analizator uprawnień\Analizator uprawnień\Report
[2026-04-20 11:02:27.578] [Info]   Wyjscie: E:\AdminData\Analizator uprawnień\Analizator uprawnień\PowerShell\Output\Report
[2026-04-20 11:02:27.610] [Info] Generowanie data.js...
[2026-04-20 11:02:27.673] [Info] data.js wygenerowany: E:\AdminData\Analizator uprawnień\Analizator uprawnień\PowerShell\Output\Report\data.js (162 KB)
[2026-04-20 11:02:27.767] [Info] Raport HTML wygenerowany: E:\AdminData\Analizator uprawnień\Analizator uprawnień\PowerShell\Output\Report
[2026-04-20 11:02:27.783] [Info] Raport HTML: E:\AdminData\Analizator uprawnień\Analizator uprawnień\PowerShell\Output\Report\index.html
[2026-04-20 11:02:28.147] [Info] Rozpoczecie publikacji raportu HTML do SharePoint: https://portalse.test.pl/RaportySP
[2026-04-20 11:02:32.295] [Info] Raport opublikowany w SharePoint: https://portalse.test.pl/RaportySP/Report/index.html
[2026-04-20 11:02:32.295] [Info] Sesja 28F47BA4 zakonczona. Bledy: 2
