================================================================================
SharePoint Permission Analyzer - Log skanowania
Data:    2026-04-20 14:32:39
Serwer:  MOSSWFESE
Uzytkownik: TEST\lab.m.radziszewski
================================================================================
[2026-04-20 14:32:39.710] [Info] ============================================================
[2026-04-20 14:32:39.710] [Info] SharePoint Permission Analyzer v1.0 - Sesja: 97CC4600
[2026-04-20 14:32:39.725] [Info] Poczatek skanowania: 2026-04-20 14:32:39
[2026-04-20 14:32:39.773] [Info] Konfiguracja: E:\AdminData\Analizator uprawnień\Analizator uprawnień\PowerShell\Config\ScanConfig.json
[2026-04-20 14:32:39.788] [Info] ============================================================
[2026-04-20 14:32:39.804] [Info] Weryfikacja uprawnien Farm Admin: OK
[2026-04-20 14:32:40.025] [Info] Farma: SharePoint_Config, Build: 16.0.19127.20338
[2026-04-20 14:32:40.041] [Info] Znaleziono 3 Web Application(s)
[2026-04-20 14:32:40.057] [Info]   WebApp[1] 'SharePoint - osobiste.test.pl' Url='https://osobiste.test.pl/' Type='SPWebApplication'
[2026-04-20 14:32:40.120] [Info] [1/3] Przetwarzam WebApp: https://osobiste.test.pl
[2026-04-20 14:32:40.136] [Info] Skanowanie Web Application: https://osobiste.test.pl
[2026-04-20 14:32:40.167] [Info] Skanowanie Site Collections w https://osobiste.test.pl (SC: 4)
[2026-04-20 14:32:40.278] [Info]  Skanowanie Site Collection: https://osobiste.test.pl
[2026-04-20 14:32:40.373] [Info]   Skanowanie Web: https://osobiste.test.pl
[2026-04-20 14:32:40.834] [Info]  Skanowanie Site Collection: https://osobiste.test.pl/personal/lab_m_radziszewski
[2026-04-20 14:32:40.865] [Info]   Skanowanie Web: https://osobiste.test.pl/personal/lab_m_radziszewski
[2026-04-20 14:32:41.318] [Info]  Skanowanie Site Collection: https://osobiste.test.pl/personal/sp_search
[2026-04-20 14:32:41.350] [Error] Blad skanowania SC https://osobiste.test.pl/personal/sp_search: The following exception occurred while trying to enumerate the collection: "Access is denied. (Exception from HRESULT: 0x80070005 (E_ACCESSDENIED))".
[2026-04-20 14:32:41.444] [Info]  Skanowanie Site Collection: https://sitemaster-fd6313d0-aba0-4722-a4a4-d4f8afafe96c
[2026-04-20 14:32:41.522] [Error] Blad skanowania SC https://sitemaster-fd6313d0-aba0-4722-a4a4-d4f8afafe96c: The following exception occurred while trying to enumerate the collection: "Access is denied. (Exception from HRESULT: 0x80070005 (E_ACCESSDENIED))".
[2026-04-20 14:32:41.568] [Info]   WebApp[2] 'SharePoint - portalse.test.pl' Url='https://portalse.test.pl/' Type='SPWebApplication'
[2026-04-20 14:32:41.584] [Info] [2/3] Przetwarzam WebApp: https://portalse.test.pl
[2026-04-20 14:32:41.600] [Info] Skanowanie Web Application: https://portalse.test.pl
[2026-04-20 14:32:41.615] [Info] Skanowanie Site Collections w https://portalse.test.pl (SC: 1)
[2026-04-20 14:32:41.709] [Info]  Skanowanie Site Collection: https://portalse.test.pl
[2026-04-20 14:32:41.772] [Info]   Skanowanie Web: https://portalse.test.pl
[2026-04-20 14:32:43.224] [Info]   WebApp[3] 'SharePoint - site.test.pl' Url='http://site.test.pl/' Type='SPWebApplication'
[2026-04-20 14:32:43.318] [Info] [3/3] Przetwarzam WebApp: http://site.test.pl
[2026-04-20 14:32:43.318] [Info] Skanowanie Web Application: http://site.test.pl
[2026-04-20 14:32:43.334] [Info] Skanowanie Site Collections w http://site.test.pl (SC: 1)
[2026-04-20 14:32:43.413] [Info]  Skanowanie Site Collection: http://site.test.pl
[2026-04-20 14:32:43.461] [Info]   Skanowanie Web: http://site.test.pl
[2026-04-20 14:32:43.803] [Info]   Skanowanie Web: http://site.test.pl/subsite
[2026-04-20 14:32:44.423] [Info]   Skanowanie Web: http://site.test.pl/subsite/subsite1
[2026-04-20 14:32:44.565] [Info]   Skanowanie Web: http://site.test.pl/subsite/subsite2
[2026-04-20 14:32:44.678] [Info] Laczna liczba obiektow: 108
[2026-04-20 14:32:44.678] [Info] Statystyki: WebApps=3, SC=6, Webs=7, Lists=30, Items=62
[2026-04-20 14:32:44.709] [Info] Skanowanie zakonczone. Czas: 00:00:04. Obiektow: 108. Przypizan: 91
[2026-04-20 14:32:44.739] [Info] Eksport JSON: E:\AdminData\Analizator uprawnień\Analizator uprawnień\PowerShell\Output\PermissionReport_2026-04-20_14-32-39.json
[2026-04-20 14:32:44.881] [Info] Eksport CSV: E:\AdminData\Analizator uprawnień\Analizator uprawnień\PowerShell\Output\PermissionReport_2026-04-20_14-32-39.csv
[2026-04-20 14:32:45.069] [Info] Wersjonowanie: +0 / -0 / ~1
[2026-04-20 14:32:45.084] [Info] Generowanie raportu HTML...
[2026-04-20 14:32:45.084] [Info]   Szablon: E:\AdminData\Analizator uprawnień\Analizator uprawnień\Report
[2026-04-20 14:32:45.100] [Info]   Wyjscie: E:\AdminData\Analizator uprawnień\Analizator uprawnień\PowerShell\Output\Report
[2026-04-20 14:32:45.132] [Info] Generowanie data.js...
[2026-04-20 14:32:45.179] [Info] data.js wygenerowany: E:\AdminData\Analizator uprawnień\Analizator uprawnień\PowerShell\Output\Report\data.js (158 KB)
[2026-04-20 14:32:45.274] [Info] Raport HTML wygenerowany: E:\AdminData\Analizator uprawnień\Analizator uprawnień\PowerShell\Output\Report
[2026-04-20 14:32:45.274] [Info] Raport HTML: E:\AdminData\Analizator uprawnień\Analizator uprawnień\PowerShell\Output\Report\index.html
[2026-04-20 14:32:45.553] [Info] Rozpoczecie publikacji raportu HTML do SharePoint: https://portalse.test.pl/RaportySP
[2026-04-20 14:32:49.616] [Info] Raport opublikowany w SharePoint: https://portalse.test.pl/RaportySP/Report/index.html
[2026-04-20 14:32:49.632] [Info] Sesja 97CC4600 zakonczona. Bledy: 2
