================================================================================
SharePoint Permission Analyzer - Log skanowania
Data:    2026-04-20 14:27:41
Serwer:  MOSSWFESE
Uzytkownik: TEST\lab.m.radziszewski
================================================================================
[2026-04-20 14:27:41.522] [Info] ============================================================
[2026-04-20 14:27:41.522] [Info] SharePoint Permission Analyzer v1.0 - Sesja: D39641EB
[2026-04-20 14:27:41.538] [Info] Poczatek skanowania: 2026-04-20 14:27:41
[2026-04-20 14:27:41.538] [Info] Konfiguracja: E:\AdminData\Analizator uprawnień\Analizator uprawnień\PowerShell\Config\ScanConfig.json
[2026-04-20 14:27:41.553] [Info] ============================================================
[2026-04-20 14:27:41.600] [Info] Weryfikacja uprawnien Farm Admin: OK
[2026-04-20 14:27:41.631] [Info] Farma: SharePoint_Config, Build: 16.0.19127.20338
[2026-04-20 14:27:41.694] [Info] Znaleziono 3 Web Application(s)
[2026-04-20 14:27:41.709] [Info]   WebApp[1] 'SharePoint - osobiste.test.pl' Url='https://osobiste.test.pl/' Type='SPWebApplication'
[2026-04-20 14:27:41.725] [Info] [1/3] Przetwarzam WebApp: https://osobiste.test.pl
[2026-04-20 14:27:41.741] [Info] Skanowanie Web Application: https://osobiste.test.pl
[2026-04-20 14:27:41.819] [Info] Skanowanie Site Collections w https://osobiste.test.pl (SC: 4)
[2026-04-20 14:27:41.912] [Info]  Skanowanie Site Collection: https://osobiste.test.pl
[2026-04-20 14:27:42.006] [Info]   Skanowanie Web: https://osobiste.test.pl
[2026-04-20 14:27:42.475] [Info]  Skanowanie Site Collection: https://osobiste.test.pl/personal/lab_m_radziszewski
[2026-04-20 14:27:42.506] [Info]   Skanowanie Web: https://osobiste.test.pl/personal/lab_m_radziszewski
[2026-04-20 14:27:43.084] [Info]  Skanowanie Site Collection: https://osobiste.test.pl/personal/sp_search
[2026-04-20 14:27:43.131] [Error] Blad skanowania SC https://osobiste.test.pl/personal/sp_search: The following exception occurred while trying to enumerate the collection: "Access is denied. (Exception from HRESULT: 0x80070005 (E_ACCESSDENIED))".
[2026-04-20 14:27:43.257] [Info]  Skanowanie Site Collection: https://sitemaster-fd6313d0-aba0-4722-a4a4-d4f8afafe96c
[2026-04-20 14:27:43.352] [Error] Blad skanowania SC https://sitemaster-fd6313d0-aba0-4722-a4a4-d4f8afafe96c: The following exception occurred while trying to enumerate the collection: "Access is denied. (Exception from HRESULT: 0x80070005 (E_ACCESSDENIED))".
[2026-04-20 14:27:43.384] [Info]   WebApp[2] 'SharePoint - portalse.test.pl' Url='https://portalse.test.pl/' Type='SPWebApplication'
[2026-04-20 14:27:43.400] [Info] [2/3] Przetwarzam WebApp: https://portalse.test.pl
[2026-04-20 14:27:43.462] [Info] Skanowanie Web Application: https://portalse.test.pl
[2026-04-20 14:27:43.510] [Info] Skanowanie Site Collections w https://portalse.test.pl (SC: 1)
[2026-04-20 14:27:43.573] [Info]  Skanowanie Site Collection: https://portalse.test.pl
[2026-04-20 14:27:43.636] [Info]   Skanowanie Web: https://portalse.test.pl
[2026-04-20 14:27:45.196] [Info]   WebApp[3] 'SharePoint - site.test.pl' Url='http://site.test.pl/' Type='SPWebApplication'
[2026-04-20 14:27:45.212] [Info] [3/3] Przetwarzam WebApp: http://site.test.pl
[2026-04-20 14:27:45.260] [Info] Skanowanie Web Application: http://site.test.pl
[2026-04-20 14:27:45.275] [Info] Skanowanie Site Collections w http://site.test.pl (SC: 1)
[2026-04-20 14:27:45.354] [Info]  Skanowanie Site Collection: http://site.test.pl
[2026-04-20 14:27:45.417] [Info]   Skanowanie Web: http://site.test.pl
[2026-04-20 14:27:45.702] [Info]   Skanowanie Web: http://site.test.pl/subsite
[2026-04-20 14:27:46.159] [Info]   Skanowanie Web: http://site.test.pl/subsite/subsite1
[2026-04-20 14:27:46.285] [Info]   Skanowanie Web: http://site.test.pl/subsite/subsite2
[2026-04-20 14:27:46.396] [Info] Laczna liczba obiektow: 108
[2026-04-20 14:27:46.396] [Info] Statystyki: WebApps=3, SC=6, Webs=7, Lists=30, Items=62
[2026-04-20 14:27:46.427] [Info] Skanowanie zakonczone. Czas: 00:00:04. Obiektow: 108. Przypizan: 94
[2026-04-20 14:27:46.521] [Info] Eksport JSON: E:\AdminData\Analizator uprawnień\Analizator uprawnień\PowerShell\Output\PermissionReport_2026-04-20_14-27-41.json
[2026-04-20 14:27:46.616] [Info] Eksport CSV: E:\AdminData\Analizator uprawnień\Analizator uprawnień\PowerShell\Output\PermissionReport_2026-04-20_14-27-41.csv
[2026-04-20 14:27:46.913] [Info] Wersjonowanie: +0 / -0 / ~1
[2026-04-20 14:27:46.929] [Info] Generowanie raportu HTML...
[2026-04-20 14:27:46.929] [Info]   Szablon: E:\AdminData\Analizator uprawnień\Analizator uprawnień\Report
[2026-04-20 14:27:46.944] [Info]   Wyjscie: E:\AdminData\Analizator uprawnień\Analizator uprawnień\PowerShell\Output\Report
[2026-04-20 14:27:47.053] [Info] Generowanie data.js...
[2026-04-20 14:27:47.116] [Info] data.js wygenerowany: E:\AdminData\Analizator uprawnień\Analizator uprawnień\PowerShell\Output\Report\data.js (159 KB)
[2026-04-20 14:27:47.210] [Info] Raport HTML wygenerowany: E:\AdminData\Analizator uprawnień\Analizator uprawnień\PowerShell\Output\Report
[2026-04-20 14:27:47.210] [Info] Raport HTML: E:\AdminData\Analizator uprawnień\Analizator uprawnień\PowerShell\Output\Report\index.html
[2026-04-20 14:27:47.413] [Info] Rozpoczecie publikacji raportu HTML do SharePoint: https://portalse.test.pl/RaportySP
[2026-04-20 14:27:50.820] [Info] Raport opublikowany w SharePoint: https://portalse.test.pl/RaportySP/Report/index.html
[2026-04-20 14:27:50.883] [Info] Sesja D39641EB zakonczona. Bledy: 2
