================================================================================
SharePoint Permission Analyzer - Log skanowania
Data:    2026-04-21 12:08:07
Serwer:  MOSSWFESE
Uzytkownik: TEST\lab.m.radziszewski
================================================================================
[2026-04-21 12:08:07.953] [Info] ============================================================
[2026-04-21 12:08:07.969] [Info] SharePoint Permission Analyzer v1.0 - Sesja: 76121818
[2026-04-21 12:08:07.969] [Info] Poczatek skanowania: 2026-04-21 12:08:07
[2026-04-21 12:08:08.032] [Info] Konfiguracja: E:\AdminData\Analizator uprawnień\Analizator uprawnień\PowerShell\Config\ScanConfig.json
[2026-04-21 12:08:08.048] [Info] ============================================================
[2026-04-21 12:08:08.063] [Info] Weryfikacja uprawnien Farm Admin: OK
[2026-04-21 12:08:08.157] [Info] Farma: SharePoint_Config, Build: 16.0.19127.20338
[2026-04-21 12:08:08.173] [Info] Znaleziono 3 Web Application(s)
[2026-04-21 12:08:08.173] [Info]   WebApp[1] 'SharePoint - osobiste.test.pl' Url='https://osobiste.test.pl/' Type='SPWebApplication'
[2026-04-21 12:08:08.266] [Info] [1/3] Przetwarzam WebApp: https://osobiste.test.pl
[2026-04-21 12:08:08.282] [Info] Skanowanie Web Application: https://osobiste.test.pl
[2026-04-21 12:08:08.297] [Info] Skanowanie Site Collections w https://osobiste.test.pl (SC: 4)
[2026-04-21 12:08:27.651] [Info]  Skanowanie Site Collection: https://osobiste.test.pl
[2026-04-21 12:08:27.715] [Info]   Skanowanie Web: https://osobiste.test.pl
[2026-04-21 12:08:28.189] [Info]  Skanowanie Site Collection: https://osobiste.test.pl/personal/lab_m_radziszewski
[2026-04-21 12:08:28.220] [Info]   Skanowanie Web: https://osobiste.test.pl/personal/lab_m_radziszewski
[2026-04-21 12:08:28.627] [Info]  Skanowanie Site Collection: https://osobiste.test.pl/personal/sp_search
[2026-04-21 12:08:28.674] [Error] Blad skanowania SC https://osobiste.test.pl/personal/sp_search: The following exception occurred while trying to enumerate the collection: "Access is denied. (Exception from HRESULT: 0x80070005 (E_ACCESSDENIED))".
[2026-04-21 12:08:28.784] [Info]  Skanowanie Site Collection: https://sitemaster-fd6313d0-aba0-4722-a4a4-d4f8afafe96c
[2026-04-21 12:08:28.847] [Error] Blad skanowania SC https://sitemaster-fd6313d0-aba0-4722-a4a4-d4f8afafe96c: The following exception occurred while trying to enumerate the collection: "Access is denied. (Exception from HRESULT: 0x80070005 (E_ACCESSDENIED))".
[2026-04-21 12:08:28.894] [Info]   WebApp[2] 'SharePoint - portalse.test.pl' Url='https://portalse.test.pl/' Type='SPWebApplication'
[2026-04-21 12:08:28.894] [Info] [2/3] Przetwarzam WebApp: https://portalse.test.pl
[2026-04-21 12:08:28.910] [Info] Skanowanie Web Application: https://portalse.test.pl
[2026-04-21 12:08:28.910] [Info] Skanowanie Site Collections w https://portalse.test.pl (SC: 1)
[2026-04-21 12:08:28.989] [Info]  Skanowanie Site Collection: https://portalse.test.pl
[2026-04-21 12:08:29.053] [Info]   Skanowanie Web: https://portalse.test.pl
[2026-04-21 12:08:30.456] [Info]   WebApp[3] 'SharePoint - site.test.pl' Url='http://site.test.pl/' Type='SPWebApplication'
[2026-04-21 12:08:30.472] [Info] [3/3] Przetwarzam WebApp: http://site.test.pl
[2026-04-21 12:08:30.472] [Info] Skanowanie Web Application: http://site.test.pl
[2026-04-21 12:08:30.488] [Info] Skanowanie Site Collections w http://site.test.pl (SC: 1)
[2026-04-21 12:08:30.603] [Info]  Skanowanie Site Collection: http://site.test.pl
[2026-04-21 12:08:30.698] [Info]   Skanowanie Web: http://site.test.pl
[2026-04-21 12:08:30.952] [Info]   Skanowanie Web: http://site.test.pl/subsite
[2026-04-21 12:08:31.471] [Info]   Skanowanie Web: http://site.test.pl/subsite/subsite1
[2026-04-21 12:08:31.642] [Info]   Skanowanie Web: http://site.test.pl/subsite/subsite2
[2026-04-21 12:08:31.783] [Info] Laczna liczba obiektow: 108
[2026-04-21 12:08:31.799] [Info] Statystyki: WebApps=3, SC=6, Webs=7, Lists=30, Items=62
[2026-04-21 12:08:31.830] [Info] Skanowanie zakonczone. Czas: 00:00:23. Obiektow: 108. Przypizan: 61
[2026-04-21 12:08:31.908] [Info] Eksport JSON: E:\AdminData\Analizator uprawnień\Analizator uprawnień\PowerShell\Output\PermissionReport_2026-04-21_12-08-07.json
[2026-04-21 12:08:32.017] [Info] Eksport CSV: E:\AdminData\Analizator uprawnień\Analizator uprawnień\PowerShell\Output\PermissionReport_2026-04-21_12-08-07.csv
[2026-04-21 12:08:32.205] [Info] Wersjonowanie: +0 / -0 / ~0
[2026-04-21 12:08:32.299] [Info] Zarchiwizowano raport: Report_2026-04-21_11-59-35
[2026-04-21 12:08:32.861] [Info] Generowanie raportu HTML...
[2026-04-21 12:08:32.870] [Info]   Szablon: E:\AdminData\Analizator uprawnień\Analizator uprawnień\Report
[2026-04-21 12:08:32.870] [Info]   Wyjscie: E:\AdminData\Analizator uprawnień\Analizator uprawnień\PowerShell\Output\Report
[2026-04-21 12:08:32.902] [Info] Generowanie data.js...
[2026-04-21 12:08:32.986] [Info] data.js wygenerowany: E:\AdminData\Analizator uprawnień\Analizator uprawnień\PowerShell\Output\Report\data.js (159 KB)
[2026-04-21 12:08:33.093] [Info] Raport HTML wygenerowany: E:\AdminData\Analizator uprawnień\Analizator uprawnień\PowerShell\Output\Report
[2026-04-21 12:08:33.111] [Info] Raport HTML: E:\AdminData\Analizator uprawnień\Analizator uprawnień\PowerShell\Output\Report\index.html
[2026-04-21 12:08:33.424] [Info] Rozpoczecie publikacji raportu HTML do SharePoint: https://portalse.test.pl/RaportySP
[2026-04-21 12:08:36.971] [Info] Raport opublikowany w SharePoint: https://portalse.test.pl/RaportySP/Report/index.html
[2026-04-21 12:08:36.971] [Info] Sesja 76121818 zakonczona. Bledy: 2
