================================================================================
SharePoint Permission Analyzer - Log skanowania
Data:    2026-04-21 12:12:01
Serwer:  MOSSWFESE
Uzytkownik: TEST\lab.m.radziszewski
================================================================================
[2026-04-21 12:12:01.919] [Info] ============================================================
[2026-04-21 12:12:01.919] [Info] SharePoint Permission Analyzer v1.0 - Sesja: 1A23EF17
[2026-04-21 12:12:01.919] [Info] Poczatek skanowania: 2026-04-21 12:12:01
[2026-04-21 12:12:01.935] [Info] Konfiguracja: E:\AdminData\Analizator uprawnień\Analizator uprawnień\PowerShell\Config\ScanConfig.json
[2026-04-21 12:12:01.935] [Info] ============================================================
[2026-04-21 12:12:01.998] [Info] Weryfikacja uprawnien Farm Admin: OK
[2026-04-21 12:12:02.106] [Info] Farma: SharePoint_Config, Build: 16.0.19127.20338
[2026-04-21 12:12:02.122] [Info] Znaleziono 3 Web Application(s)
[2026-04-21 12:12:02.122] [Info]   WebApp[1] 'SharePoint - osobiste.test.pl' Url='https://osobiste.test.pl/' Type='SPWebApplication'
[2026-04-21 12:12:02.138] [Info] [1/3] Przetwarzam WebApp: https://osobiste.test.pl
[2026-04-21 12:12:02.138] [Info] Skanowanie Web Application: https://osobiste.test.pl
[2026-04-21 12:12:02.200] [Info] Skanowanie Site Collections w https://osobiste.test.pl (SC: 4)
[2026-04-21 12:12:02.294] [Info]  Skanowanie Site Collection: https://osobiste.test.pl
[2026-04-21 12:12:02.357] [Info]   Skanowanie Web: https://osobiste.test.pl
[2026-04-21 12:12:02.857] [Info]  Skanowanie Site Collection: https://osobiste.test.pl/personal/lab_m_radziszewski
[2026-04-21 12:12:02.903] [Info]   Skanowanie Web: https://osobiste.test.pl/personal/lab_m_radziszewski
[2026-04-21 12:12:03.341] [Info]  Skanowanie Site Collection: https://osobiste.test.pl/personal/sp_search
[2026-04-21 12:12:03.376] [Error] Blad skanowania SC https://osobiste.test.pl/personal/sp_search: The following exception occurred while trying to enumerate the collection: "Access is denied. (Exception from HRESULT: 0x80070005 (E_ACCESSDENIED))".
[2026-04-21 12:12:03.503] [Info]  Skanowanie Site Collection: https://sitemaster-fd6313d0-aba0-4722-a4a4-d4f8afafe96c
[2026-04-21 12:12:03.560] [Error] Blad skanowania SC https://sitemaster-fd6313d0-aba0-4722-a4a4-d4f8afafe96c: The following exception occurred while trying to enumerate the collection: "Access is denied. (Exception from HRESULT: 0x80070005 (E_ACCESSDENIED))".
[2026-04-21 12:12:03.630] [Info]   WebApp[2] 'SharePoint - portalse.test.pl' Url='https://portalse.test.pl/' Type='SPWebApplication'
[2026-04-21 12:12:03.645] [Info] [2/3] Przetwarzam WebApp: https://portalse.test.pl
[2026-04-21 12:12:03.654] [Info] Skanowanie Web Application: https://portalse.test.pl
[2026-04-21 12:12:03.709] [Info] Skanowanie Site Collections w https://portalse.test.pl (SC: 1)
[2026-04-21 12:12:03.772] [Info]  Skanowanie Site Collection: https://portalse.test.pl
[2026-04-21 12:12:03.851] [Info]   Skanowanie Web: https://portalse.test.pl
[2026-04-21 12:12:05.252] [Info]   WebApp[3] 'SharePoint - site.test.pl' Url='http://site.test.pl/' Type='SPWebApplication'
[2026-04-21 12:12:05.268] [Info] [3/3] Przetwarzam WebApp: http://site.test.pl
[2026-04-21 12:12:05.284] [Info] Skanowanie Web Application: http://site.test.pl
[2026-04-21 12:12:05.300] [Info] Skanowanie Site Collections w http://site.test.pl (SC: 1)
[2026-04-21 12:12:05.442] [Info]  Skanowanie Site Collection: http://site.test.pl
[2026-04-21 12:12:05.537] [Info]   Skanowanie Web: http://site.test.pl
[2026-04-21 12:12:05.870] [Info]   Skanowanie Web: http://site.test.pl/subsite
[2026-04-21 12:12:06.577] [Info]   Skanowanie Web: http://site.test.pl/subsite/subsite1
[2026-04-21 12:12:06.716] [Info]   Skanowanie Web: http://site.test.pl/subsite/subsite2
[2026-04-21 12:12:06.878] [Info] Laczna liczba obiektow: 112
[2026-04-21 12:12:06.894] [Info] Statystyki: WebApps=3, SC=6, Webs=7, Lists=30, Items=66
[2026-04-21 12:12:07.037] [Info] Skanowanie zakonczone. Czas: 00:00:04. Obiektow: 112. Przypizan: 61
[2026-04-21 12:12:07.131] [Info] Eksport JSON: E:\AdminData\Analizator uprawnień\Analizator uprawnień\PowerShell\Output\PermissionReport_2026-04-21_12-12-01.json
[2026-04-21 12:12:07.384] [Info] Eksport CSV: E:\AdminData\Analizator uprawnień\Analizator uprawnień\PowerShell\Output\PermissionReport_2026-04-21_12-12-01.csv
[2026-04-21 12:12:07.716] [Info] Wersjonowanie: +4 / -0 / ~0
[2026-04-21 12:12:07.812] [Info] Zarchiwizowano raport: Report_2026-04-21_12-08-32
[2026-04-21 12:12:08.591] [Info] Generowanie raportu HTML...
[2026-04-21 12:12:08.602] [Info]   Szablon: E:\AdminData\Analizator uprawnień\Analizator uprawnień\Report
[2026-04-21 12:12:08.665] [Info]   Wyjscie: E:\AdminData\Analizator uprawnień\Analizator uprawnień\PowerShell\Output\Report
[2026-04-21 12:12:08.728] [Info] Generowanie data.js...
[2026-04-21 12:12:08.779] [Info] data.js wygenerowany: E:\AdminData\Analizator uprawnień\Analizator uprawnień\PowerShell\Output\Report\data.js (165 KB)
[2026-04-21 12:12:08.886] [Info] Raport HTML wygenerowany: E:\AdminData\Analizator uprawnień\Analizator uprawnień\PowerShell\Output\Report
[2026-04-21 12:12:08.904] [Info] Raport HTML: E:\AdminData\Analizator uprawnień\Analizator uprawnień\PowerShell\Output\Report\index.html
[2026-04-21 12:12:09.279] [Info] Rozpoczecie publikacji raportu HTML do SharePoint: https://portalse.test.pl/RaportySP
[2026-04-21 12:12:13.232] [Info] Raport opublikowany w SharePoint: https://portalse.test.pl/RaportySP/Report/index.html
[2026-04-21 12:12:13.247] [Info] Sesja 1A23EF17 zakonczona. Bledy: 2
