================================================================================
SharePoint Permission Analyzer - Log skanowania
Data:    2026-04-16 10:15:40
Serwer:  MOSSWFESE
Uzytkownik: TEST\lab.m.radziszewski
================================================================================
[2026-04-16 10:15:40.763] [Info] ============================================================
[2026-04-16 10:15:40.811] [Info] SharePoint Permission Analyzer v1.0 - Sesja: 3B357BD8
[2026-04-16 10:15:40.826] [Info] Poczatek skanowania: 2026-04-16 10:15:40
[2026-04-16 10:15:40.829] [Info] Konfiguracja: E:\AdminData\Analizator uprawnień\Analizator uprawnień\PowerShell\Config\ScanConfig.json
[2026-04-16 10:15:40.843] [Info] ============================================================
[2026-04-16 10:15:44.668] [Info] Weryfikacja uprawnien Farm Admin: OK
[2026-04-16 10:15:44.842] [Info] Farma: SharePoint_Config, Build: 16.0.19127.20338
[2026-04-16 10:15:44.873] [Info] Znaleziono 3 Web Application(s)
[2026-04-16 10:15:47.648] [Info]   WebApp[1] 'SharePoint - osobiste.test.pl' Url='' Type='SPWebApplication'
[2026-04-16 10:15:47.743] [Info] [1/3] Przetwarzam WebApp: https://osobiste.test.pl
[2026-04-16 10:15:47.870] [Info] Skanowanie Web Application: https://osobiste.test.pl
[2026-04-16 10:15:48.091] [Info] Skanowanie Site Collections w https://osobiste.test.pl (SC: 4)
[2026-04-16 10:15:48.992] [Info]  Skanowanie Site Collection: https://osobiste.test.pl
[2026-04-16 10:15:50.925] [Info]   Skanowanie Web: https://osobiste.test.pl
[2026-04-16 10:15:56.923] [Info]  Skanowanie Site Collection: https://osobiste.test.pl/personal/lab_m_radziszewski
[2026-04-16 10:15:56.955] [Info]   Skanowanie Web: https://osobiste.test.pl/personal/lab_m_radziszewski
[2026-04-16 10:15:57.986] [Info]  Skanowanie Site Collection: https://osobiste.test.pl/personal/sp_search
[2026-04-16 10:15:58.062] [Error] Blad skanowania SC https://osobiste.test.pl/personal/sp_search: The following exception occurred while trying to enumerate the collection: "Access is denied. (Exception from HRESULT: 0x80070005 (E_ACCESSDENIED))".
[2026-04-16 10:15:58.236] [Info]  Skanowanie Site Collection: https://sitemaster-fd6313d0-aba0-4722-a4a4-d4f8afafe96c
[2026-04-16 10:15:58.315] [Error] Blad skanowania SC https://sitemaster-fd6313d0-aba0-4722-a4a4-d4f8afafe96c: The following exception occurred while trying to enumerate the collection: "Access is denied. (Exception from HRESULT: 0x80070005 (E_ACCESSDENIED))".
[2026-04-16 10:15:58.346] [Info]   WebApp[2] 'SharePoint - portalse.test.pl' Url='' Type='SPWebApplication'
[2026-04-16 10:15:58.361] [Info] [2/3] Przetwarzam WebApp: https://portalse.test.pl
[2026-04-16 10:15:58.393] [Info] Skanowanie Web Application: https://portalse.test.pl
[2026-04-16 10:15:58.409] [Info] Skanowanie Site Collections w https://portalse.test.pl (SC: 1)
[2026-04-16 10:15:58.472] [Info]  Skanowanie Site Collection: https://portalse.test.pl
[2026-04-16 10:15:58.551] [Info]   Skanowanie Web: https://portalse.test.pl
[2026-04-16 10:15:59.639] [Info]   WebApp[3] 'SharePoint - site.test.pl' Url='' Type='SPWebApplication'
[2026-04-16 10:15:59.655] [Info] [3/3] Przetwarzam WebApp: http://site.test.pl
[2026-04-16 10:15:59.671] [Info] Skanowanie Web Application: http://site.test.pl
[2026-04-16 10:15:59.736] [Info] Skanowanie Site Collections w http://site.test.pl (SC: 1)
[2026-04-16 10:15:59.797] [Info]  Skanowanie Site Collection: http://site.test.pl
[2026-04-16 10:15:59.893] [Info]   Skanowanie Web: http://site.test.pl
[2026-04-16 10:16:00.359] [Info]   Skanowanie Web: http://site.test.pl/subsite
[2026-04-16 10:16:00.980] [Info]   Skanowanie Web: http://site.test.pl/subsite/subsite1
[2026-04-16 10:16:01.221] [Info]   Skanowanie Web: http://site.test.pl/subsite/subsite2
[2026-04-16 10:16:01.424] [Info] Laczna liczba obiektow: 87
[2026-04-16 10:16:01.471] [Info] Statystyki: WebApps=3, SC=6, Webs=7, Lists=30, Items=41
[2026-04-16 10:16:01.596] [Info] Skanowanie zakonczone. Czas: 00:00:20. Obiektow: 87. Przypizan: 84
[2026-04-16 10:16:01.815] [Info] Eksport JSON: E:\AdminData\Analizator uprawnień\Analizator uprawnień\PowerShell\Output\PermissionReport_2026-04-16_10-15-40.json
[2026-04-16 10:16:02.237] [Info] Eksport CSV: E:\AdminData\Analizator uprawnień\Analizator uprawnień\PowerShell\Output\PermissionReport_2026-04-16_10-15-40.csv
[2026-04-16 10:16:02.284] [Info] Generowanie raportu HTML...
[2026-04-16 10:16:02.315] [Info]   Szablon: E:\AdminData\Analizator uprawnień\Analizator uprawnień\Report
[2026-04-16 10:16:02.315] [Info]   Wyjscie: E:\AdminData\Analizator uprawnień\Analizator uprawnień\PowerShell\Output\Report_2026-04-16_10-15-40
[2026-04-16 10:16:02.424] [Info] Generowanie data.js...
[2026-04-16 10:16:02.502] [Info] data.js wygenerowany: E:\AdminData\Analizator uprawnień\Analizator uprawnień\PowerShell\Output\Report_2026-04-16_10-15-40\data.js (126 KB)
[2026-04-16 10:16:02.518] [Info] Raport HTML wygenerowany: E:\AdminData\Analizator uprawnień\Analizator uprawnień\PowerShell\Output\Report_2026-04-16_10-15-40
[2026-04-16 10:16:02.549] [Info] Raport HTML: E:\AdminData\Analizator uprawnień\Analizator uprawnień\PowerShell\Output\Report_2026-04-16_10-15-40\index.html
[2026-04-16 10:17:19.147] [Info] Rozpoczecie publikacji raportu HTML do SharePoint: RaportySP
[2026-04-16 10:17:19.365] [Error] Blad publikacji raportu do SharePoint: Exception calling "GetLeftPart" with "1" argument(s): "This operation is not supported for a relative URI."
at Resolve-SPPublishTarget, E:\AdminData\Analizator uprawnień\Analizator uprawnień\PowerShell\Start-PermissionScan.ps1: line 200
at Publish-ReportToSharePointLibrary, E:\AdminData\Analizator uprawnień\Analizator uprawnień\PowerShell\Start-PermissionScan.ps1: line 326
at <ScriptBlock>, E:\AdminData\Analizator uprawnień\Analizator uprawnień\PowerShell\Start-PermissionScan.ps1: line 667
at <ScriptBlock>, <No file>: line 1
[2026-04-16 10:17:19.428] [Info] Sesja 3B357BD8 zakonczona. Bledy: 2
