================================================================================
SharePoint Permission Analyzer - Log skanowania
Data:    2026-04-17 08:27:40
Serwer:  MOSSWFESE
Uzytkownik: TEST\lab.m.radziszewski
================================================================================
[2026-04-17 08:27:40.696] [Info] ============================================================
[2026-04-17 08:27:40.759] [Info] SharePoint Permission Analyzer v1.0 - Sesja: 79A55E2C
[2026-04-17 08:27:40.775] [Info] Poczatek skanowania: 2026-04-17 08:27:40
[2026-04-17 08:27:40.775] [Info] Konfiguracja: E:\AdminData\Analizator uprawnień\Analizator uprawnień\PowerShell\Config\ScanConfig.json
[2026-04-17 08:27:40.806] [Info] ============================================================
[2026-04-17 08:27:46.196] [Info] Weryfikacja uprawnien Farm Admin: OK
[2026-04-17 08:27:46.842] [Info] Farma: SharePoint_Config, Build: 16.0.19127.20338
[2026-04-17 08:27:46.984] [Info] Znaleziono 3 Web Application(s)
[2026-04-17 08:27:52.452] [Info]   WebApp[1] 'SharePoint - osobiste.test.pl' Url='' Type='SPWebApplication'
[2026-04-17 08:27:52.548] [Info] [1/3] Przetwarzam WebApp: https://osobiste.test.pl
[2026-04-17 08:27:52.627] [Info] Skanowanie Web Application: https://osobiste.test.pl
[2026-04-17 08:27:52.838] [Info] Skanowanie Site Collections w https://osobiste.test.pl (SC: 4)
[2026-04-17 08:27:55.278] [Info]  Skanowanie Site Collection: https://osobiste.test.pl
[2026-04-17 08:27:57.381] [Info]   Skanowanie Web: https://osobiste.test.pl
[2026-04-17 08:28:03.629] [Info]  Skanowanie Site Collection: https://osobiste.test.pl/personal/lab_m_radziszewski
[2026-04-17 08:28:03.677] [Info]   Skanowanie Web: https://osobiste.test.pl/personal/lab_m_radziszewski
[2026-04-17 08:28:04.667] [Info]  Skanowanie Site Collection: https://osobiste.test.pl/personal/sp_search
[2026-04-17 08:28:04.730] [Error] Blad skanowania SC https://osobiste.test.pl/personal/sp_search: The following exception occurred while trying to enumerate the collection: "Access is denied. (Exception from HRESULT: 0x80070005 (E_ACCESSDENIED))".
[2026-04-17 08:28:04.855] [Info]  Skanowanie Site Collection: https://sitemaster-fd6313d0-aba0-4722-a4a4-d4f8afafe96c
[2026-04-17 08:28:04.902] [Error] Blad skanowania SC https://sitemaster-fd6313d0-aba0-4722-a4a4-d4f8afafe96c: The following exception occurred while trying to enumerate the collection: "Access is denied. (Exception from HRESULT: 0x80070005 (E_ACCESSDENIED))".
[2026-04-17 08:28:04.949] [Info]   WebApp[2] 'SharePoint - portalse.test.pl' Url='' Type='SPWebApplication'
[2026-04-17 08:28:05.012] [Info] [2/3] Przetwarzam WebApp: https://portalse.test.pl
[2026-04-17 08:28:05.028] [Info] Skanowanie Web Application: https://portalse.test.pl
[2026-04-17 08:28:05.044] [Info] Skanowanie Site Collections w https://portalse.test.pl (SC: 1)
[2026-04-17 08:28:05.187] [Info]  Skanowanie Site Collection: https://portalse.test.pl
[2026-04-17 08:28:05.282] [Info]   Skanowanie Web: https://portalse.test.pl
[2026-04-17 08:28:08.058] [Info]   WebApp[3] 'SharePoint - site.test.pl' Url='' Type='SPWebApplication'
[2026-04-17 08:28:08.073] [Info] [3/3] Przetwarzam WebApp: http://site.test.pl
[2026-04-17 08:28:08.073] [Info] Skanowanie Web Application: http://site.test.pl
[2026-04-17 08:28:08.105] [Info] Skanowanie Site Collections w http://site.test.pl (SC: 1)
[2026-04-17 08:28:08.167] [Info]  Skanowanie Site Collection: http://site.test.pl
[2026-04-17 08:28:08.292] [Info]   Skanowanie Web: http://site.test.pl
[2026-04-17 08:28:08.674] [Info]   Skanowanie Web: http://site.test.pl/subsite
[2026-04-17 08:28:09.511] [Info]   Skanowanie Web: http://site.test.pl/subsite/subsite1
[2026-04-17 08:28:09.732] [Info]   Skanowanie Web: http://site.test.pl/subsite/subsite2
[2026-04-17 08:28:10.033] [Info] Laczna liczba obiektow: 164
[2026-04-17 08:28:10.112] [Info] Statystyki: WebApps=3, SC=6, Webs=7, Lists=30, Items=118
[2026-04-17 08:28:10.350] [Info] Skanowanie zakonczone. Czas: 00:00:29. Obiektow: 164. Przypizan: 84
[2026-04-17 08:28:10.571] [Info] Eksport JSON: E:\AdminData\Analizator uprawnień\Analizator uprawnień\PowerShell\Output\PermissionReport_2026-04-17_08-27-40.json
[2026-04-17 08:28:11.043] [Info] Eksport CSV: E:\AdminData\Analizator uprawnień\Analizator uprawnień\PowerShell\Output\PermissionReport_2026-04-17_08-27-40.csv
[2026-04-17 08:28:11.074] [Info] Generowanie raportu HTML...
[2026-04-17 08:28:11.152] [Info]   Szablon: E:\AdminData\Analizator uprawnień\Analizator uprawnień\Report
[2026-04-17 08:28:11.168] [Info]   Wyjscie: E:\AdminData\Analizator uprawnień\Analizator uprawnień\PowerShell\Output\Report_2026-04-17_08-27-40
[2026-04-17 08:28:11.261] [Info] Generowanie data.js...
[2026-04-17 08:28:11.355] [Info] data.js wygenerowany: E:\AdminData\Analizator uprawnień\Analizator uprawnień\PowerShell\Output\Report_2026-04-17_08-27-40\data.js (221 KB)
[2026-04-17 08:28:11.370] [Info] Raport HTML wygenerowany: E:\AdminData\Analizator uprawnień\Analizator uprawnień\PowerShell\Output\Report_2026-04-17_08-27-40
[2026-04-17 08:28:11.386] [Info] Raport HTML: E:\AdminData\Analizator uprawnień\Analizator uprawnień\PowerShell\Output\Report_2026-04-17_08-27-40\index.html
[2026-04-17 08:28:25.732] [Info] Rozpoczecie publikacji raportu HTML do SharePoint: https://portalse.test.pl/RaportySP
[2026-04-17 08:28:41.497] [Info] Raport opublikowany w SharePoint: https://portalse.test.pl/RaportySP/Report_2026-04-17_08-27-40/index.html
[2026-04-17 08:28:41.512] [Info] Sesja 79A55E2C zakonczona. Bledy: 2
