================================================================================
SharePoint Permission Analyzer - Log skanowania
Data:    2026-04-21 11:59:29
Serwer:  MOSSWFESE
Uzytkownik: TEST\lab.m.radziszewski
================================================================================
[2026-04-21 11:59:29.685] [Info] ============================================================
[2026-04-21 11:59:29.685] [Info] SharePoint Permission Analyzer v1.0 - Sesja: 1343AE08
[2026-04-21 11:59:29.701] [Info] Poczatek skanowania: 2026-04-21 11:59:29
[2026-04-21 11:59:29.701] [Info] Konfiguracja: E:\AdminData\Analizator uprawnień\Analizator uprawnień\PowerShell\Config\ScanConfig.json
[2026-04-21 11:59:29.708] [Info] ============================================================
[2026-04-21 11:59:29.764] [Info] Weryfikacja uprawnien Farm Admin: OK
[2026-04-21 11:59:29.796] [Info] Farma: SharePoint_Config, Build: 16.0.19127.20338
[2026-04-21 11:59:29.802] [Info] Znaleziono 3 Web Application(s)
[2026-04-21 11:59:29.802] [Info]   WebApp[1] 'SharePoint - osobiste.test.pl' Url='https://osobiste.test.pl/' Type='SPWebApplication'
[2026-04-21 11:59:29.864] [Info] [1/3] Przetwarzam WebApp: https://osobiste.test.pl
[2026-04-21 11:59:29.875] [Info] Skanowanie Web Application: https://osobiste.test.pl
[2026-04-21 11:59:29.895] [Info] Skanowanie Site Collections w https://osobiste.test.pl (SC: 4)
[2026-04-21 11:59:30.018] [Info]  Skanowanie Site Collection: https://osobiste.test.pl
[2026-04-21 11:59:30.052] [Info]   Skanowanie Web: https://osobiste.test.pl
[2026-04-21 11:59:30.523] [Info]  Skanowanie Site Collection: https://osobiste.test.pl/personal/lab_m_radziszewski
[2026-04-21 11:59:30.555] [Info]   Skanowanie Web: https://osobiste.test.pl/personal/lab_m_radziszewski
[2026-04-21 11:59:31.077] [Info]  Skanowanie Site Collection: https://osobiste.test.pl/personal/sp_search
[2026-04-21 11:59:31.114] [Error] Blad skanowania SC https://osobiste.test.pl/personal/sp_search: The following exception occurred while trying to enumerate the collection: "Access is denied. (Exception from HRESULT: 0x80070005 (E_ACCESSDENIED))".
[2026-04-21 11:59:31.218] [Info]  Skanowanie Site Collection: https://sitemaster-fd6313d0-aba0-4722-a4a4-d4f8afafe96c
[2026-04-21 11:59:31.302] [Error] Blad skanowania SC https://sitemaster-fd6313d0-aba0-4722-a4a4-d4f8afafe96c: The following exception occurred while trying to enumerate the collection: "Access is denied. (Exception from HRESULT: 0x80070005 (E_ACCESSDENIED))".
[2026-04-21 11:59:31.360] [Info]   WebApp[2] 'SharePoint - portalse.test.pl' Url='https://portalse.test.pl/' Type='SPWebApplication'
[2026-04-21 11:59:31.364] [Info] [2/3] Przetwarzam WebApp: https://portalse.test.pl
[2026-04-21 11:59:31.375] [Info] Skanowanie Web Application: https://portalse.test.pl
[2026-04-21 11:59:31.391] [Info] Skanowanie Site Collections w https://portalse.test.pl (SC: 1)
[2026-04-21 11:59:31.502] [Info]  Skanowanie Site Collection: https://portalse.test.pl
[2026-04-21 11:59:31.596] [Info]   Skanowanie Web: https://portalse.test.pl
[2026-04-21 11:59:32.974] [Info]   WebApp[3] 'SharePoint - site.test.pl' Url='http://site.test.pl/' Type='SPWebApplication'
[2026-04-21 11:59:33.052] [Info] [3/3] Przetwarzam WebApp: http://site.test.pl
[2026-04-21 11:59:33.052] [Info] Skanowanie Web Application: http://site.test.pl
[2026-04-21 11:59:33.068] [Info] Skanowanie Site Collections w http://site.test.pl (SC: 1)
[2026-04-21 11:59:33.131] [Info]  Skanowanie Site Collection: http://site.test.pl
[2026-04-21 11:59:33.225] [Info]   Skanowanie Web: http://site.test.pl
[2026-04-21 11:59:33.572] [Info]   Skanowanie Web: http://site.test.pl/subsite
[2026-04-21 11:59:33.998] [Info]   Skanowanie Web: http://site.test.pl/subsite/subsite1
[2026-04-21 11:59:34.108] [Info]   Skanowanie Web: http://site.test.pl/subsite/subsite2
[2026-04-21 11:59:34.219] [Info] Laczna liczba obiektow: 108
[2026-04-21 11:59:34.219] [Info] Statystyki: WebApps=3, SC=6, Webs=7, Lists=30, Items=62
[2026-04-21 11:59:34.251] [Info] Skanowanie zakonczone. Czas: 00:00:04. Obiektow: 108. Przypizan: 61
[2026-04-21 11:59:34.333] [Info] Eksport JSON: E:\AdminData\Analizator uprawnień\Analizator uprawnień\PowerShell\Output\PermissionReport_2026-04-21_11-59-29.json
[2026-04-21 11:59:34.441] [Info] Eksport CSV: E:\AdminData\Analizator uprawnień\Analizator uprawnień\PowerShell\Output\PermissionReport_2026-04-21_11-59-29.csv
[2026-04-21 11:59:34.693] [Info] Wersjonowanie: +0 / -0 / ~0
[2026-04-21 11:59:34.820] [Info] Zarchiwizowano raport: Report_2026-04-21_11-55-34
[2026-04-21 11:59:35.490] [Info] Generowanie raportu HTML...
[2026-04-21 11:59:35.499] [Info]   Szablon: E:\AdminData\Analizator uprawnień\Analizator uprawnień\Report
[2026-04-21 11:59:35.499] [Info]   Wyjscie: E:\AdminData\Analizator uprawnień\Analizator uprawnień\PowerShell\Output\Report
[2026-04-21 11:59:35.531] [Info] Generowanie data.js...
[2026-04-21 11:59:35.625] [Info] data.js wygenerowany: E:\AdminData\Analizator uprawnień\Analizator uprawnień\PowerShell\Output\Report\data.js (159 KB)
[2026-04-21 11:59:35.771] [Info] Raport HTML wygenerowany: E:\AdminData\Analizator uprawnień\Analizator uprawnień\PowerShell\Output\Report
[2026-04-21 11:59:35.784] [Info] Raport HTML: E:\AdminData\Analizator uprawnień\Analizator uprawnień\PowerShell\Output\Report\index.html
[2026-04-21 11:59:36.068] [Info] Rozpoczecie publikacji raportu HTML do SharePoint: https://portalse.test.pl/RaportySP
[2026-04-21 11:59:39.446] [Info] Raport opublikowany w SharePoint: https://portalse.test.pl/RaportySP/Report/index.html
[2026-04-21 11:59:39.459] [Info] Sesja 1343AE08 zakonczona. Bledy: 2
