================================================================================
SharePoint Permission Analyzer - Log skanowania
Data:    2026-04-17 14:28:52
Serwer:  MOSSWFESE
Uzytkownik: TEST\lab.m.radziszewski
================================================================================
[2026-04-17 14:28:52.216] [Info] ============================================================
[2026-04-17 14:28:52.216] [Info] SharePoint Permission Analyzer v1.0 - Sesja: BA34AA34
[2026-04-17 14:28:52.311] [Info] Poczatek skanowania: 2026-04-17 14:28:52
[2026-04-17 14:28:52.327] [Info] Konfiguracja: E:\AdminData\Analizator uprawnień\Analizator uprawnień\PowerShell\Config\ScanConfig.json
[2026-04-17 14:28:52.338] [Info] ============================================================
[2026-04-17 14:28:52.406] [Info] Weryfikacja uprawnien Farm Admin: OK
[2026-04-17 14:28:52.532] [Info] Farma: SharePoint_Config, Build: 16.0.19127.20338
[2026-04-17 14:28:52.548] [Info] Znaleziono 3 Web Application(s)
[2026-04-17 14:28:52.612] [Info]   WebApp[1] 'SharePoint - osobiste.test.pl' Url='https://osobiste.test.pl/' Type='SPWebApplication'
[2026-04-17 14:28:52.660] [Info] [1/3] Przetwarzam WebApp: https://osobiste.test.pl
[2026-04-17 14:28:52.744] [Info] Skanowanie Web Application: https://osobiste.test.pl
[2026-04-17 14:28:52.838] [Info] Skanowanie Site Collections w https://osobiste.test.pl (SC: 4)
[2026-04-17 14:28:53.088] [Info]  Skanowanie Site Collection: https://osobiste.test.pl
[2026-04-17 14:28:53.213] [Info]   Skanowanie Web: https://osobiste.test.pl
[2026-04-17 14:28:53.760] [Info]  Skanowanie Site Collection: https://osobiste.test.pl/personal/lab_m_radziszewski
[2026-04-17 14:28:53.791] [Info]   Skanowanie Web: https://osobiste.test.pl/personal/lab_m_radziszewski
[2026-04-17 14:28:54.280] [Info]  Skanowanie Site Collection: https://osobiste.test.pl/personal/sp_search
[2026-04-17 14:28:54.343] [Error] Blad skanowania SC https://osobiste.test.pl/personal/sp_search: The following exception occurred while trying to enumerate the collection: "Access is denied. (Exception from HRESULT: 0x80070005 (E_ACCESSDENIED))".
[2026-04-17 14:28:54.454] [Info]  Skanowanie Site Collection: https://sitemaster-fd6313d0-aba0-4722-a4a4-d4f8afafe96c
[2026-04-17 14:28:54.532] [Error] Blad skanowania SC https://sitemaster-fd6313d0-aba0-4722-a4a4-d4f8afafe96c: The following exception occurred while trying to enumerate the collection: "Access is denied. (Exception from HRESULT: 0x80070005 (E_ACCESSDENIED))".
[2026-04-17 14:28:54.619] [Info]   WebApp[2] 'SharePoint - portalse.test.pl' Url='https://portalse.test.pl/' Type='SPWebApplication'
[2026-04-17 14:28:54.690] [Info] [2/3] Przetwarzam WebApp: https://portalse.test.pl
[2026-04-17 14:28:54.706] [Info] Skanowanie Web Application: https://portalse.test.pl
[2026-04-17 14:28:54.722] [Info] Skanowanie Site Collections w https://portalse.test.pl (SC: 1)
[2026-04-17 14:28:54.807] [Info]  Skanowanie Site Collection: https://portalse.test.pl
[2026-04-17 14:28:54.881] [Info]   Skanowanie Web: https://portalse.test.pl
[2026-04-17 14:28:56.386] [Info]   WebApp[3] 'SharePoint - site.test.pl' Url='http://site.test.pl/' Type='SPWebApplication'
[2026-04-17 14:28:56.401] [Info] [3/3] Przetwarzam WebApp: http://site.test.pl
[2026-04-17 14:28:56.417] [Info] Skanowanie Web Application: http://site.test.pl
[2026-04-17 14:28:56.448] [Info] Skanowanie Site Collections w http://site.test.pl (SC: 1)
[2026-04-17 14:28:56.666] [Info]  Skanowanie Site Collection: http://site.test.pl
[2026-04-17 14:28:56.760] [Info]   Skanowanie Web: http://site.test.pl
[2026-04-17 14:28:57.229] [Info]   Skanowanie Web: http://site.test.pl/subsite
[2026-04-17 14:28:57.827] [Info]   Skanowanie Web: http://site.test.pl/subsite/subsite1
[2026-04-17 14:28:57.984] [Info]   Skanowanie Web: http://site.test.pl/subsite/subsite2
[2026-04-17 14:28:58.151] [Info] Laczna liczba obiektow: 106
[2026-04-17 14:28:58.158] [Info] Statystyki: WebApps=3, SC=6, Webs=7, Lists=30, Items=60
[2026-04-17 14:28:58.244] [Info] Skanowanie zakonczone. Czas: 00:00:05. Obiektow: 106. Przypizan: 95
[2026-04-17 14:28:58.348] [Info] Eksport JSON: E:\AdminData\Analizator uprawnień\Analizator uprawnień\PowerShell\Output\PermissionReport_2026-04-17_14-28-52.json
[2026-04-17 14:28:58.475] [Info] Eksport CSV: E:\AdminData\Analizator uprawnień\Analizator uprawnień\PowerShell\Output\PermissionReport_2026-04-17_14-28-52.csv
[2026-04-17 14:28:58.682] [Info] Wersjonowanie: +0 / -0 / ~0
[2026-04-17 14:28:58.697] [Info] Generowanie raportu HTML...
[2026-04-17 14:28:58.697] [Info]   Szablon: E:\AdminData\Analizator uprawnień\Analizator uprawnień\Report
[2026-04-17 14:28:58.713] [Info]   Wyjscie: E:\AdminData\Analizator uprawnień\Analizator uprawnień\PowerShell\Output\Report
[2026-04-17 14:28:58.729] [Info] Generowanie data.js...
[2026-04-17 14:28:58.807] [Info] data.js wygenerowany: E:\AdminData\Analizator uprawnień\Analizator uprawnień\PowerShell\Output\Report\data.js (156 KB)
[2026-04-17 14:28:58.807] [Info] Raport HTML wygenerowany: E:\AdminData\Analizator uprawnień\Analizator uprawnień\PowerShell\Output\Report
[2026-04-17 14:28:58.807] [Info] Raport HTML: E:\AdminData\Analizator uprawnień\Analizator uprawnień\PowerShell\Output\Report\index.html
[2026-04-17 14:29:17.638] [Info] Rozpoczecie publikacji raportu HTML do SharePoint: https://portalse.test.pl/RaportySP
[2026-04-17 14:29:21.402] [Info] Raport opublikowany w SharePoint: https://portalse.test.pl/RaportySP/Report/index.html
[2026-04-17 14:29:21.408] [Info] Sesja BA34AA34 zakonczona. Bledy: 2
