================================================================================
SharePoint Permission Analyzer - Log skanowania
Data:    2026-04-20 09:21:07
Serwer:  MOSSWFESE
Uzytkownik: TEST\lab.m.radziszewski
================================================================================
[2026-04-20 09:21:07.311] [Info] ============================================================
[2026-04-20 09:21:07.327] [Info] SharePoint Permission Analyzer v1.0 - Sesja: 474D28FE
[2026-04-20 09:21:07.327] [Info] Poczatek skanowania: 2026-04-20 09:21:07
[2026-04-20 09:21:07.343] [Info] Konfiguracja: E:\AdminData\Analizator uprawnień\Analizator uprawnień\PowerShell\Config\ScanConfig.json
[2026-04-20 09:21:07.343] [Info] ============================================================
[2026-04-20 09:21:07.423] [Info] Weryfikacja uprawnien Farm Admin: OK
[2026-04-20 09:21:07.498] [Info] Farma: SharePoint_Config, Build: 16.0.19127.20338
[2026-04-20 09:21:07.502] [Info] Znaleziono 3 Web Application(s)
[2026-04-20 09:21:07.502] [Info]   WebApp[1] 'SharePoint - osobiste.test.pl' Url='https://osobiste.test.pl/' Type='SPWebApplication'
[2026-04-20 09:21:07.517] [Info] [1/3] Przetwarzam WebApp: https://osobiste.test.pl
[2026-04-20 09:21:07.565] [Info] Skanowanie Web Application: https://osobiste.test.pl
[2026-04-20 09:21:07.723] [Info] Skanowanie Site Collections w https://osobiste.test.pl (SC: 4)
[2026-04-20 09:21:07.881] [Info]  Skanowanie Site Collection: https://osobiste.test.pl
[2026-04-20 09:21:07.945] [Info]   Skanowanie Web: https://osobiste.test.pl
[2026-04-20 09:21:08.326] [Info]  Skanowanie Site Collection: https://osobiste.test.pl/personal/lab_m_radziszewski
[2026-04-20 09:21:08.357] [Info]   Skanowanie Web: https://osobiste.test.pl/personal/lab_m_radziszewski
[2026-04-20 09:21:08.780] [Info]  Skanowanie Site Collection: https://osobiste.test.pl/personal/sp_search
[2026-04-20 09:21:08.812] [Error] Blad skanowania SC https://osobiste.test.pl/personal/sp_search: The following exception occurred while trying to enumerate the collection: "Access is denied. (Exception from HRESULT: 0x80070005 (E_ACCESSDENIED))".
[2026-04-20 09:21:08.875] [Info]  Skanowanie Site Collection: https://sitemaster-fd6313d0-aba0-4722-a4a4-d4f8afafe96c
[2026-04-20 09:21:08.953] [Error] Blad skanowania SC https://sitemaster-fd6313d0-aba0-4722-a4a4-d4f8afafe96c: The following exception occurred while trying to enumerate the collection: "Access is denied. (Exception from HRESULT: 0x80070005 (E_ACCESSDENIED))".
[2026-04-20 09:21:09.001] [Info]   WebApp[2] 'SharePoint - portalse.test.pl' Url='https://portalse.test.pl/' Type='SPWebApplication'
[2026-04-20 09:21:09.001] [Info] [2/3] Przetwarzam WebApp: https://portalse.test.pl
[2026-04-20 09:21:09.017] [Info] Skanowanie Web Application: https://portalse.test.pl
[2026-04-20 09:21:09.032] [Info] Skanowanie Site Collections w https://portalse.test.pl (SC: 1)
[2026-04-20 09:21:09.127] [Info]  Skanowanie Site Collection: https://portalse.test.pl
[2026-04-20 09:21:09.221] [Info]   Skanowanie Web: https://portalse.test.pl
[2026-04-20 09:21:10.624] [Info]   WebApp[3] 'SharePoint - site.test.pl' Url='http://site.test.pl/' Type='SPWebApplication'
[2026-04-20 09:21:10.703] [Info] [3/3] Przetwarzam WebApp: http://site.test.pl
[2026-04-20 09:21:10.717] [Info] Skanowanie Web Application: http://site.test.pl
[2026-04-20 09:21:10.719] [Info] Skanowanie Site Collections w http://site.test.pl (SC: 1)
[2026-04-20 09:21:10.782] [Info]  Skanowanie Site Collection: http://site.test.pl
[2026-04-20 09:21:10.845] [Info]   Skanowanie Web: http://site.test.pl
[2026-04-20 09:21:11.176] [Info]   Skanowanie Web: http://site.test.pl/subsite
[2026-04-20 09:21:11.684] [Info]   Skanowanie Web: http://site.test.pl/subsite/subsite1
[2026-04-20 09:21:11.811] [Info]   Skanowanie Web: http://site.test.pl/subsite/subsite2
[2026-04-20 09:21:11.920] [Info] Laczna liczba obiektow: 109
[2026-04-20 09:21:11.920] [Info] Statystyki: WebApps=3, SC=6, Webs=7, Lists=30, Items=63
[2026-04-20 09:21:11.983] [Info] Skanowanie zakonczone. Czas: 00:00:04. Obiektow: 109. Przypizan: 97
[2026-04-20 09:21:12.045] [Info] Eksport JSON: E:\AdminData\Analizator uprawnień\Analizator uprawnień\PowerShell\Output\PermissionReport_2026-04-20_09-21-07.json
[2026-04-20 09:21:12.124] [Info] Eksport CSV: E:\AdminData\Analizator uprawnień\Analizator uprawnień\PowerShell\Output\PermissionReport_2026-04-20_09-21-07.csv
[2026-04-20 09:21:12.327] [Info] Wersjonowanie: +0 / -0 / ~1
[2026-04-20 09:21:12.327] [Info] Generowanie raportu HTML...
[2026-04-20 09:21:12.342] [Info]   Szablon: E:\AdminData\Analizator uprawnień\Analizator uprawnień\Report
[2026-04-20 09:21:12.342] [Info]   Wyjscie: E:\AdminData\Analizator uprawnień\Analizator uprawnień\PowerShell\Output\Report
[2026-04-20 09:21:12.374] [Info] Generowanie data.js...
[2026-04-20 09:21:12.436] [Info] data.js wygenerowany: E:\AdminData\Analizator uprawnień\Analizator uprawnień\PowerShell\Output\Report\data.js (162 KB)
[2026-04-20 09:21:12.514] [Info] Raport HTML wygenerowany: E:\AdminData\Analizator uprawnień\Analizator uprawnień\PowerShell\Output\Report
[2026-04-20 09:21:12.529] [Info] Raport HTML: E:\AdminData\Analizator uprawnień\Analizator uprawnień\PowerShell\Output\Report\index.html
[2026-04-20 09:21:30.478] [Info] Rozpoczecie publikacji raportu HTML do SharePoint: https://portalse.test.pl/RaportySP
[2026-04-20 09:21:34.665] [Info] Raport opublikowany w SharePoint: https://portalse.test.pl/RaportySP/Report/index.html
[2026-04-20 09:21:34.696] [Info] Sesja 474D28FE zakonczona. Bledy: 2
