================================================================================
SharePoint Permission Analyzer - Log skanowania
Data:    2026-04-21 12:25:40
Serwer:  MOSSWFESE
Uzytkownik: TEST\lab.m.radziszewski
================================================================================
[2026-04-21 12:25:40.883] [Info] ============================================================
[2026-04-21 12:25:40.890] [Info] SharePoint Permission Analyzer v1.0 - Sesja: CC653C32
[2026-04-21 12:25:40.906] [Info] Poczatek skanowania: 2026-04-21 12:25:40
[2026-04-21 12:25:40.914] [Info] Konfiguracja: E:\AdminData\Analizator uprawnień\Analizator uprawnień\PowerShell\Config\ScanConfig.json
[2026-04-21 12:25:40.922] [Info] ============================================================
[2026-04-21 12:25:40.985] [Info] Weryfikacja uprawnien Farm Admin: OK
[2026-04-21 12:25:41.017] [Info] Farma: SharePoint_Config, Build: 16.0.19127.20338
[2026-04-21 12:25:41.017] [Info] Znaleziono 3 Web Application(s)
[2026-04-21 12:25:41.017] [Info]   WebApp[1] 'SharePoint - osobiste.test.pl' Url='https://osobiste.test.pl/' Type='SPWebApplication'
[2026-04-21 12:25:41.111] [Info] [1/3] Przetwarzam WebApp: https://osobiste.test.pl
[2026-04-21 12:25:41.111] [Info] Skanowanie Web Application: https://osobiste.test.pl
[2026-04-21 12:25:41.133] [Info] Skanowanie Site Collections w https://osobiste.test.pl (SC: 4)
[2026-04-21 12:25:41.258] [Info]  Skanowanie Site Collection: https://osobiste.test.pl
[2026-04-21 12:25:41.320] [Info]   Skanowanie Web: https://osobiste.test.pl
[2026-04-21 12:25:41.758] [Info]  Skanowanie Site Collection: https://osobiste.test.pl/personal/lab_m_radziszewski
[2026-04-21 12:25:41.805] [Info]   Skanowanie Web: https://osobiste.test.pl/personal/lab_m_radziszewski
[2026-04-21 12:25:42.352] [Info]  Skanowanie Site Collection: https://osobiste.test.pl/personal/sp_search
[2026-04-21 12:25:42.386] [Error] Blad skanowania SC https://osobiste.test.pl/personal/sp_search: The following exception occurred while trying to enumerate the collection: "Access is denied. (Exception from HRESULT: 0x80070005 (E_ACCESSDENIED))".
[2026-04-21 12:25:42.497] [Info]  Skanowanie Site Collection: https://sitemaster-fd6313d0-aba0-4722-a4a4-d4f8afafe96c
[2026-04-21 12:25:42.576] [Error] Blad skanowania SC https://sitemaster-fd6313d0-aba0-4722-a4a4-d4f8afafe96c: The following exception occurred while trying to enumerate the collection: "Access is denied. (Exception from HRESULT: 0x80070005 (E_ACCESSDENIED))".
[2026-04-21 12:25:42.654] [Info]   WebApp[2] 'SharePoint - portalse.test.pl' Url='https://portalse.test.pl/' Type='SPWebApplication'
[2026-04-21 12:25:42.664] [Info] [2/3] Przetwarzam WebApp: https://portalse.test.pl
[2026-04-21 12:25:42.727] [Info] Skanowanie Web Application: https://portalse.test.pl
[2026-04-21 12:25:42.733] [Info] Skanowanie Site Collections w https://portalse.test.pl (SC: 1)
[2026-04-21 12:25:42.796] [Info]  Skanowanie Site Collection: https://portalse.test.pl
[2026-04-21 12:25:42.843] [Info]   Skanowanie Web: https://portalse.test.pl
[2026-04-21 12:25:45.806] [Info]   WebApp[3] 'SharePoint - site.test.pl' Url='http://site.test.pl/' Type='SPWebApplication'
[2026-04-21 12:25:45.822] [Info] [3/3] Przetwarzam WebApp: http://site.test.pl
[2026-04-21 12:25:45.822] [Info] Skanowanie Web Application: http://site.test.pl
[2026-04-21 12:25:45.837] [Info] Skanowanie Site Collections w http://site.test.pl (SC: 1)
[2026-04-21 12:25:45.885] [Info]  Skanowanie Site Collection: http://site.test.pl
[2026-04-21 12:25:45.946] [Info]   Skanowanie Web: http://site.test.pl
[2026-04-21 12:25:46.247] [Info]   Skanowanie Web: http://site.test.pl/subsite
[2026-04-21 12:25:46.681] [Info]   Skanowanie Web: http://site.test.pl/subsite/subsite1
[2026-04-21 12:25:46.822] [Info]   Skanowanie Web: http://site.test.pl/subsite/subsite2
[2026-04-21 12:25:46.948] [Info] Laczna liczba obiektow: 112
[2026-04-21 12:25:46.948] [Info] Statystyki: WebApps=3, SC=6, Webs=7, Lists=30, Items=66
[2026-04-21 12:25:47.071] [Info] Skanowanie zakonczone. Czas: 00:00:06. Obiektow: 112. Przypizan: 64
[2026-04-21 12:25:47.154] [Info] Eksport JSON: E:\AdminData\Analizator uprawnień\Analizator uprawnień\PowerShell\Output\PermissionReport_2026-04-21_12-25-40.json
[2026-04-21 12:25:47.248] [Info] Eksport CSV: E:\AdminData\Analizator uprawnień\Analizator uprawnień\PowerShell\Output\PermissionReport_2026-04-21_12-25-40.csv
[2026-04-21 12:25:47.470] [Info] Wersjonowanie: +0 / -0 / ~0
[2026-04-21 12:25:47.509] [Info] Zarchiwizowano raport: Report_2026-04-21_12-24-17
[2026-04-21 12:25:48.149] [Info] Generowanie raportu HTML...
[2026-04-21 12:25:48.165] [Info]   Szablon: E:\AdminData\Analizator uprawnień\Analizator uprawnień\Report
[2026-04-21 12:25:48.165] [Info]   Wyjscie: E:\AdminData\Analizator uprawnień\Analizator uprawnień\PowerShell\Output\Report
[2026-04-21 12:25:48.196] [Info] Generowanie data.js...
[2026-04-21 12:25:48.259] [Info] data.js wygenerowany: E:\AdminData\Analizator uprawnień\Analizator uprawnień\PowerShell\Output\Report\data.js (166 KB)
[2026-04-21 12:25:48.400] [Info] Raport HTML wygenerowany: E:\AdminData\Analizator uprawnień\Analizator uprawnień\PowerShell\Output\Report
[2026-04-21 12:25:48.415] [Info] Raport HTML: E:\AdminData\Analizator uprawnień\Analizator uprawnień\PowerShell\Output\Report\index.html
[2026-04-21 12:25:48.700] [Info] Rozpoczecie publikacji raportu HTML do SharePoint: https://portalse.test.pl/RaportySP
[2026-04-21 12:25:52.259] [Info] Raport opublikowany w SharePoint: https://portalse.test.pl/RaportySP/Report/index.html
[2026-04-21 12:25:52.274] [Info] Sesja CC653C32 zakonczona. Bledy: 2
