================================================================================
SharePoint Permission Analyzer - Log skanowania
Data:    2026-04-21 11:45:02
Serwer:  MOSSWFESE
Uzytkownik: TEST\lab.m.radziszewski
================================================================================
[2026-04-21 11:45:02.960] [Info] ============================================================
[2026-04-21 11:45:02.976] [Info] SharePoint Permission Analyzer v1.0 - Sesja: DB6018AE
[2026-04-21 11:45:02.976] [Info] Poczatek skanowania: 2026-04-21 11:45:02
[2026-04-21 11:45:02.993] [Info] Konfiguracja: E:\AdminData\Analizator uprawnień\Analizator uprawnień\PowerShell\Config\ScanConfig.json
[2026-04-21 11:45:03.055] [Info] ============================================================
[2026-04-21 11:45:03.151] [Info] Weryfikacja uprawnien Farm Admin: OK
[2026-04-21 11:45:03.230] [Info] Farma: SharePoint_Config, Build: 16.0.19127.20338
[2026-04-21 11:45:03.246] [Info] Znaleziono 3 Web Application(s)
[2026-04-21 11:45:03.246] [Info]   WebApp[1] 'SharePoint - osobiste.test.pl' Url='https://osobiste.test.pl/' Type='SPWebApplication'
[2026-04-21 11:45:03.262] [Info] [1/3] Przetwarzam WebApp: https://osobiste.test.pl
[2026-04-21 11:45:03.262] [Info] Skanowanie Web Application: https://osobiste.test.pl
[2026-04-21 11:45:03.382] [Info] Skanowanie Site Collections w https://osobiste.test.pl (SC: 4)
[2026-04-21 11:45:03.612] [Info]  Skanowanie Site Collection: https://osobiste.test.pl
[2026-04-21 11:45:03.773] [Info]   Skanowanie Web: https://osobiste.test.pl
[2026-04-21 11:45:06.932] [Info]  Skanowanie Site Collection: https://osobiste.test.pl/personal/lab_m_radziszewski
[2026-04-21 11:45:06.996] [Info]   Skanowanie Web: https://osobiste.test.pl/personal/lab_m_radziszewski
[2026-04-21 11:45:07.946] [Info]  Skanowanie Site Collection: https://osobiste.test.pl/personal/sp_search
[2026-04-21 11:45:07.993] [Error] Blad skanowania SC https://osobiste.test.pl/personal/sp_search: The following exception occurred while trying to enumerate the collection: "Access is denied. (Exception from HRESULT: 0x80070005 (E_ACCESSDENIED))".
[2026-04-21 11:45:08.106] [Info]  Skanowanie Site Collection: https://sitemaster-fd6313d0-aba0-4722-a4a4-d4f8afafe96c
[2026-04-21 11:45:08.201] [Error] Blad skanowania SC https://sitemaster-fd6313d0-aba0-4722-a4a4-d4f8afafe96c: The following exception occurred while trying to enumerate the collection: "Access is denied. (Exception from HRESULT: 0x80070005 (E_ACCESSDENIED))".
[2026-04-21 11:45:08.217] [Info]   WebApp[2] 'SharePoint - portalse.test.pl' Url='https://portalse.test.pl/' Type='SPWebApplication'
[2026-04-21 11:45:08.233] [Info] [2/3] Przetwarzam WebApp: https://portalse.test.pl
[2026-04-21 11:45:08.233] [Info] Skanowanie Web Application: https://portalse.test.pl
[2026-04-21 11:45:08.312] [Info] Skanowanie Site Collections w https://portalse.test.pl (SC: 1)
[2026-04-21 11:45:08.360] [Info]  Skanowanie Site Collection: https://portalse.test.pl
[2026-04-21 11:45:08.519] [Info]   Skanowanie Web: https://portalse.test.pl
[2026-04-21 11:45:12.195] [Error] Blad skanowania elementu 4 w liscie 1ebb94bb-147b-4700-8215-e26210e9e26f: The property 'Count' cannot be found on this object. Verify that the property exists.
[2026-04-21 11:45:14.633] [Info]   WebApp[3] 'SharePoint - site.test.pl' Url='http://site.test.pl/' Type='SPWebApplication'
[2026-04-21 11:45:14.633] [Info] [3/3] Przetwarzam WebApp: http://site.test.pl
[2026-04-21 11:45:14.648] [Info] Skanowanie Web Application: http://site.test.pl
[2026-04-21 11:45:14.664] [Info] Skanowanie Site Collections w http://site.test.pl (SC: 1)
[2026-04-21 11:45:14.726] [Info]  Skanowanie Site Collection: http://site.test.pl
[2026-04-21 11:45:14.853] [Info]   Skanowanie Web: http://site.test.pl
[2026-04-21 11:45:15.313] [Info]   Skanowanie Web: http://site.test.pl/subsite
[2026-04-21 11:45:15.851] [Info]   Skanowanie Web: http://site.test.pl/subsite/subsite1
[2026-04-21 11:45:15.992] [Info]   Skanowanie Web: http://site.test.pl/subsite/subsite2
[2026-04-21 11:45:16.117] [Info] Laczna liczba obiektow: 107
[2026-04-21 11:45:16.117] [Info] Statystyki: WebApps=3, SC=6, Webs=7, Lists=30, Items=62
[2026-04-21 11:45:16.149] [Info] Skanowanie zakonczone. Czas: 00:00:13. Obiektow: 108. Przypizan: 91
[2026-04-21 11:45:16.243] [Info] Eksport JSON: E:\AdminData\Analizator uprawnień\Analizator uprawnień\PowerShell\Output\PermissionReport_2026-04-21_11-45-02.json
[2026-04-21 11:45:16.417] [Info] Eksport CSV: E:\AdminData\Analizator uprawnień\Analizator uprawnień\PowerShell\Output\PermissionReport_2026-04-21_11-45-02.csv
[2026-04-21 11:45:16.893] [Info] Wersjonowanie: +0 / -0 / ~0
[2026-04-21 11:45:18.336] [Info] Zarchiwizowano raport: Report_2026-04-20_14-52-45
[2026-04-21 11:45:20.091] [Info] Generowanie raportu HTML...
[2026-04-21 11:45:20.233] [Info]   Szablon: E:\AdminData\Analizator uprawnień\Analizator uprawnień\Report
[2026-04-21 11:45:20.233] [Info]   Wyjscie: E:\AdminData\Analizator uprawnień\Analizator uprawnień\PowerShell\Output\Report
[2026-04-21 11:45:21.039] [Info] Generowanie data.js...
[2026-04-21 11:45:21.054] [Info] data.js wygenerowany: E:\AdminData\Analizator uprawnień\Analizator uprawnień\PowerShell\Output\Report\data.js (158 KB)
[2026-04-21 11:45:21.242] [Info] Raport HTML wygenerowany: E:\AdminData\Analizator uprawnień\Analizator uprawnień\PowerShell\Output\Report
[2026-04-21 11:45:21.242] [Info] Raport HTML: E:\AdminData\Analizator uprawnień\Analizator uprawnień\PowerShell\Output\Report\index.html
[2026-04-21 11:45:21.461] [Info] Rozpoczecie publikacji raportu HTML do SharePoint: https://portalse.test.pl/RaportySP
[2026-04-21 11:45:29.212] [Info] Raport opublikowany w SharePoint: https://portalse.test.pl/RaportySP/Report/index.html
[2026-04-21 11:45:29.212] [Info] Sesja DB6018AE zakonczona. Bledy: 3
