================================================================================
SharePoint Permission Analyzer - Log skanowania
Data:    2026-04-17 14:20:00
Serwer:  MOSSWFESE
Uzytkownik: TEST\lab.m.radziszewski
================================================================================
[2026-04-17 14:20:00.715] [Info] ============================================================
[2026-04-17 14:20:00.731] [Info] SharePoint Permission Analyzer v1.0 - Sesja: 8C7412CC
[2026-04-17 14:20:00.794] [Info] Poczatek skanowania: 2026-04-17 14:20:00
[2026-04-17 14:20:00.811] [Info] Konfiguracja: E:\AdminData\Analizator uprawnień\Analizator uprawnień\PowerShell\Config\ScanConfig.json
[2026-04-17 14:20:00.873] [Info] ============================================================
[2026-04-17 14:20:00.889] [Info] Weryfikacja uprawnien Farm Admin: OK
[2026-04-17 14:20:00.998] [Info] Farma: SharePoint_Config, Build: 16.0.19127.20338
[2026-04-17 14:20:00.998] [Info] Znaleziono 3 Web Application(s)
[2026-04-17 14:20:01.077] [Info]   WebApp[1] 'SharePoint - osobiste.test.pl' Url='https://osobiste.test.pl/' Type='SPWebApplication'
[2026-04-17 14:20:01.092] [Info] [1/3] Przetwarzam WebApp: https://osobiste.test.pl
[2026-04-17 14:20:01.108] [Info] Skanowanie Web Application: https://osobiste.test.pl
[2026-04-17 14:20:01.139] [Info] Skanowanie Site Collections w https://osobiste.test.pl (SC: 4)
[2026-04-17 14:20:01.265] [Info]  Skanowanie Site Collection: https://osobiste.test.pl
[2026-04-17 14:20:01.344] [Info]   Skanowanie Web: https://osobiste.test.pl
[2026-04-17 14:20:01.785] [Info]  Skanowanie Site Collection: https://osobiste.test.pl/personal/lab_m_radziszewski
[2026-04-17 14:20:01.817] [Info]   Skanowanie Web: https://osobiste.test.pl/personal/lab_m_radziszewski
[2026-04-17 14:20:02.386] [Info]  Skanowanie Site Collection: https://osobiste.test.pl/personal/sp_search
[2026-04-17 14:20:02.418] [Error] Blad skanowania SC https://osobiste.test.pl/personal/sp_search: The following exception occurred while trying to enumerate the collection: "Access is denied. (Exception from HRESULT: 0x80070005 (E_ACCESSDENIED))".
[2026-04-17 14:20:02.482] [Info]  Skanowanie Site Collection: https://sitemaster-fd6313d0-aba0-4722-a4a4-d4f8afafe96c
[2026-04-17 14:20:02.545] [Error] Blad skanowania SC https://sitemaster-fd6313d0-aba0-4722-a4a4-d4f8afafe96c: The following exception occurred while trying to enumerate the collection: "Access is denied. (Exception from HRESULT: 0x80070005 (E_ACCESSDENIED))".
[2026-04-17 14:20:02.592] [Info]   WebApp[2] 'SharePoint - portalse.test.pl' Url='https://portalse.test.pl/' Type='SPWebApplication'
[2026-04-17 14:20:02.607] [Info] [2/3] Przetwarzam WebApp: https://portalse.test.pl
[2026-04-17 14:20:02.607] [Info] Skanowanie Web Application: https://portalse.test.pl
[2026-04-17 14:20:02.623] [Info] Skanowanie Site Collections w https://portalse.test.pl (SC: 1)
[2026-04-17 14:20:02.733] [Info]  Skanowanie Site Collection: https://portalse.test.pl
[2026-04-17 14:20:02.811] [Info]   Skanowanie Web: https://portalse.test.pl
[2026-04-17 14:20:04.154] [Info]   WebApp[3] 'SharePoint - site.test.pl' Url='http://site.test.pl/' Type='SPWebApplication'
[2026-04-17 14:20:04.154] [Info] [3/3] Przetwarzam WebApp: http://site.test.pl
[2026-04-17 14:20:04.166] [Info] Skanowanie Web Application: http://site.test.pl
[2026-04-17 14:20:04.182] [Info] Skanowanie Site Collections w http://site.test.pl (SC: 1)
[2026-04-17 14:20:04.311] [Info]  Skanowanie Site Collection: http://site.test.pl
[2026-04-17 14:20:04.404] [Info]   Skanowanie Web: http://site.test.pl
[2026-04-17 14:20:04.779] [Info]   Skanowanie Web: http://site.test.pl/subsite
[2026-04-17 14:20:05.380] [Info]   Skanowanie Web: http://site.test.pl/subsite/subsite1
[2026-04-17 14:20:05.538] [Info]   Skanowanie Web: http://site.test.pl/subsite/subsite2
[2026-04-17 14:20:05.686] [Info] Laczna liczba obiektow: 106
[2026-04-17 14:20:05.686] [Info] Statystyki: WebApps=3, SC=6, Webs=7, Lists=30, Items=60
[2026-04-17 14:20:05.728] [Info] Skanowanie zakonczone. Czas: 00:00:04. Obiektow: 106. Przypizan: 95
[2026-04-17 14:20:05.823] [Info] Eksport JSON: E:\AdminData\Analizator uprawnień\Analizator uprawnień\PowerShell\Output\PermissionReport_2026-04-17_14-20-00.json
[2026-04-17 14:20:05.904] [Info] Eksport CSV: E:\AdminData\Analizator uprawnień\Analizator uprawnień\PowerShell\Output\PermissionReport_2026-04-17_14-20-00.csv
[2026-04-17 14:20:06.107] [Info] Wersjonowanie: +0 / -0 / ~0
[2026-04-17 14:20:06.123] [Info] Generowanie raportu HTML...
[2026-04-17 14:20:06.123] [Info]   Szablon: E:\AdminData\Analizator uprawnień\Analizator uprawnień\Report
[2026-04-17 14:20:06.170] [Info]   Wyjscie: E:\AdminData\Analizator uprawnień\Analizator uprawnień\PowerShell\Output\Report
[2026-04-17 14:20:06.201] [Info] Generowanie data.js...
[2026-04-17 14:20:06.217] [Info] data.js wygenerowany: E:\AdminData\Analizator uprawnień\Analizator uprawnień\PowerShell\Output\Report\data.js (156 KB)
[2026-04-17 14:20:06.280] [Info] Raport HTML wygenerowany: E:\AdminData\Analizator uprawnień\Analizator uprawnień\PowerShell\Output\Report
[2026-04-17 14:20:06.296] [Info] Raport HTML: E:\AdminData\Analizator uprawnień\Analizator uprawnień\PowerShell\Output\Report\index.html
[2026-04-17 14:21:25.430] [Info] Rozpoczecie publikacji raportu HTML do SharePoint: https://portalse.test.pl/RaportySP
[2026-04-17 14:21:28.745] [Error] Blad publikacji raportu do SharePoint: Exception calling "ReadAllBytes" with "1" argument(s): "The process cannot access the file 'E:\AdminData\Analizator uprawnień\Analizator uprawnień\PowerShell\Output\Report\debug.log' because it is being used by another process."
at Publish-ReportToSharePointLibrary, E:\AdminData\Analizator uprawnień\Analizator uprawnień\PowerShell\Start-PermissionScan.ps1: line 360
at <ScriptBlock>, E:\AdminData\Analizator uprawnień\Analizator uprawnień\PowerShell\Start-PermissionScan.ps1: line 747
at <ScriptBlock>, <No file>: line 1
[2026-04-17 14:21:28.752] [Info] Sesja 8C7412CC zakonczona. Bledy: 2
