================================================================================
SharePoint Permission Analyzer - Log skanowania
Data:    2026-04-20 14:16:00
Serwer:  MOSSWFESE
Uzytkownik: TEST\lab.m.radziszewski
================================================================================
[2026-04-20 14:16:00.850] [Info] ============================================================
[2026-04-20 14:16:00.850] [Info] SharePoint Permission Analyzer v1.0 - Sesja: 8789DB3A
[2026-04-20 14:16:00.850] [Info] Poczatek skanowania: 2026-04-20 14:16:00
[2026-04-20 14:16:00.929] [Info] Konfiguracja: E:\AdminData\Analizator uprawnień\Analizator uprawnień\PowerShell\Config\ScanConfig.json
[2026-04-20 14:16:00.939] [Info] ============================================================
[2026-04-20 14:16:00.945] [Info] Weryfikacja uprawnien Farm Admin: OK
[2026-04-20 14:16:01.023] [Info] Farma: SharePoint_Config, Build: 16.0.19127.20338
[2026-04-20 14:16:01.032] [Info] Znaleziono 3 Web Application(s)
[2026-04-20 14:16:01.040] [Info]   WebApp[1] 'SharePoint - osobiste.test.pl' Url='https://osobiste.test.pl/' Type='SPWebApplication'
[2026-04-20 14:16:01.055] [Info] [1/3] Przetwarzam WebApp: https://osobiste.test.pl
[2026-04-20 14:16:01.055] [Info] Skanowanie Web Application: https://osobiste.test.pl
[2026-04-20 14:16:01.102] [Info] Skanowanie Site Collections w https://osobiste.test.pl (SC: 4)
[2026-04-20 14:16:01.292] [Info]  Skanowanie Site Collection: https://osobiste.test.pl
[2026-04-20 14:16:01.387] [Info]   Skanowanie Web: https://osobiste.test.pl
[2026-04-20 14:16:01.876] [Info]  Skanowanie Site Collection: https://osobiste.test.pl/personal/lab_m_radziszewski
[2026-04-20 14:16:01.923] [Info]   Skanowanie Web: https://osobiste.test.pl/personal/lab_m_radziszewski
[2026-04-20 14:16:02.488] [Info]  Skanowanie Site Collection: https://osobiste.test.pl/personal/sp_search
[2026-04-20 14:16:02.536] [Error] Blad skanowania SC https://osobiste.test.pl/personal/sp_search: The following exception occurred while trying to enumerate the collection: "Access is denied. (Exception from HRESULT: 0x80070005 (E_ACCESSDENIED))".
[2026-04-20 14:16:02.689] [Info]  Skanowanie Site Collection: https://sitemaster-fd6313d0-aba0-4722-a4a4-d4f8afafe96c
[2026-04-20 14:16:02.756] [Error] Blad skanowania SC https://sitemaster-fd6313d0-aba0-4722-a4a4-d4f8afafe96c: The following exception occurred while trying to enumerate the collection: "Access is denied. (Exception from HRESULT: 0x80070005 (E_ACCESSDENIED))".
[2026-04-20 14:16:02.882] [Info]   WebApp[2] 'SharePoint - portalse.test.pl' Url='https://portalse.test.pl/' Type='SPWebApplication'
[2026-04-20 14:16:02.897] [Info] [2/3] Przetwarzam WebApp: https://portalse.test.pl
[2026-04-20 14:16:02.908] [Info] Skanowanie Web Application: https://portalse.test.pl
[2026-04-20 14:16:02.913] [Info] Skanowanie Site Collections w https://portalse.test.pl (SC: 1)
[2026-04-20 14:16:03.032] [Info]  Skanowanie Site Collection: https://portalse.test.pl
[2026-04-20 14:16:03.118] [Info]   Skanowanie Web: https://portalse.test.pl
[2026-04-20 14:16:04.708] [Info]   WebApp[3] 'SharePoint - site.test.pl' Url='http://site.test.pl/' Type='SPWebApplication'
[2026-04-20 14:16:04.725] [Info] [3/3] Przetwarzam WebApp: http://site.test.pl
[2026-04-20 14:16:04.756] [Info] Skanowanie Web Application: http://site.test.pl
[2026-04-20 14:16:04.772] [Info] Skanowanie Site Collections w http://site.test.pl (SC: 1)
[2026-04-20 14:16:04.845] [Info]  Skanowanie Site Collection: http://site.test.pl
[2026-04-20 14:16:04.898] [Info]   Skanowanie Web: http://site.test.pl
[2026-04-20 14:16:05.197] [Info]   Skanowanie Web: http://site.test.pl/subsite
[2026-04-20 14:16:05.641] [Info]   Skanowanie Web: http://site.test.pl/subsite/subsite1
[2026-04-20 14:16:05.783] [Info]   Skanowanie Web: http://site.test.pl/subsite/subsite2
[2026-04-20 14:16:05.908] [Info] Laczna liczba obiektow: 108
[2026-04-20 14:16:05.923] [Info] Statystyki: WebApps=3, SC=6, Webs=7, Lists=30, Items=62
[2026-04-20 14:16:05.955] [Info] Skanowanie zakonczone. Czas: 00:00:05. Obiektow: 108. Przypizan: 110
[2026-04-20 14:16:06.033] [Info] Eksport JSON: E:\AdminData\Analizator uprawnień\Analizator uprawnień\PowerShell\Output\PermissionReport_2026-04-20_14-16-00.json
[2026-04-20 14:16:06.157] [Info] Eksport CSV: E:\AdminData\Analizator uprawnień\Analizator uprawnień\PowerShell\Output\PermissionReport_2026-04-20_14-16-00.csv
[2026-04-20 14:16:06.315] [Info] Wersjonowanie: +0 / -0 / ~0
[2026-04-20 14:16:06.330] [Info] Generowanie raportu HTML...
[2026-04-20 14:16:06.330] [Info]   Szablon: E:\AdminData\Analizator uprawnień\Analizator uprawnień\Report
[2026-04-20 14:16:06.330] [Info]   Wyjscie: E:\AdminData\Analizator uprawnień\Analizator uprawnień\PowerShell\Output\Report
[2026-04-20 14:16:06.425] [Info] Generowanie data.js...
[2026-04-20 14:16:06.472] [Info] data.js wygenerowany: E:\AdminData\Analizator uprawnień\Analizator uprawnień\PowerShell\Output\Report\data.js (159 KB)
[2026-04-20 14:16:06.567] [Info] Raport HTML wygenerowany: E:\AdminData\Analizator uprawnień\Analizator uprawnień\PowerShell\Output\Report
[2026-04-20 14:16:06.567] [Info] Raport HTML: E:\AdminData\Analizator uprawnień\Analizator uprawnień\PowerShell\Output\Report\index.html
[2026-04-20 14:16:06.884] [Info] Rozpoczecie publikacji raportu HTML do SharePoint: https://portalse.test.pl/RaportySP
[2026-04-20 14:16:10.707] [Info] Raport opublikowany w SharePoint: https://portalse.test.pl/RaportySP/Report/index.html
[2026-04-20 14:16:10.720] [Info] Sesja 8789DB3A zakonczona. Bledy: 2
