================================================================================
SharePoint Permission Analyzer - Log skanowania
Data:    2026-04-21 12:24:11
Serwer:  MOSSWFESE
Uzytkownik: TEST\lab.m.radziszewski
================================================================================
[2026-04-21 12:24:11.772] [Info] ============================================================
[2026-04-21 12:24:11.785] [Info] SharePoint Permission Analyzer v1.0 - Sesja: 1D4EDA3C
[2026-04-21 12:24:11.788] [Info] Poczatek skanowania: 2026-04-21 12:24:11
[2026-04-21 12:24:11.788] [Info] Konfiguracja: E:\AdminData\Analizator uprawnień\Analizator uprawnień\PowerShell\Config\ScanConfig.json
[2026-04-21 12:24:11.847] [Info] ============================================================
[2026-04-21 12:24:11.866] [Info] Weryfikacja uprawnien Farm Admin: OK
[2026-04-21 12:24:11.882] [Info] Farma: SharePoint_Config, Build: 16.0.19127.20338
[2026-04-21 12:24:11.945] [Info] Znaleziono 3 Web Application(s)
[2026-04-21 12:24:11.961] [Info]   WebApp[1] 'SharePoint - osobiste.test.pl' Url='https://osobiste.test.pl/' Type='SPWebApplication'
[2026-04-21 12:24:11.976] [Info] [1/3] Przetwarzam WebApp: https://osobiste.test.pl
[2026-04-21 12:24:11.976] [Info] Skanowanie Web Application: https://osobiste.test.pl
[2026-04-21 12:24:11.992] [Info] Skanowanie Site Collections w https://osobiste.test.pl (SC: 4)
[2026-04-21 12:24:12.191] [Info]  Skanowanie Site Collection: https://osobiste.test.pl
[2026-04-21 12:24:12.244] [Info]   Skanowanie Web: https://osobiste.test.pl
[2026-04-21 12:24:12.687] [Info]  Skanowanie Site Collection: https://osobiste.test.pl/personal/lab_m_radziszewski
[2026-04-21 12:24:12.722] [Info]   Skanowanie Web: https://osobiste.test.pl/personal/lab_m_radziszewski
[2026-04-21 12:24:13.066] [Info]  Skanowanie Site Collection: https://osobiste.test.pl/personal/sp_search
[2026-04-21 12:24:13.097] [Error] Blad skanowania SC https://osobiste.test.pl/personal/sp_search: The following exception occurred while trying to enumerate the collection: "Access is denied. (Exception from HRESULT: 0x80070005 (E_ACCESSDENIED))".
[2026-04-21 12:24:13.239] [Info]  Skanowanie Site Collection: https://sitemaster-fd6313d0-aba0-4722-a4a4-d4f8afafe96c
[2026-04-21 12:24:13.333] [Error] Blad skanowania SC https://sitemaster-fd6313d0-aba0-4722-a4a4-d4f8afafe96c: The following exception occurred while trying to enumerate the collection: "Access is denied. (Exception from HRESULT: 0x80070005 (E_ACCESSDENIED))".
[2026-04-21 12:24:13.396] [Info]   WebApp[2] 'SharePoint - portalse.test.pl' Url='https://portalse.test.pl/' Type='SPWebApplication'
[2026-04-21 12:24:13.491] [Info] [2/3] Przetwarzam WebApp: https://portalse.test.pl
[2026-04-21 12:24:13.491] [Info] Skanowanie Web Application: https://portalse.test.pl
[2026-04-21 12:24:13.507] [Info] Skanowanie Site Collections w https://portalse.test.pl (SC: 1)
[2026-04-21 12:24:13.570] [Info]  Skanowanie Site Collection: https://portalse.test.pl
[2026-04-21 12:24:13.665] [Info]   Skanowanie Web: https://portalse.test.pl
[2026-04-21 12:24:15.165] [Info]   WebApp[3] 'SharePoint - site.test.pl' Url='http://site.test.pl/' Type='SPWebApplication'
[2026-04-21 12:24:15.181] [Info] [3/3] Przetwarzam WebApp: http://site.test.pl
[2026-04-21 12:24:15.181] [Info] Skanowanie Web Application: http://site.test.pl
[2026-04-21 12:24:15.197] [Info] Skanowanie Site Collections w http://site.test.pl (SC: 1)
[2026-04-21 12:24:15.260] [Info]  Skanowanie Site Collection: http://site.test.pl
[2026-04-21 12:24:15.341] [Info]   Skanowanie Web: http://site.test.pl
[2026-04-21 12:24:15.736] [Info]   Skanowanie Web: http://site.test.pl/subsite
[2026-04-21 12:24:16.332] [Info]   Skanowanie Web: http://site.test.pl/subsite/subsite1
[2026-04-21 12:24:16.473] [Info]   Skanowanie Web: http://site.test.pl/subsite/subsite2
[2026-04-21 12:24:16.600] [Info] Laczna liczba obiektow: 112
[2026-04-21 12:24:16.600] [Info] Statystyki: WebApps=3, SC=6, Webs=7, Lists=30, Items=66
[2026-04-21 12:24:16.694] [Info] Skanowanie zakonczone. Czas: 00:00:04. Obiektow: 112. Przypizan: 64
[2026-04-21 12:24:16.774] [Info] Eksport JSON: E:\AdminData\Analizator uprawnień\Analizator uprawnień\PowerShell\Output\PermissionReport_2026-04-21_12-24-11.json
[2026-04-21 12:24:16.879] [Info] Eksport CSV: E:\AdminData\Analizator uprawnień\Analizator uprawnień\PowerShell\Output\PermissionReport_2026-04-21_12-24-11.csv
[2026-04-21 12:24:17.098] [Info] Wersjonowanie: +0 / -0 / ~2
[2026-04-21 12:24:17.184] [Info] Zarchiwizowano raport: Report_2026-04-21_12-14-43
[2026-04-21 12:24:17.691] [Info] Generowanie raportu HTML...
[2026-04-21 12:24:17.786] [Info]   Szablon: E:\AdminData\Analizator uprawnień\Analizator uprawnień\Report
[2026-04-21 12:24:17.786] [Info]   Wyjscie: E:\AdminData\Analizator uprawnień\Analizator uprawnień\PowerShell\Output\Report
[2026-04-21 12:24:17.817] [Info] Generowanie data.js...
[2026-04-21 12:24:17.912] [Info] data.js wygenerowany: E:\AdminData\Analizator uprawnień\Analizator uprawnień\PowerShell\Output\Report\data.js (169 KB)
[2026-04-21 12:24:18.023] [Info] Raport HTML wygenerowany: E:\AdminData\Analizator uprawnień\Analizator uprawnień\PowerShell\Output\Report
[2026-04-21 12:24:18.085] [Info] Raport HTML: E:\AdminData\Analizator uprawnień\Analizator uprawnień\PowerShell\Output\Report\index.html
[2026-04-21 12:24:18.416] [Info] Rozpoczecie publikacji raportu HTML do SharePoint: https://portalse.test.pl/RaportySP
[2026-04-21 12:24:22.145] [Info] Raport opublikowany w SharePoint: https://portalse.test.pl/RaportySP/Report/index.html
[2026-04-21 12:24:22.145] [Info] Sesja 1D4EDA3C zakonczona. Bledy: 2
