================================================================================
SharePoint Permission Analyzer - Log skanowania
Data:    2026-04-20 11:31:48
Serwer:  MOSSWFESE
Uzytkownik: TEST\lab.m.radziszewski
================================================================================
[2026-04-20 11:31:48.620] [Info] ============================================================
[2026-04-20 11:31:48.620] [Info] SharePoint Permission Analyzer v1.0 - Sesja: 299CCDD9
[2026-04-20 11:31:48.636] [Info] Poczatek skanowania: 2026-04-20 11:31:48
[2026-04-20 11:31:48.636] [Info] Konfiguracja: E:\AdminData\Analizator uprawnień\Analizator uprawnień\PowerShell\Config\ScanConfig.json
[2026-04-20 11:31:48.636] [Info] ============================================================
[2026-04-20 11:31:48.713] [Info] Weryfikacja uprawnien Farm Admin: OK
[2026-04-20 11:31:48.808] [Info] Farma: SharePoint_Config, Build: 16.0.19127.20338
[2026-04-20 11:31:48.823] [Info] Znaleziono 3 Web Application(s)
[2026-04-20 11:31:48.823] [Info]   WebApp[1] 'SharePoint - osobiste.test.pl' Url='https://osobiste.test.pl/' Type='SPWebApplication'
[2026-04-20 11:31:48.854] [Info] [1/3] Przetwarzam WebApp: https://osobiste.test.pl
[2026-04-20 11:31:48.917] [Info] Skanowanie Web Application: https://osobiste.test.pl
[2026-04-20 11:31:48.964] [Info] Skanowanie Site Collections w https://osobiste.test.pl (SC: 4)
[2026-04-20 11:31:49.073] [Info]  Skanowanie Site Collection: https://osobiste.test.pl
[2026-04-20 11:31:49.168] [Info]   Skanowanie Web: https://osobiste.test.pl
[2026-04-20 11:31:49.672] [Info]  Skanowanie Site Collection: https://osobiste.test.pl/personal/lab_m_radziszewski
[2026-04-20 11:31:49.703] [Info]   Skanowanie Web: https://osobiste.test.pl/personal/lab_m_radziszewski
[2026-04-20 11:31:50.245] [Info]  Skanowanie Site Collection: https://osobiste.test.pl/personal/sp_search
[2026-04-20 11:31:50.301] [Error] Blad skanowania SC https://osobiste.test.pl/personal/sp_search: The following exception occurred while trying to enumerate the collection: "Access is denied. (Exception from HRESULT: 0x80070005 (E_ACCESSDENIED))".
[2026-04-20 11:31:50.411] [Info]  Skanowanie Site Collection: https://sitemaster-fd6313d0-aba0-4722-a4a4-d4f8afafe96c
[2026-04-20 11:31:50.506] [Error] Blad skanowania SC https://sitemaster-fd6313d0-aba0-4722-a4a4-d4f8afafe96c: The following exception occurred while trying to enumerate the collection: "Access is denied. (Exception from HRESULT: 0x80070005 (E_ACCESSDENIED))".
[2026-04-20 11:31:50.588] [Info]   WebApp[2] 'SharePoint - portalse.test.pl' Url='https://portalse.test.pl/' Type='SPWebApplication'
[2026-04-20 11:31:50.632] [Info] [2/3] Przetwarzam WebApp: https://portalse.test.pl
[2026-04-20 11:31:50.648] [Info] Skanowanie Web Application: https://portalse.test.pl
[2026-04-20 11:31:50.663] [Info] Skanowanie Site Collections w https://portalse.test.pl (SC: 1)
[2026-04-20 11:31:50.714] [Info]  Skanowanie Site Collection: https://portalse.test.pl
[2026-04-20 11:31:50.789] [Info]   Skanowanie Web: https://portalse.test.pl
[2026-04-20 11:31:53.987] [Info]   WebApp[3] 'SharePoint - site.test.pl' Url='http://site.test.pl/' Type='SPWebApplication'
[2026-04-20 11:31:53.995] [Info] [3/3] Przetwarzam WebApp: http://site.test.pl
[2026-04-20 11:31:54.003] [Info] Skanowanie Web Application: http://site.test.pl
[2026-04-20 11:31:54.019] [Info] Skanowanie Site Collections w http://site.test.pl (SC: 1)
[2026-04-20 11:31:54.066] [Info]  Skanowanie Site Collection: http://site.test.pl
[2026-04-20 11:31:54.175] [Info]   Skanowanie Web: http://site.test.pl
[2026-04-20 11:31:54.459] [Info]   Skanowanie Web: http://site.test.pl/subsite
[2026-04-20 11:31:54.901] [Info]   Skanowanie Web: http://site.test.pl/subsite/subsite1
[2026-04-20 11:31:55.061] [Info]   Skanowanie Web: http://site.test.pl/subsite/subsite2
[2026-04-20 11:31:55.218] [Info] Laczna liczba obiektow: 108
[2026-04-20 11:31:55.218] [Info] Statystyki: WebApps=3, SC=6, Webs=7, Lists=30, Items=62
[2026-04-20 11:31:55.265] [Info] Skanowanie zakonczone. Czas: 00:00:06. Obiektow: 108. Przypizan: 110
[2026-04-20 11:31:55.363] [Info] Eksport JSON: E:\AdminData\Analizator uprawnień\Analizator uprawnień\PowerShell\Output\PermissionReport_2026-04-20_11-31-48.json
[2026-04-20 11:31:55.474] [Info] Eksport CSV: E:\AdminData\Analizator uprawnień\Analizator uprawnień\PowerShell\Output\PermissionReport_2026-04-20_11-31-48.csv
[2026-04-20 11:31:55.714] [Info] Wersjonowanie: +0 / -0 / ~1
[2026-04-20 11:31:55.726] [Info] Generowanie raportu HTML...
[2026-04-20 11:31:55.726] [Info]   Szablon: E:\AdminData\Analizator uprawnień\Analizator uprawnień\Report
[2026-04-20 11:31:55.742] [Info]   Wyjscie: E:\AdminData\Analizator uprawnień\Analizator uprawnień\PowerShell\Output\Report
[2026-04-20 11:31:55.777] [Info] Generowanie data.js...
[2026-04-20 11:31:55.839] [Info] data.js wygenerowany: E:\AdminData\Analizator uprawnień\Analizator uprawnień\PowerShell\Output\Report\data.js (160 KB)
[2026-04-20 11:31:55.933] [Info] Raport HTML wygenerowany: E:\AdminData\Analizator uprawnień\Analizator uprawnień\PowerShell\Output\Report
[2026-04-20 11:31:55.948] [Info] Raport HTML: E:\AdminData\Analizator uprawnień\Analizator uprawnień\PowerShell\Output\Report\index.html
[2026-04-20 11:31:56.218] [Info] Rozpoczecie publikacji raportu HTML do SharePoint: https://portalse.test.pl/RaportySP
[2026-04-20 11:32:00.324] [Info] Raport opublikowany w SharePoint: https://portalse.test.pl/RaportySP/Report/index.html
[2026-04-20 11:32:00.324] [Info] Sesja 299CCDD9 zakonczona. Bledy: 2
