================================================================================
SharePoint Permission Analyzer - Log skanowania
Data:    2026-04-17 13:04:26
Serwer:  MOSSWFESE
Uzytkownik: TEST\lab.m.radziszewski
================================================================================
[2026-04-17 13:04:26.420] [Info] ============================================================
[2026-04-17 13:04:26.420] [Info] SharePoint Permission Analyzer v1.0 - Sesja: 2CF1A469
[2026-04-17 13:04:26.436] [Info] Poczatek skanowania: 2026-04-17 13:04:26
[2026-04-17 13:04:26.436] [Info] Konfiguracja: E:\AdminData\Analizator uprawnień\Analizator uprawnień\PowerShell\Config\ScanConfig.json
[2026-04-17 13:04:26.451] [Info] ============================================================
[2026-04-17 13:04:26.529] [Info] Weryfikacja uprawnien Farm Admin: OK
[2026-04-17 13:04:26.608] [Info] Farma: SharePoint_Config, Build: 16.0.19127.20338
[2026-04-17 13:04:26.608] [Info] Znaleziono 3 Web Application(s)
[2026-04-17 13:04:26.623] [Info]   WebApp[1] 'SharePoint - osobiste.test.pl' Url='https://osobiste.test.pl/' Type='SPWebApplication'
[2026-04-17 13:04:26.639] [Info] [1/3] Przetwarzam WebApp: https://osobiste.test.pl
[2026-04-17 13:04:26.654] [Info] Skanowanie Web Application: https://osobiste.test.pl
[2026-04-17 13:04:26.798] [Info] Skanowanie Site Collections w https://osobiste.test.pl (SC: 4)
[2026-04-17 13:04:27.019] [Info]  Skanowanie Site Collection: https://osobiste.test.pl
[2026-04-17 13:04:27.114] [Info]   Skanowanie Web: https://osobiste.test.pl
[2026-04-17 13:04:27.618] [Info]  Skanowanie Site Collection: https://osobiste.test.pl/personal/lab_m_radziszewski
[2026-04-17 13:04:27.650] [Info]   Skanowanie Web: https://osobiste.test.pl/personal/lab_m_radziszewski
[2026-04-17 13:04:28.185] [Info]  Skanowanie Site Collection: https://osobiste.test.pl/personal/sp_search
[2026-04-17 13:04:28.232] [Error] Blad skanowania SC https://osobiste.test.pl/personal/sp_search: The following exception occurred while trying to enumerate the collection: "Access is denied. (Exception from HRESULT: 0x80070005 (E_ACCESSDENIED))".
[2026-04-17 13:04:28.357] [Info]  Skanowanie Site Collection: https://sitemaster-fd6313d0-aba0-4722-a4a4-d4f8afafe96c
[2026-04-17 13:04:28.469] [Error] Blad skanowania SC https://sitemaster-fd6313d0-aba0-4722-a4a4-d4f8afafe96c: The following exception occurred while trying to enumerate the collection: "Access is denied. (Exception from HRESULT: 0x80070005 (E_ACCESSDENIED))".
[2026-04-17 13:04:28.516] [Info]   WebApp[2] 'SharePoint - portalse.test.pl' Url='https://portalse.test.pl/' Type='SPWebApplication'
[2026-04-17 13:04:28.576] [Info] [2/3] Przetwarzam WebApp: https://portalse.test.pl
[2026-04-17 13:04:28.579] [Info] Skanowanie Web Application: https://portalse.test.pl
[2026-04-17 13:04:28.595] [Info] Skanowanie Site Collections w https://portalse.test.pl (SC: 1)
[2026-04-17 13:04:28.670] [Info]  Skanowanie Site Collection: https://portalse.test.pl
[2026-04-17 13:04:28.784] [Info]   Skanowanie Web: https://portalse.test.pl
[2026-04-17 13:04:31.939] [Info]   WebApp[3] 'SharePoint - site.test.pl' Url='http://site.test.pl/' Type='SPWebApplication'
[2026-04-17 13:04:31.955] [Info] [3/3] Przetwarzam WebApp: http://site.test.pl
[2026-04-17 13:04:31.971] [Info] Skanowanie Web Application: http://site.test.pl
[2026-04-17 13:04:31.987] [Info] Skanowanie Site Collections w http://site.test.pl (SC: 1)
[2026-04-17 13:04:32.065] [Info]  Skanowanie Site Collection: http://site.test.pl
[2026-04-17 13:04:32.159] [Info]   Skanowanie Web: http://site.test.pl
[2026-04-17 13:04:32.445] [Info]   Skanowanie Web: http://site.test.pl/subsite
[2026-04-17 13:04:33.014] [Info]   Skanowanie Web: http://site.test.pl/subsite/subsite1
[2026-04-17 13:04:33.186] [Info]   Skanowanie Web: http://site.test.pl/subsite/subsite2
[2026-04-17 13:04:33.342] [Info] Laczna liczba obiektow: 202
[2026-04-17 13:04:33.358] [Info] Statystyki: WebApps=3, SC=6, Webs=7, Lists=30, Items=156
[2026-04-17 13:04:33.389] [Info] Skanowanie zakonczone. Czas: 00:00:06. Obiektow: 202. Przypizan: 95
[2026-04-17 13:04:33.483] [Info] Eksport JSON: E:\AdminData\Analizator uprawnień\Analizator uprawnień\PowerShell\Output\PermissionReport_2026-04-17_13-04-26.json
[2026-04-17 13:04:33.626] [Info] Eksport CSV: E:\AdminData\Analizator uprawnień\Analizator uprawnień\PowerShell\Output\PermissionReport_2026-04-17_13-04-26.csv
[2026-04-17 13:04:34.139] [Info] Wersjonowanie: +0 / -0 / ~0
[2026-04-17 13:04:34.148] [Info] Generowanie raportu HTML...
[2026-04-17 13:04:34.211] [Info]   Szablon: E:\AdminData\Analizator uprawnień\Analizator uprawnień\Report
[2026-04-17 13:04:34.227] [Info]   Wyjscie: E:\AdminData\Analizator uprawnień\Analizator uprawnień\PowerShell\Output\Report
[2026-04-17 13:04:34.295] [Info] Generowanie data.js...
[2026-04-17 13:04:34.354] [Info] data.js wygenerowany: E:\AdminData\Analizator uprawnień\Analizator uprawnień\PowerShell\Output\Report\data.js (273 KB)
[2026-04-17 13:04:34.359] [Info] Raport HTML wygenerowany: E:\AdminData\Analizator uprawnień\Analizator uprawnień\PowerShell\Output\Report
[2026-04-17 13:04:34.452] [Info] Raport HTML: E:\AdminData\Analizator uprawnień\Analizator uprawnień\PowerShell\Output\Report\index.html
[2026-04-17 13:04:51.394] [Info] Rozpoczecie publikacji raportu HTML do SharePoint: https://portalse.test.pl/RaportySP
[2026-04-17 13:04:54.828] [Info] Raport opublikowany w SharePoint: https://portalse.test.pl/RaportySP/Report/index.html
[2026-04-17 13:04:54.915] [Info] Sesja 2CF1A469 zakonczona. Bledy: 2
