================================================================================
SharePoint Permission Analyzer - Log skanowania
Data:    2026-04-15 11:12:10
Serwer:  MOSSWFESE
Uzytkownik: TEST\lab.m.radziszewski
================================================================================
[2026-04-15 11:12:10.822] [Info] ============================================================
[2026-04-15 11:12:10.854] [Info] SharePoint Permission Analyzer v1.0 - Sesja: 6F1FFAE0
[2026-04-15 11:12:10.854] [Info] Poczatek skanowania: 2026-04-15 11:12:10
[2026-04-15 11:12:10.871] [Info] Konfiguracja: E:\AdminData\Analizator uprawnień\Analizator uprawnień\PowerShell\Config\ScanConfig.json
[2026-04-15 11:12:10.871] [Info] ============================================================
[2026-04-15 11:12:14.778] [Info] Weryfikacja uprawnien Farm Admin: OK
[2026-04-15 11:12:15.028] [Info] Farma: SharePoint_Config, Build: 16.0.19127.20338
[2026-04-15 11:12:15.062] [Info] Znaleziono 3 Web Application(s)
[2026-04-15 11:12:17.887] [Info]   WebApp[1] 'SharePoint - osobiste.test.pl' Url='' Type='SPWebApplication'
[2026-04-15 11:12:17.997] [Info] [1/3] Przetwarzam WebApp: https://osobiste.test.pl
[2026-04-15 11:12:18.155] [Info] Skanowanie Web Application: https://osobiste.test.pl
[2026-04-15 11:12:18.360] [Info] Skanowanie Site Collections w https://osobiste.test.pl (SC: 4)
[2026-04-15 11:12:19.684] [Info]  Skanowanie Site Collection: https://osobiste.test.pl
[2026-04-15 11:12:21.591] [Info]   Skanowanie Web: https://osobiste.test.pl
[2026-04-15 11:12:30.044] [Info]  Skanowanie Site Collection: https://osobiste.test.pl/personal/lab_m_radziszewski
[2026-04-15 11:12:30.107] [Info]   Skanowanie Web: https://osobiste.test.pl/personal/lab_m_radziszewski
[2026-04-15 11:12:31.825] [Info]  Skanowanie Site Collection: https://osobiste.test.pl/personal/sp_search
[2026-04-15 11:12:31.919] [Error] Blad skanowania SC https://osobiste.test.pl/personal/sp_search: The following exception occurred while trying to enumerate the collection: "Access is denied. (Exception from HRESULT: 0x80070005 (E_ACCESSDENIED))".
[2026-04-15 11:12:32.076] [Info]  Skanowanie Site Collection: https://sitemaster-fd6313d0-aba0-4722-a4a4-d4f8afafe96c
[2026-04-15 11:12:32.172] [Error] Blad skanowania SC https://sitemaster-fd6313d0-aba0-4722-a4a4-d4f8afafe96c: The following exception occurred while trying to enumerate the collection: "Access is denied. (Exception from HRESULT: 0x80070005 (E_ACCESSDENIED))".
[2026-04-15 11:12:32.220] [Info]   WebApp[2] 'SharePoint - portalse.test.pl' Url='' Type='SPWebApplication'
[2026-04-15 11:12:32.235] [Info] [2/3] Przetwarzam WebApp: https://portalse.test.pl
[2026-04-15 11:12:32.283] [Info] Skanowanie Web Application: https://portalse.test.pl
[2026-04-15 11:12:32.346] [Info] Skanowanie Site Collections w https://portalse.test.pl (SC: 1)
[2026-04-15 11:12:32.440] [Info]  Skanowanie Site Collection: https://portalse.test.pl
[2026-04-15 11:12:32.535] [Info]   Skanowanie Web: https://portalse.test.pl
[2026-04-15 11:12:35.966] [Info]   WebApp[3] 'SharePoint - site.test.pl' Url='' Type='SPWebApplication'
[2026-04-15 11:12:35.982] [Info] [3/3] Przetwarzam WebApp: http://site.test.pl
[2026-04-15 11:12:35.982] [Info] Skanowanie Web Application: http://site.test.pl
[2026-04-15 11:12:35.997] [Info] Skanowanie Site Collections w http://site.test.pl (SC: 1)
[2026-04-15 11:12:36.138] [Info]  Skanowanie Site Collection: http://site.test.pl
[2026-04-15 11:12:36.281] [Info]   Skanowanie Web: http://site.test.pl
[2026-04-15 11:12:37.925] [Info]   Skanowanie Web: http://site.test.pl/subsite
[2026-04-15 11:12:39.329] [Info]   Skanowanie Web: http://site.test.pl/subsite/subsite1
[2026-04-15 11:12:40.073] [Info]   Skanowanie Web: http://site.test.pl/subsite/subsite2
[2026-04-15 11:12:40.779] [Info] Laczna liczba obiektow: 87
[2026-04-15 11:12:40.794] [Info] Statystyki: WebApps=3, SC=6, Webs=7, Lists=30, Items=41
[2026-04-15 11:12:40.966] [Info] Skanowanie zakonczone. Czas: 00:00:30. Obiektow: 87. Przypizan: 84
[2026-04-15 11:12:41.155] [Info] Eksport JSON: E:\AdminData\Analizator uprawnień\Analizator uprawnień\PowerShell\Output\PermissionReport_2026-04-15_11-12-10.json
[2026-04-15 11:12:41.819] [Info] Eksport CSV: E:\AdminData\Analizator uprawnień\Analizator uprawnień\PowerShell\Output\PermissionReport_2026-04-15_11-12-10.csv
[2026-04-15 11:12:41.904] [Info] Generowanie raportu HTML...
[2026-04-15 11:12:41.913] [Info]   Szablon: E:\AdminData\Analizator uprawnień\Analizator uprawnień\Report
[2026-04-15 11:12:41.929] [Info]   Wyjscie: E:\AdminData\Analizator uprawnień\Analizator uprawnień\PowerShell\Output\Report_2026-04-15_11-12-10
[2026-04-15 11:12:42.071] [Info] Generowanie data.js...
[2026-04-15 11:12:42.166] [Info] data.js wygenerowany: E:\AdminData\Analizator uprawnień\Analizator uprawnień\PowerShell\Output\Report_2026-04-15_11-12-10\data.js (124 KB)
[2026-04-15 11:12:42.185] [Info] Raport HTML wygenerowany: E:\AdminData\Analizator uprawnień\Analizator uprawnień\PowerShell\Output\Report_2026-04-15_11-12-10
[2026-04-15 11:12:42.279] [Info] Raport HTML: E:\AdminData\Analizator uprawnień\Analizator uprawnień\PowerShell\Output\Report_2026-04-15_11-12-10\index.html
[2026-04-15 11:12:42.750] [Info] Sesja 6F1FFAE0 zakonczona. Bledy: 2
