================================================================================
SharePoint Permission Analyzer - Log skanowania
Data:    2026-04-16 13:16:48
Serwer:  MOSSWFESE
Uzytkownik: TEST\lab.m.radziszewski
================================================================================
[2026-04-16 13:16:48.227] [Info] ============================================================
[2026-04-16 13:16:48.255] [Info] SharePoint Permission Analyzer v1.0 - Sesja: 7D31C69D
[2026-04-16 13:16:48.261] [Info] Poczatek skanowania: 2026-04-16 13:16:48
[2026-04-16 13:16:48.277] [Info] Konfiguracja: E:\AdminData\Analizator uprawnień\Analizator uprawnień\PowerShell\Config\ScanConfig.json
[2026-04-16 13:16:48.286] [Info] ============================================================
[2026-04-16 13:16:52.665] [Info] Weryfikacja uprawnien Farm Admin: OK
[2026-04-16 13:16:53.032] [Info] Farma: SharePoint_Config, Build: 16.0.19127.20338
[2026-04-16 13:16:53.079] [Info] Znaleziono 3 Web Application(s)
[2026-04-16 13:16:55.251] [Info]   WebApp[1] 'SharePoint - osobiste.test.pl' Url='' Type='SPWebApplication'
[2026-04-16 13:16:55.318] [Info] [1/3] Przetwarzam WebApp: https://osobiste.test.pl
[2026-04-16 13:16:55.412] [Info] Skanowanie Web Application: https://osobiste.test.pl
[2026-04-16 13:16:55.693] [Info] Skanowanie Site Collections w https://osobiste.test.pl (SC: 4)
[2026-04-16 13:16:56.943] [Info]  Skanowanie Site Collection: https://osobiste.test.pl
[2026-04-16 13:16:58.649] [Info]   Skanowanie Web: https://osobiste.test.pl
[2026-04-16 13:17:03.850] [Info]  Skanowanie Site Collection: https://osobiste.test.pl/personal/lab_m_radziszewski
[2026-04-16 13:17:03.881] [Info]   Skanowanie Web: https://osobiste.test.pl/personal/lab_m_radziszewski
[2026-04-16 13:17:05.068] [Info]  Skanowanie Site Collection: https://osobiste.test.pl/personal/sp_search
[2026-04-16 13:17:05.144] [Error] Blad skanowania SC https://osobiste.test.pl/personal/sp_search: The following exception occurred while trying to enumerate the collection: "Access is denied. (Exception from HRESULT: 0x80070005 (E_ACCESSDENIED))".
[2026-04-16 13:17:05.240] [Info]  Skanowanie Site Collection: https://sitemaster-fd6313d0-aba0-4722-a4a4-d4f8afafe96c
[2026-04-16 13:17:05.334] [Error] Blad skanowania SC https://sitemaster-fd6313d0-aba0-4722-a4a4-d4f8afafe96c: The following exception occurred while trying to enumerate the collection: "Access is denied. (Exception from HRESULT: 0x80070005 (E_ACCESSDENIED))".
[2026-04-16 13:17:05.444] [Info]   WebApp[2] 'SharePoint - portalse.test.pl' Url='' Type='SPWebApplication'
[2026-04-16 13:17:05.460] [Info] [2/3] Przetwarzam WebApp: https://portalse.test.pl
[2026-04-16 13:17:05.475] [Info] Skanowanie Web Application: https://portalse.test.pl
[2026-04-16 13:17:05.522] [Info] Skanowanie Site Collections w https://portalse.test.pl (SC: 1)
[2026-04-16 13:17:05.584] [Info]  Skanowanie Site Collection: https://portalse.test.pl
[2026-04-16 13:17:05.662] [Info]   Skanowanie Web: https://portalse.test.pl
[2026-04-16 13:17:07.506] [Info]   WebApp[3] 'SharePoint - site.test.pl' Url='' Type='SPWebApplication'
[2026-04-16 13:17:07.522] [Info] [3/3] Przetwarzam WebApp: http://site.test.pl
[2026-04-16 13:17:07.522] [Info] Skanowanie Web Application: http://site.test.pl
[2026-04-16 13:17:07.584] [Info] Skanowanie Site Collections w http://site.test.pl (SC: 1)
[2026-04-16 13:17:07.678] [Info]  Skanowanie Site Collection: http://site.test.pl
[2026-04-16 13:17:07.788] [Info]   Skanowanie Web: http://site.test.pl
[2026-04-16 13:17:08.308] [Info]   Skanowanie Web: http://site.test.pl/subsite
[2026-04-16 13:17:08.987] [Info]   Skanowanie Web: http://site.test.pl/subsite/subsite1
[2026-04-16 13:17:09.178] [Info]   Skanowanie Web: http://site.test.pl/subsite/subsite2
[2026-04-16 13:17:09.384] [Info] Laczna liczba obiektow: 126
[2026-04-16 13:17:09.384] [Info] Statystyki: WebApps=3, SC=6, Webs=7, Lists=30, Items=80
[2026-04-16 13:17:09.526] [Info] Skanowanie zakonczone. Czas: 00:00:21. Obiektow: 126. Przypizan: 84
[2026-04-16 13:17:09.637] [Info] Eksport JSON: E:\AdminData\Analizator uprawnień\Analizator uprawnień\PowerShell\Output\PermissionReport_2026-04-16_13-16-48.json
[2026-04-16 13:17:09.953] [Info] Eksport CSV: E:\AdminData\Analizator uprawnień\Analizator uprawnień\PowerShell\Output\PermissionReport_2026-04-16_13-16-48.csv
[2026-04-16 13:17:09.985] [Info] Generowanie raportu HTML...
[2026-04-16 13:17:10.017] [Info]   Szablon: E:\AdminData\Analizator uprawnień\Analizator uprawnień\Report
[2026-04-16 13:17:10.017] [Info]   Wyjscie: E:\AdminData\Analizator uprawnień\Analizator uprawnień\PowerShell\Output\Report_2026-04-16_13-16-48
[2026-04-16 13:17:10.112] [Info] Generowanie data.js...
[2026-04-16 13:17:10.143] [Info] data.js wygenerowany: E:\AdminData\Analizator uprawnień\Analizator uprawnień\PowerShell\Output\Report_2026-04-16_13-16-48\data.js (175 KB)
[2026-04-16 13:17:10.207] [Info] Raport HTML wygenerowany: E:\AdminData\Analizator uprawnień\Analizator uprawnień\PowerShell\Output\Report_2026-04-16_13-16-48
[2026-04-16 13:17:10.207] [Info] Raport HTML: E:\AdminData\Analizator uprawnień\Analizator uprawnień\PowerShell\Output\Report_2026-04-16_13-16-48\index.html
[2026-04-16 13:17:26.163] [Info] Rozpoczecie publikacji raportu HTML do SharePoint: https://portalse.test.pl/RaportySP
[2026-04-16 13:17:41.773] [Info] Raport opublikowany w SharePoint: https://portalse.test.pl/RaportySP/Report_2026-04-16_13-16-48/index.html
[2026-04-16 13:17:41.789] [Info] Sesja 7D31C69D zakonczona. Bledy: 2
