================================================================================
SharePoint Permission Analyzer - Log skanowania
Data:    2026-04-16 10:18:28
Serwer:  MOSSWFESE
Uzytkownik: TEST\lab.m.radziszewski
================================================================================
[2026-04-16 10:18:28.121] [Info] ============================================================
[2026-04-16 10:18:28.168] [Info] SharePoint Permission Analyzer v1.0 - Sesja: C442502A
[2026-04-16 10:18:28.184] [Info] Poczatek skanowania: 2026-04-16 10:18:28
[2026-04-16 10:18:28.200] [Info] Konfiguracja: E:\AdminData\Analizator uprawnień\Analizator uprawnień\PowerShell\Config\ScanConfig.json
[2026-04-16 10:18:28.200] [Info] ============================================================
[2026-04-16 10:18:32.494] [Info] Weryfikacja uprawnien Farm Admin: OK
[2026-04-16 10:18:32.745] [Info] Farma: SharePoint_Config, Build: 16.0.19127.20338
[2026-04-16 10:18:32.777] [Info] Znaleziono 3 Web Application(s)
[2026-04-16 10:18:35.198] [Info]   WebApp[1] 'SharePoint - osobiste.test.pl' Url='' Type='SPWebApplication'
[2026-04-16 10:18:35.275] [Info] [1/3] Przetwarzam WebApp: https://osobiste.test.pl
[2026-04-16 10:18:35.369] [Info] Skanowanie Web Application: https://osobiste.test.pl
[2026-04-16 10:18:35.604] [Info] Skanowanie Site Collections w https://osobiste.test.pl (SC: 4)
[2026-04-16 10:18:36.829] [Info]  Skanowanie Site Collection: https://osobiste.test.pl
[2026-04-16 10:18:38.291] [Info]   Skanowanie Web: https://osobiste.test.pl
[2026-04-16 10:18:43.154] [Info]  Skanowanie Site Collection: https://osobiste.test.pl/personal/lab_m_radziszewski
[2026-04-16 10:18:43.213] [Info]   Skanowanie Web: https://osobiste.test.pl/personal/lab_m_radziszewski
[2026-04-16 10:18:44.134] [Info]  Skanowanie Site Collection: https://osobiste.test.pl/personal/sp_search
[2026-04-16 10:18:44.197] [Error] Blad skanowania SC https://osobiste.test.pl/personal/sp_search: The following exception occurred while trying to enumerate the collection: "Access is denied. (Exception from HRESULT: 0x80070005 (E_ACCESSDENIED))".
[2026-04-16 10:18:44.323] [Info]  Skanowanie Site Collection: https://sitemaster-fd6313d0-aba0-4722-a4a4-d4f8afafe96c
[2026-04-16 10:18:44.370] [Error] Blad skanowania SC https://sitemaster-fd6313d0-aba0-4722-a4a4-d4f8afafe96c: The following exception occurred while trying to enumerate the collection: "Access is denied. (Exception from HRESULT: 0x80070005 (E_ACCESSDENIED))".
[2026-04-16 10:18:44.416] [Info]   WebApp[2] 'SharePoint - portalse.test.pl' Url='' Type='SPWebApplication'
[2026-04-16 10:18:44.432] [Info] [2/3] Przetwarzam WebApp: https://portalse.test.pl
[2026-04-16 10:18:44.432] [Info] Skanowanie Web Application: https://portalse.test.pl
[2026-04-16 10:18:44.510] [Info] Skanowanie Site Collections w https://portalse.test.pl (SC: 1)
[2026-04-16 10:18:44.588] [Info]  Skanowanie Site Collection: https://portalse.test.pl
[2026-04-16 10:18:44.682] [Info]   Skanowanie Web: https://portalse.test.pl
[2026-04-16 10:18:45.994] [Info]   WebApp[3] 'SharePoint - site.test.pl' Url='' Type='SPWebApplication'
[2026-04-16 10:18:46.010] [Info] [3/3] Przetwarzam WebApp: http://site.test.pl
[2026-04-16 10:18:46.026] [Info] Skanowanie Web Application: http://site.test.pl
[2026-04-16 10:18:46.042] [Info] Skanowanie Site Collections w http://site.test.pl (SC: 1)
[2026-04-16 10:18:46.104] [Info]  Skanowanie Site Collection: http://site.test.pl
[2026-04-16 10:18:46.198] [Info]   Skanowanie Web: http://site.test.pl
[2026-04-16 10:18:46.651] [Info]   Skanowanie Web: http://site.test.pl/subsite
[2026-04-16 10:18:47.513] [Info]   Skanowanie Web: http://site.test.pl/subsite/subsite1
[2026-04-16 10:18:47.703] [Info]   Skanowanie Web: http://site.test.pl/subsite/subsite2
[2026-04-16 10:18:47.877] [Info] Laczna liczba obiektow: 87
[2026-04-16 10:18:47.940] [Info] Statystyki: WebApps=3, SC=6, Webs=7, Lists=30, Items=41
[2026-04-16 10:18:48.067] [Info] Skanowanie zakonczone. Czas: 00:00:19. Obiektow: 87. Przypizan: 84
[2026-04-16 10:18:48.289] [Info] Eksport JSON: E:\AdminData\Analizator uprawnień\Analizator uprawnień\PowerShell\Output\PermissionReport_2026-04-16_10-18-28.json
[2026-04-16 10:18:48.745] [Info] Eksport CSV: E:\AdminData\Analizator uprawnień\Analizator uprawnień\PowerShell\Output\PermissionReport_2026-04-16_10-18-28.csv
[2026-04-16 10:18:48.776] [Info] Generowanie raportu HTML...
[2026-04-16 10:18:48.854] [Info]   Szablon: E:\AdminData\Analizator uprawnień\Analizator uprawnień\Report
[2026-04-16 10:18:48.854] [Info]   Wyjscie: E:\AdminData\Analizator uprawnień\Analizator uprawnień\PowerShell\Output\Report_2026-04-16_10-18-28
[2026-04-16 10:18:48.979] [Info] Generowanie data.js...
[2026-04-16 10:18:49.104] [Info] data.js wygenerowany: E:\AdminData\Analizator uprawnień\Analizator uprawnień\PowerShell\Output\Report_2026-04-16_10-18-28\data.js (126 KB)
[2026-04-16 10:18:49.182] [Info] Raport HTML wygenerowany: E:\AdminData\Analizator uprawnień\Analizator uprawnień\PowerShell\Output\Report_2026-04-16_10-18-28
[2026-04-16 10:18:49.307] [Info] Raport HTML: E:\AdminData\Analizator uprawnień\Analizator uprawnień\PowerShell\Output\Report_2026-04-16_10-18-28\index.html
[2026-04-16 10:19:24.137] [Info] Rozpoczecie publikacji raportu HTML do SharePoint: https://portalse.test.pl/RaportySP
[2026-04-16 10:19:38.636] [Error] Blad publikacji raportu do SharePoint: Cannot convert argument "trimChars", with value: "\\", for "TrimStart" to type "System.Char": "Cannot convert value "\\" to type "System.Char". Error: "String must be exactly one character long.""
at Publish-ReportToSharePointLibrary, E:\AdminData\Analizator uprawnień\Analizator uprawnień\PowerShell\Start-PermissionScan.ps1: line 346
at <ScriptBlock>, E:\AdminData\Analizator uprawnień\Analizator uprawnień\PowerShell\Start-PermissionScan.ps1: line 667
at <ScriptBlock>, <No file>: line 1
[2026-04-16 10:19:38.699] [Info] Sesja C442502A zakonczona. Bledy: 2
