================================================================================
SharePoint Permission Analyzer - Log skanowania
Data:    2026-04-16 13:00:51
Serwer:  MOSSWFESE
Uzytkownik: TEST\lab.m.radziszewski
================================================================================
[2026-04-16 13:00:51.428] [Info] ============================================================
[2026-04-16 13:00:51.459] [Info] SharePoint Permission Analyzer v1.0 - Sesja: 0C07E3C8
[2026-04-16 13:00:51.480] [Info] Poczatek skanowania: 2026-04-16 13:00:51
[2026-04-16 13:00:51.491] [Info] Konfiguracja: E:\AdminData\Analizator uprawnień\Analizator uprawnień\PowerShell\Config\ScanConfig.json
[2026-04-16 13:00:51.495] [Info] ============================================================
[2026-04-16 13:00:55.303] [Info] Weryfikacja uprawnien Farm Admin: OK
[2026-04-16 13:00:55.538] [Info] Farma: SharePoint_Config, Build: 16.0.19127.20338
[2026-04-16 13:00:55.569] [Info] Znaleziono 3 Web Application(s)
[2026-04-16 13:00:57.607] [Info]   WebApp[1] 'SharePoint - osobiste.test.pl' Url='' Type='SPWebApplication'
[2026-04-16 13:00:57.702] [Info] [1/3] Przetwarzam WebApp: https://osobiste.test.pl
[2026-04-16 13:00:57.797] [Info] Skanowanie Web Application: https://osobiste.test.pl
[2026-04-16 13:00:58.002] [Info] Skanowanie Site Collections w https://osobiste.test.pl (SC: 4)
[2026-04-16 13:00:58.960] [Info]  Skanowanie Site Collection: https://osobiste.test.pl
[2026-04-16 13:01:00.706] [Info]   Skanowanie Web: https://osobiste.test.pl
[2026-04-16 13:01:05.978] [Info]  Skanowanie Site Collection: https://osobiste.test.pl/personal/lab_m_radziszewski
[2026-04-16 13:01:06.025] [Info]   Skanowanie Web: https://osobiste.test.pl/personal/lab_m_radziszewski
[2026-04-16 13:01:07.585] [Info]  Skanowanie Site Collection: https://osobiste.test.pl/personal/sp_search
[2026-04-16 13:01:07.647] [Error] Blad skanowania SC https://osobiste.test.pl/personal/sp_search: The following exception occurred while trying to enumerate the collection: "Access is denied. (Exception from HRESULT: 0x80070005 (E_ACCESSDENIED))".
[2026-04-16 13:01:07.788] [Info]  Skanowanie Site Collection: https://sitemaster-fd6313d0-aba0-4722-a4a4-d4f8afafe96c
[2026-04-16 13:01:07.866] [Error] Blad skanowania SC https://sitemaster-fd6313d0-aba0-4722-a4a4-d4f8afafe96c: The following exception occurred while trying to enumerate the collection: "Access is denied. (Exception from HRESULT: 0x80070005 (E_ACCESSDENIED))".
[2026-04-16 13:01:07.929] [Info]   WebApp[2] 'SharePoint - portalse.test.pl' Url='' Type='SPWebApplication'
[2026-04-16 13:01:07.976] [Info] [2/3] Przetwarzam WebApp: https://portalse.test.pl
[2026-04-16 13:01:07.976] [Info] Skanowanie Web Application: https://portalse.test.pl
[2026-04-16 13:01:08.007] [Info] Skanowanie Site Collections w https://portalse.test.pl (SC: 1)
[2026-04-16 13:01:08.070] [Info]  Skanowanie Site Collection: https://portalse.test.pl
[2026-04-16 13:01:08.210] [Info]   Skanowanie Web: https://portalse.test.pl
[2026-04-16 13:01:10.436] [Info]   WebApp[3] 'SharePoint - site.test.pl' Url='' Type='SPWebApplication'
[2026-04-16 13:01:10.451] [Info] [3/3] Przetwarzam WebApp: http://site.test.pl
[2026-04-16 13:01:10.460] [Info] Skanowanie Web Application: http://site.test.pl
[2026-04-16 13:01:10.467] [Info] Skanowanie Site Collections w http://site.test.pl (SC: 1)
[2026-04-16 13:01:10.530] [Info]  Skanowanie Site Collection: http://site.test.pl
[2026-04-16 13:01:10.648] [Info]   Skanowanie Web: http://site.test.pl
[2026-04-16 13:01:10.991] [Info]   Skanowanie Web: http://site.test.pl/subsite
[2026-04-16 13:01:11.585] [Info]   Skanowanie Web: http://site.test.pl/subsite/subsite1
[2026-04-16 13:01:11.793] [Info]   Skanowanie Web: http://site.test.pl/subsite/subsite2
[2026-04-16 13:01:12.023] [Info] Laczna liczba obiektow: 107
[2026-04-16 13:01:12.054] [Info] Statystyki: WebApps=3, SC=6, Webs=7, Lists=30, Items=61
[2026-04-16 13:01:12.189] [Info] Skanowanie zakonczone. Czas: 00:00:20. Obiektow: 107. Przypizan: 84
[2026-04-16 13:01:12.284] [Info] Eksport JSON: E:\AdminData\Analizator uprawnień\Analizator uprawnień\PowerShell\Output\PermissionReport_2026-04-16_13-00-51.json
[2026-04-16 13:01:12.757] [Info] Eksport CSV: E:\AdminData\Analizator uprawnień\Analizator uprawnień\PowerShell\Output\PermissionReport_2026-04-16_13-00-51.csv
[2026-04-16 13:01:12.804] [Info] Generowanie raportu HTML...
[2026-04-16 13:01:12.851] [Info]   Szablon: E:\AdminData\Analizator uprawnień\Analizator uprawnień\Report
[2026-04-16 13:01:12.867] [Info]   Wyjscie: E:\AdminData\Analizator uprawnień\Analizator uprawnień\PowerShell\Output\Report_2026-04-16_13-00-51
[2026-04-16 13:01:12.961] [Info] Generowanie data.js...
[2026-04-16 13:01:12.993] [Info] data.js wygenerowany: E:\AdminData\Analizator uprawnień\Analizator uprawnień\PowerShell\Output\Report_2026-04-16_13-00-51\data.js (152 KB)
[2026-04-16 13:01:13.056] [Info] Raport HTML wygenerowany: E:\AdminData\Analizator uprawnień\Analizator uprawnień\PowerShell\Output\Report_2026-04-16_13-00-51
[2026-04-16 13:01:13.071] [Info] Raport HTML: E:\AdminData\Analizator uprawnień\Analizator uprawnień\PowerShell\Output\Report_2026-04-16_13-00-51\index.html
[2026-04-16 13:01:35.524] [Info] Rozpoczecie publikacji raportu HTML do SharePoint: https://portalse.test.pl/RaportySP
[2026-04-16 13:01:50.119] [Info] Raport opublikowany w SharePoint: https://portalse.test.pl/RaportySP/Report_2026-04-16_13-00-51/index.html
[2026-04-16 13:01:50.124] [Info] Sesja 0C07E3C8 zakonczona. Bledy: 2
