================================================================================
SharePoint Permission Analyzer - Log skanowania
Data:    2026-04-20 07:54:46
Serwer:  MOSSWFESE
Uzytkownik: TEST\lab.m.radziszewski
================================================================================
[2026-04-20 07:54:46.327] [Info] ============================================================
[2026-04-20 07:54:46.327] [Info] SharePoint Permission Analyzer v1.0 - Sesja: B0DCB89E
[2026-04-20 07:54:46.342] [Info] Poczatek skanowania: 2026-04-20 07:54:46
[2026-04-20 07:54:46.342] [Info] Konfiguracja: E:\AdminData\Analizator uprawnień\Analizator uprawnień\PowerShell\Config\ScanConfig.json
[2026-04-20 07:54:46.405] [Info] ============================================================
[2026-04-20 07:54:46.420] [Info] Weryfikacja uprawnien Farm Admin: OK
[2026-04-20 07:54:46.499] [Info] Farma: SharePoint_Config, Build: 16.0.19127.20338
[2026-04-20 07:54:46.499] [Info] Znaleziono 3 Web Application(s)
[2026-04-20 07:54:46.514] [Info]   WebApp[1] 'SharePoint - osobiste.test.pl' Url='https://osobiste.test.pl/' Type='SPWebApplication'
[2026-04-20 07:54:46.530] [Info] [1/3] Przetwarzam WebApp: https://osobiste.test.pl
[2026-04-20 07:54:46.530] [Info] Skanowanie Web Application: https://osobiste.test.pl
[2026-04-20 07:54:46.608] [Info] Skanowanie Site Collections w https://osobiste.test.pl (SC: 4)
[2026-04-20 07:54:46.671] [Info]  Skanowanie Site Collection: https://osobiste.test.pl
[2026-04-20 07:54:46.733] [Info]   Skanowanie Web: https://osobiste.test.pl
[2026-04-20 07:54:47.157] [Info]  Skanowanie Site Collection: https://osobiste.test.pl/personal/lab_m_radziszewski
[2026-04-20 07:54:47.204] [Info]   Skanowanie Web: https://osobiste.test.pl/personal/lab_m_radziszewski
[2026-04-20 07:54:47.725] [Info]  Skanowanie Site Collection: https://osobiste.test.pl/personal/sp_search
[2026-04-20 07:54:47.756] [Error] Blad skanowania SC https://osobiste.test.pl/personal/sp_search: The following exception occurred while trying to enumerate the collection: "Access is denied. (Exception from HRESULT: 0x80070005 (E_ACCESSDENIED))".
[2026-04-20 07:54:47.858] [Info]  Skanowanie Site Collection: https://sitemaster-fd6313d0-aba0-4722-a4a4-d4f8afafe96c
[2026-04-20 07:54:47.931] [Error] Blad skanowania SC https://sitemaster-fd6313d0-aba0-4722-a4a4-d4f8afafe96c: The following exception occurred while trying to enumerate the collection: "Access is denied. (Exception from HRESULT: 0x80070005 (E_ACCESSDENIED))".
[2026-04-20 07:54:47.983] [Info]   WebApp[2] 'SharePoint - portalse.test.pl' Url='https://portalse.test.pl/' Type='SPWebApplication'
[2026-04-20 07:54:47.994] [Info] [2/3] Przetwarzam WebApp: https://portalse.test.pl
[2026-04-20 07:54:47.994] [Info] Skanowanie Web Application: https://portalse.test.pl
[2026-04-20 07:54:48.073] [Info] Skanowanie Site Collections w https://portalse.test.pl (SC: 1)
[2026-04-20 07:54:48.120] [Info]  Skanowanie Site Collection: https://portalse.test.pl
[2026-04-20 07:54:48.170] [Info]   Skanowanie Web: https://portalse.test.pl
[2026-04-20 07:54:49.552] [Info]   WebApp[3] 'SharePoint - site.test.pl' Url='http://site.test.pl/' Type='SPWebApplication'
[2026-04-20 07:54:49.567] [Info] [3/3] Przetwarzam WebApp: http://site.test.pl
[2026-04-20 07:54:49.577] [Info] Skanowanie Web Application: http://site.test.pl
[2026-04-20 07:54:49.599] [Info] Skanowanie Site Collections w http://site.test.pl (SC: 1)
[2026-04-20 07:54:49.709] [Info]  Skanowanie Site Collection: http://site.test.pl
[2026-04-20 07:54:49.773] [Info]   Skanowanie Web: http://site.test.pl
[2026-04-20 07:54:50.105] [Info]   Skanowanie Web: http://site.test.pl/subsite
[2026-04-20 07:54:50.577] [Info]   Skanowanie Web: http://site.test.pl/subsite/subsite1
[2026-04-20 07:54:50.708] [Info]   Skanowanie Web: http://site.test.pl/subsite/subsite2
[2026-04-20 07:54:50.835] [Info] Laczna liczba obiektow: 106
[2026-04-20 07:54:50.851] [Info] Statystyki: WebApps=3, SC=6, Webs=7, Lists=30, Items=60
[2026-04-20 07:54:50.866] [Info] Skanowanie zakonczone. Czas: 00:00:04. Obiektow: 106. Przypizan: 94
[2026-04-20 07:54:50.977] [Info] Eksport JSON: E:\AdminData\Analizator uprawnień\Analizator uprawnień\PowerShell\Output\PermissionReport_2026-04-20_07-54-46.json
[2026-04-20 07:54:51.151] [Info] Eksport CSV: E:\AdminData\Analizator uprawnień\Analizator uprawnień\PowerShell\Output\PermissionReport_2026-04-20_07-54-46.csv
[2026-04-20 07:54:51.420] [Info] Wersjonowanie: +0 / -0 / ~1
[2026-04-20 07:54:51.420] [Info] Generowanie raportu HTML...
[2026-04-20 07:54:51.436] [Info]   Szablon: E:\AdminData\Analizator uprawnień\Analizator uprawnień\Report
[2026-04-20 07:54:51.436] [Info]   Wyjscie: E:\AdminData\Analizator uprawnień\Analizator uprawnień\PowerShell\Output\Report
[2026-04-20 07:54:51.468] [Info] Generowanie data.js...
[2026-04-20 07:54:51.500] [Info] data.js wygenerowany: E:\AdminData\Analizator uprawnień\Analizator uprawnień\PowerShell\Output\Report\data.js (157 KB)
[2026-04-20 07:54:51.516] [Info] Raport HTML wygenerowany: E:\AdminData\Analizator uprawnień\Analizator uprawnień\PowerShell\Output\Report
[2026-04-20 07:54:51.516] [Info] Raport HTML: E:\AdminData\Analizator uprawnień\Analizator uprawnień\PowerShell\Output\Report\index.html
[2026-04-20 07:55:13.344] [Info] Rozpoczecie publikacji raportu HTML do SharePoint: https://portalse.test.pl/RaportySP
[2026-04-20 07:55:16.703] [Info] Raport opublikowany w SharePoint: https://portalse.test.pl/RaportySP/Report/index.html
[2026-04-20 07:55:16.703] [Info] Sesja B0DCB89E zakonczona. Bledy: 2
